"../../../../UnrealProjects/Bambu/project/Content/ThirdPersonBP/MapPlay.uasset" 0
"../../../../UnrealProjects/Bambu/project/Content/MapPlay.uasset" 1
"../../../../UnrealProjects/Bambu/project/Content/ThirdPersonBP/Maps/MapPlay_BuiltData.uasset" 2
"../../../../UnrealProjects/Bambu/project/Content/MapPlay_BuiltData.uasset" 3
"../../../../UnrealProjects/Bambu/project/Content/Mannequin/Character/Mesh/UE4_Mannequin_Skeleton.uasset" 4
"../../../../UnrealProjects/Bambu/project/Content/Mannequin/Animations/ThirdPersonJump_End.uasset" 5
"../../../Engine/Content/Animation/DefaultAnimBoneCompressionSettings.uasset" 6
"../../../../UnrealProjects/Bambu/project/Content/Mannequin/Lola/character/Lola_B_Styperek_Skeleton.uasset" 7
"../../../../UnrealProjects/Bambu/project/Content/Mannequin/Lola/animations/walk_inPlace.uasset" 8
"../../../../UnrealProjects/Bambu/project/Content/Mannequin/Lola/character/Lola_B_Styperek_Anim_mixamo_com.uasset" 9
"../../../../UnrealProjects/Bambu/project/Content/Mannequin/Lola/character/Lola_B_Styperek_Anim_Take_001.uasset" 10
"../../../../UnrealProjects/Bambu/project/Content/SCK_Casual01/Mannequin/Character/Mesh/UE4_Mannequin_Skeleton.uasset" 11
"../../../../UnrealProjects/Bambu/project/Content/SCK_Casual01/Mannequin/Animations/ThirdPerson_Jump.uasset" 12
"../../../../UnrealProjects/Bambu/project/Content/SCK_Casual01/Mannequin/Animations/ThirdPersonJump_Loop.uasset" 13
"../../../../UnrealProjects/Bambu/project/Content/SCK_Casual01/Mannequin/Animations/ThirdPersonJump_Start.uasset" 14
"../../../../UnrealProjects/Bambu/project/Content/SCK_Casual01/Mannequin/Animations/ThirdPersonIdle.uasset" 15
"../../../../UnrealProjects/Bambu/project/Content/SCK_Casual01/Mannequin/Animations/ThirdPersonRun.uasset" 16
"../../../../UnrealProjects/Bambu/project/Content/SCK_Casual01/Mannequin/Animations/ThirdPersonWalk.uasset" 17
"../../../../UnrealProjects/Bambu/project/Content/SCK_Casual01/Mannequin/Animations/ThirdPerson_IdleRun_2D.uasset" 18
"../../../Engine/Content/EditorBlueprintResources/StandardMacros.uasset" 19
"../../../../UnrealProjects/Bambu/project/Content/SCK_Casual01/Mannequin/Animations/ThirdPerson_AnimBP.uasset" 20
"../../../Engine/Content/Functions/Engine_MaterialFunctions02/Utility/BlendAngleCorrectedNormals.uasset" 21
"../../../Engine/Content/Functions/MaterialLayerFunctions/MatLayerBlend_NormalBlend.uasset" 22
"../../../Engine/Content/Functions/MaterialLayerFunctions/MatLayerBlend_Simple.uasset" 23
"../../../../UnrealProjects/Bambu/project/Content/SCK_Casual01/Mannequin/Character/Materials/MaterialLayers/T_ML_Rubber_Blue_01_D.uasset" 24
"../../../../UnrealProjects/Bambu/project/Content/SCK_Casual01/Mannequin/Character/Materials/MaterialLayers/T_ML_Rubber_Blue_01_N.uasset" 25
"../../../../UnrealProjects/Bambu/project/Content/SCK_Casual01/Mannequin/Character/Materials/MaterialLayers/ML_GlossyBlack_Latex_UE4.uasset" 26
"../../../../UnrealProjects/Bambu/project/Content/SCK_Casual01/Mannequin/Character/Materials/MaterialLayers/ML_Plastic_Shiny_Beige.uasset" 27
"../../../../UnrealProjects/Bambu/project/Content/SCK_Casual01/Mannequin/Character/Textures/UE4_LOGO_CARD.uasset" 28
"../../../../UnrealProjects/Bambu/project/Content/SCK_Casual01/Mannequin/Character/Materials/MaterialLayers/ML_Plastic_Shiny_Beige_LOGO.uasset" 29
"../../../../UnrealProjects/Bambu/project/Content/SCK_Casual01/Mannequin/Character/Materials/MaterialLayers/T_ML_Aluminum01.uasset" 30
"../../../../UnrealProjects/Bambu/project/Content/SCK_Casual01/Mannequin/Character/Materials/MaterialLayers/T_ML_Aluminum01_N.uasset" 31
"../../../../UnrealProjects/Bambu/project/Content/SCK_Casual01/Mannequin/Character/Materials/MaterialLayers/ML_SoftMetal_UE4.uasset" 32
"../../../../UnrealProjects/Bambu/project/Content/SCK_Casual01/Mannequin/Character/Textures/UE4_Mannequin__normals.uasset" 33
"../../../../UnrealProjects/Bambu/project/Content/SCK_Casual01/Mannequin/Character/Textures/UE4_Mannequin_MAT_MASKA.uasset" 34
"../../../../UnrealProjects/Bambu/project/Content/SCK_Casual01/Mannequin/Character/Materials/M_UE4Man_Body.uasset" 35
"../../../../UnrealProjects/Bambu/project/Content/SCK_Casual01/Mannequin/Character/Textures/UE4Man_Logo_N.uasset" 36
"../../../../UnrealProjects/Bambu/project/Content/SCK_Casual01/Mannequin/Character/Materials/M_UE4Man_ChestLogo.uasset" 37
"../../../../UnrealProjects/Bambu/project/Content/SCK_Casual01/Mannequin/Character/Mesh/SK_Mannequin_PhysicsAsset.uasset" 38
"../../../../UnrealProjects/Bambu/project/Content/SCK_Casual01/Mannequin/Character/Mesh/SK_Mannequin.uasset" 39
"../../../../UnrealProjects/Bambu/project/Content/SCK_Casual01/Blueprints/ThirdPersonCharacter.uasset" 40
"../../../../UnrealProjects/Bambu/project/Content/SCK_Casual01/Blueprints/ThirdPersonGameMode.uasset" 41
"../../../../UnrealProjects/Bambu/project/Content/SCK_Casual01/Mannequin/Animations/ThirdPersonJump_End.uasset" 42
"../../../Engine/Content/Functions/Engine_MaterialFunctions02/Texturing/ScreenAlignedPixelToPixelUVs.uasset" 43
"../../../Engine/Content/EngineMaterials/Good64x64TilingNoiseHighFreq.uasset" 44
"../../../Engine/Content/Functions/Engine_MaterialFunctions02/Utility/DitherTemporalAA.uasset" 45
"../../../../UnrealProjects/Bambu/project/Content/SCK_Casual01/Textures/T_02/TEX_T_02_D_1.uasset" 46
"../../../../UnrealProjects/Bambu/project/Content/SCK_Casual01/Textures/T_02/TEX_T_02_M.uasset" 47
"../../../../UnrealProjects/Bambu/project/Content/SCK_Casual01/Textures/T_02/TEX_T_02_N.uasset" 48
"../../../../UnrealProjects/Bambu/project/Content/SCK_Casual01/Textures/T_02/TEX_T_02_R.uasset" 49
"../../../../UnrealProjects/Bambu/project/Content/SCK_Casual01/Textures/T_02/TEX_T_02_S.uasset" 50
"../../../../UnrealProjects/Bambu/project/Content/SCK_Casual01/Materials/Master_Materials/MAT_T_02.uasset" 51
"../../../../UnrealProjects/Bambu/project/Content/SCK_Casual01/Textures/A_01/TEX_A_01_D_1.uasset" 52
"../../../../UnrealProjects/Bambu/project/Content/SCK_Casual01/Textures/A_01/TEX_A_01_M.uasset" 53
"../../../../UnrealProjects/Bambu/project/Content/SCK_Casual01/Textures/A_01/TEX_A_01_N.uasset" 54
"../../../../UnrealProjects/Bambu/project/Content/SCK_Casual01/Textures/A_01/TEX_A_01_R.uasset" 55
"../../../../UnrealProjects/Bambu/project/Content/SCK_Casual01/Textures/A_01/TEX_A_01_S.uasset" 56
"../../../../UnrealProjects/Bambu/project/Content/SCK_Casual01/Materials/Master_Materials/MAT_A_01.uasset" 57
"../../../../UnrealProjects/Bambu/project/Content/SCK_Casual01/Materials/Material_Instances/Mi_A_01_1.uasset" 58
"../../../../UnrealProjects/Bambu/project/Content/SCK_Casual01/Textures/A_01/TEX_A_01_D_0.uasset" 59
"../../../../UnrealProjects/Bambu/project/Content/SCK_Casual01/Textures/A_01/TEX_A_01_ID.uasset" 60
"../../../../UnrealProjects/Bambu/project/Content/SCK_Casual01/Textures/A_02/TEX_A_02_D_0.uasset" 61
"../../../../UnrealProjects/Bambu/project/Content/SCK_Casual01/Textures/A_02/TEX_A_02_ID.uasset" 62
"../../../../UnrealProjects/Bambu/project/Content/SCK_Casual01/Textures/A_03/TEX_A_03_D_0.uasset" 63
"../../../../UnrealProjects/Bambu/project/Content/SCK_Casual01/Textures/A_03/TEX_A_03_ID.uasset" 64
"../../../../UnrealProjects/Bambu/project/Content/SCK_Casual01/Textures/A_04/TEX_A_04_D_0.uasset" 65
"../../../../UnrealProjects/Bambu/project/Content/SCK_Casual01/Textures/A_04/TEX_A_04_ID.uasset" 66
"../../../../UnrealProjects/Bambu/project/Content/SCK_Casual01/Textures/Environment_Textures/Inprojectpromo.uasset" 67
"../../../../UnrealProjects/Bambu/project/Content/SCK_Casual01/Textures/H_A_01/TEX_H_A_01_D_0.uasset" 68
"../../../../UnrealProjects/Bambu/project/Content/SCK_Casual01/Textures/H_A_01/TEX_H_A_01_ID.uasset" 69
"../../../../UnrealProjects/Bambu/project/Content/SCK_Casual01/Textures/L_01/TEX_L_01_D_0.uasset" 70
"../../../../UnrealProjects/Bambu/project/Content/SCK_Casual01/Textures/L_01/TEX_L_01_ID.uasset" 71
"../../../../UnrealProjects/Bambu/project/Content/SCK_Casual01/Textures/T_01/TEX_T_01_D_0.uasset" 72
"../../../../UnrealProjects/Bambu/project/Content/SCK_Casual01/Textures/T_01/TEX_T_01_ID.uasset" 73
"../../../../UnrealProjects/Bambu/project/Content/SCK_Casual01/Textures/T_02/TEX_T_01_ID.uasset" 74
"../../../../UnrealProjects/Bambu/project/Content/SCK_Casual01/Textures/T_03/TEX_T_03_D_0.uasset" 75
"../../../../UnrealProjects/Bambu/project/Content/SCK_Casual01/Textures/T_03/TEX_T_03_D_0E.uasset" 76
"../../../../UnrealProjects/Bambu/project/Content/SCK_Casual01/Textures/T_03/TEX_T_03_ID.uasset" 77
"../../../../UnrealProjects/Bambu/project/Content/StarterContent/Materials/M_Basic_Wall.uasset" 78
"../../../../UnrealProjects/Bambu/project/Content/StarterContent/Architecture/Pillar_50x500.uasset" 79
"../../../../UnrealProjects/Bambu/project/Content/StarterContent/Architecture/Wall_400x300.uasset" 80
"../../../../UnrealProjects/Bambu/project/Content/StarterContent/Architecture/Wall_400x400.uasset" 81
"../../../../UnrealProjects/Bambu/project/Content/StarterContent/Architecture/Wall_500x500.uasset" 82
"../../../../UnrealProjects/Bambu/project/Content/StarterContent/Architecture/Wall_Door_400x400.uasset" 83
"../../../../UnrealProjects/Bambu/project/Content/StarterContent/Architecture/Wall_Window_400x400.uasset" 84
"../../../../UnrealProjects/Bambu/project/Content/StarterContent/Audio/Collapse01.uasset" 85
"../../../../UnrealProjects/Bambu/project/Content/StarterContent/Audio/Collapse02.uasset" 86
"../../../../UnrealProjects/Bambu/project/Content/StarterContent/Audio/Explosion02.uasset" 87
"../../../../UnrealProjects/Bambu/project/Content/StarterContent/Audio/Fire01.uasset" 88
"../../../../UnrealProjects/Bambu/project/Content/StarterContent/Audio/Fire_Sparks01.uasset" 89
"../../../../UnrealProjects/Bambu/project/Content/StarterContent/Audio/Light01.uasset" 90
"../../../../UnrealProjects/Bambu/project/Content/StarterContent/Audio/Light01_Cue.uasset" 91
"../../../../UnrealProjects/Bambu/project/Content/StarterContent/Audio/Light02.uasset" 92
"../../../../UnrealProjects/Bambu/project/Content/StarterContent/Audio/Light02_Cue.uasset" 93
"../../../../UnrealProjects/Bambu/project/Content/StarterContent/Audio/Smoke01.uasset" 94
"../../../../UnrealProjects/Bambu/project/Content/StarterContent/Audio/Starter_Birds01.uasset" 95
"../../../../UnrealProjects/Bambu/project/Content/StarterContent/Audio/Starter_Music01.uasset" 96
"../../../../UnrealProjects/Bambu/project/Content/StarterContent/Audio/Starter_Wind05.uasset" 97
"../../../../UnrealProjects/Bambu/project/Content/StarterContent/Audio/Starter_Wind06.uasset" 98
"../../../../UnrealProjects/Bambu/project/Content/StarterContent/Audio/Steam01.uasset" 99
"../../../../UnrealProjects/Bambu/project/Content/StarterContent/Audio/Explosion_Cue.uasset" 100
"../../../../UnrealProjects/Bambu/project/Content/StarterContent/Textures/T_Burst_M.uasset" 101
"../../../../UnrealProjects/Bambu/project/Content/StarterContent/Particles/Materials/M_Burst.uasset" 102
"../../../../UnrealProjects/Bambu/project/Content/StarterContent/Textures/T_Explosion_SubUV.uasset" 103
"../../../../UnrealProjects/Bambu/project/Content/StarterContent/Particles/Materials/M_explosion_subUV.uasset" 104
"../../../../UnrealProjects/Bambu/project/Content/StarterContent/Particles/Materials/m_flare_01.uasset" 105
"../../../Engine/Content/Functions/Engine_MaterialFunctions01/Gradient/RadialGradient.uasset" 106
"../../../../UnrealProjects/Bambu/project/Content/StarterContent/Particles/Materials/M_radial_ramp.uasset" 107
"../../../../UnrealProjects/Bambu/project/Content/StarterContent/Textures/T_Smoke_SubUV.uasset" 108
"../../../../UnrealProjects/Bambu/project/Content/StarterContent/Textures/T_Smoke_Tiled_D.uasset" 109
"../../../../UnrealProjects/Bambu/project/Content/StarterContent/Particles/Materials/M_smoke_subUV.uasset" 110
"../../../../UnrealProjects/Bambu/project/Content/StarterContent/Particles/P_Explosion.uasset" 111
"../../../../UnrealProjects/Bambu/project/Content/StarterContent/Blueprints/Blueprint_Effect_Explosion.uasset" 112
"../../../Engine/Content/EditorMeshes/ColorCalibrator/T_ColorGrid.uasset" 113
"../../../../UnrealProjects/Bambu/project/Content/StarterContent/Materials/M_ColorGrid_LowSpec.uasset" 114
"../../../../UnrealProjects/Bambu/project/Content/StarterContent/Textures/T_Bush_D.uasset" 115
"../../../../UnrealProjects/Bambu/project/Content/StarterContent/Textures/T_Bush_N.uasset" 116
"../../../../UnrealProjects/Bambu/project/Content/StarterContent/Props/Materials/M_Bush.uasset" 117
"../../../../UnrealProjects/Bambu/project/Content/StarterContent/Props/SM_Bush.uasset" 118
"../../../../UnrealProjects/Bambu/project/Content/StarterContent/Textures/T_Chair_M.uasset" 119
"../../../../UnrealProjects/Bambu/project/Content/StarterContent/Textures/T_Chair_N.uasset" 120
"../../../../UnrealProjects/Bambu/project/Content/StarterContent/Props/Materials/M_Chair.uasset" 121
"../../../../UnrealProjects/Bambu/project/Content/StarterContent/Props/SM_Couch.uasset" 122
"../../../../UnrealProjects/Bambu/project/Content/StarterContent/Materials/M_Glass.uasset" 123
"../../../../UnrealProjects/Bambu/project/Content/StarterContent/Textures/T_Door_M.uasset" 124
"../../../../UnrealProjects/Bambu/project/Content/StarterContent/Textures/T_Door_N.uasset" 125
"../../../../UnrealProjects/Bambu/project/Content/StarterContent/Props/Materials/M_Door.uasset" 126
"../../../../UnrealProjects/Bambu/project/Content/StarterContent/Props/SM_Door.uasset" 127
"../../../../UnrealProjects/Bambu/project/Content/StarterContent/Props/Materials/M_MaterialSphere.uasset" 128
"../../../../UnrealProjects/Bambu/project/Content/StarterContent/Props/Materials/M_MaterialSphere_Plain.uasset" 129
"../../../../UnrealProjects/Bambu/project/Content/StarterContent/Props/SM_MatPreviewMesh_02.uasset" 130
"../../../../UnrealProjects/Bambu/project/Content/StarterContent/Textures/T_Detail_Rocky_N.uasset" 131
"../../../../UnrealProjects/Bambu/project/Content/StarterContent/Textures/T_Rock_Basalt_D.uasset" 132
"../../../../UnrealProjects/Bambu/project/Content/StarterContent/Textures/T_RockMesh_M.uasset" 133
"../../../../UnrealProjects/Bambu/project/Content/StarterContent/Textures/T_RockMesh_N.uasset" 134
"../../../../UnrealProjects/Bambu/project/Content/StarterContent/Props/Materials/M_Rock.uasset" 135
"../../../../UnrealProjects/Bambu/project/Content/StarterContent/Props/SM_Rock.uasset" 136
"../../../../UnrealProjects/Bambu/project/Content/StarterContent/Textures/T_Shelf_M.uasset" 137
"../../../../UnrealProjects/Bambu/project/Content/StarterContent/Textures/T_Shelf_N.uasset" 138
"../../../../UnrealProjects/Bambu/project/Content/StarterContent/Props/Materials/M_Shelf.uasset" 139
"../../../../UnrealProjects/Bambu/project/Content/StarterContent/Props/SM_Shelf.uasset" 140
"../../../../UnrealProjects/Bambu/project/Content/StarterContent/Materials/M_Basic_Floor.uasset" 141
"../../../../UnrealProjects/Bambu/project/Content/StarterContent/Props/SM_Stairs.uasset" 142
"../../../../UnrealProjects/Bambu/project/Content/StarterContent/Shapes/Shape_Cone.uasset" 143
"../../../../UnrealProjects/Bambu/project/Content/StarterContent/Shapes/Shape_Cylinder.uasset" 144
"../../../../UnrealProjects/Bambu/project/Content/StarterContent/Shapes/Shape_NarrowCapsule.uasset" 145
"../../../../UnrealProjects/Bambu/project/Content/StarterContent/Shapes/Shape_Pipe.uasset" 146
"../../../../UnrealProjects/Bambu/project/Content/StarterContent/Shapes/Shape_Pipe_180.uasset" 147
"../../../../UnrealProjects/Bambu/project/Content/StarterContent/Shapes/Shape_Pipe_90.uasset" 148
"../../../../UnrealProjects/Bambu/project/Content/StarterContent/Shapes/Shape_Plane.uasset" 149
"../../../../UnrealProjects/Bambu/project/Content/StarterContent/Shapes/Shape_Trim.uasset" 150
"../../../../UnrealProjects/Bambu/project/Content/StarterContent/Shapes/Shape_Trim_90_In.uasset" 151
"../../../../UnrealProjects/Bambu/project/Content/StarterContent/Shapes/Shape_Trim_90_Out.uasset" 152
"../../../../UnrealProjects/Bambu/project/Content/StarterContent/Shapes/Shape_TriPyramid.uasset" 153
"../../../../UnrealProjects/Bambu/project/Content/StarterContent/Shapes/Shape_Tube.uasset" 154
"../../../../UnrealProjects/Bambu/project/Content/StarterContent/Shapes/Shape_Wedge_A.uasset" 155
"../../../../UnrealProjects/Bambu/project/Content/StarterContent/Shapes/Shape_WideCapsule.uasset" 156
"../../../../UnrealProjects/Bambu/project/Content/ThirdPersonBP/ThirdPersonOverview.uasset" 157
"../../../../UnrealProjects/Bambu/project/Content/Mannequin/Animations/ThirdPerson_Jump.uasset" 158
"../../../../UnrealProjects/Bambu/project/Content/Mannequin/Animations/ThirdPersonJump_Loop.uasset" 159
"../../../../UnrealProjects/Bambu/project/Content/Mannequin/Animations/ThirdPersonJump_Start.uasset" 160
"../../../../UnrealProjects/Bambu/project/Content/Mannequin/Animations/ThirdPersonIdle.uasset" 161
"../../../../UnrealProjects/Bambu/project/Content/Mannequin/Animations/ThirdPersonRun.uasset" 162
"../../../../UnrealProjects/Bambu/project/Content/Mannequin/Animations/ThirdPersonWalk.uasset" 163
"../../../../UnrealProjects/Bambu/project/Content/Mannequin/Animations/ThirdPerson_IdleRun_2D.uasset" 164
"../../../../UnrealProjects/Bambu/project/Content/Mannequin/Animations/ThirdPerson_AnimBP.uasset" 165
"../../../../UnrealProjects/Bambu/project/Content/Mannequin/Lola/animations/jump_inPlace.uasset" 166
"../../../../UnrealProjects/Bambu/project/Content/Mannequin/Lola/animations/idle.uasset" 167
"../../../../UnrealProjects/Bambu/project/Content/Mannequin/Lola/animations/standard_run_inPlace.uasset" 168
"../../../../UnrealProjects/Bambu/project/Content/Mannequin/Lola/animations/LolaBlend.uasset" 169
"../../../../UnrealProjects/Bambu/project/Content/Mannequin/Lola/animations/LolaAnimeBP.uasset" 170
"../../../../UnrealProjects/Bambu/project/Content/ThirdPersonBP/Blueprints/SaveGameRun.uasset" 171
"../../../../UnrealProjects/Bambu/project/Content/StarterContent/Textures/T_Perlin_Noise_M.uasset" 172
"../../../../UnrealProjects/Bambu/project/Content/StarterContent/Textures/T_Water_M.uasset" 173
"../../../../UnrealProjects/Bambu/project/Content/StarterContent/Textures/T_Water_N.uasset" 174
"../../../../UnrealProjects/Bambu/project/Content/StarterContent/Materials/M_Water_Ocean.uasset" 175
"../../../../UnrealProjects/Bambu/project/Content/Mannequin/Character/Materials/MaterialLayers/T_ML_Rubber_Blue_01_D.uasset" 176
"../../../../UnrealProjects/Bambu/project/Content/Mannequin/Character/Materials/MaterialLayers/T_ML_Rubber_Blue_01_N.uasset" 177
"../../../../UnrealProjects/Bambu/project/Content/Mannequin/Character/Materials/MaterialLayers/ML_GlossyBlack_Latex_UE4.uasset" 178
"../../../../UnrealProjects/Bambu/project/Content/Mannequin/Character/Materials/MaterialLayers/ML_Plastic_Shiny_Beige.uasset" 179
"../../../../UnrealProjects/Bambu/project/Content/Mannequin/Character/Textures/UE4_LOGO_CARD.uasset" 180
"../../../../UnrealProjects/Bambu/project/Content/Mannequin/Character/Materials/MaterialLayers/ML_Plastic_Shiny_Beige_LOGO.uasset" 181
"../../../../UnrealProjects/Bambu/project/Content/Mannequin/Character/Materials/MaterialLayers/T_ML_Aluminum01.uasset" 182
"../../../../UnrealProjects/Bambu/project/Content/Mannequin/Character/Materials/MaterialLayers/T_ML_Aluminum01_N.uasset" 183
"../../../../UnrealProjects/Bambu/project/Content/Mannequin/Character/Materials/MaterialLayers/ML_SoftMetal_UE4.uasset" 184
"../../../../UnrealProjects/Bambu/project/Content/Mannequin/Character/Textures/UE4_Mannequin__normals.uasset" 185
"../../../../UnrealProjects/Bambu/project/Content/Mannequin/Character/Textures/UE4_Mannequin_MAT_MASKA.uasset" 186
"../../../../UnrealProjects/Bambu/project/Content/Mannequin/Character/Materials/M_UE4Man_Body.uasset" 187
"../../../../UnrealProjects/Bambu/project/Content/Mannequin/Character/Textures/UE4Man_Logo_N.uasset" 188
"../../../../UnrealProjects/Bambu/project/Content/Mannequin/Character/Materials/M_UE4Man_ChestLogo.uasset" 189
"../../../../UnrealProjects/Bambu/project/Content/Mannequin/Character/Mesh/SK_Mannequin_PhysicsAsset.uasset" 190
"../../../../UnrealProjects/Bambu/project/Content/Mannequin/Character/Mesh/SK_Mannequin.uasset" 191
"../../../../UnrealProjects/Bambu/project/Content/Mannequin/Lola/character/lola_diffuse.uasset" 192
"../../../../UnrealProjects/Bambu/project/Content/Mannequin/Lola/character/lola_normal.uasset" 193
"../../../../UnrealProjects/Bambu/project/Content/Mannequin/Lola/character/lola_specular.uasset" 194
"../../../../UnrealProjects/Bambu/project/Content/Mannequin/Lola/character/phong1.uasset" 195
"../../../../UnrealProjects/Bambu/project/Content/Mannequin/Lola/character/Lola_B_Styperek_PhysicsAsset.uasset" 196
"../../../../UnrealProjects/Bambu/project/Content/Mannequin/Lola/character/Lola_B_Styperek.uasset" 197
"../../../../UnrealProjects/Bambu/project/Content/StarterContent/Audio/Explosion01.uasset" 198
"../../../../UnrealProjects/Bambu/project/Content/ThirdPersonBP/Materials/Nao.uasset" 199
"../../../../UnrealProjects/Bambu/project/Content/ThirdPersonBP/Materials/NaoPressionado.uasset" 200
"../../../../UnrealProjects/Bambu/project/Content/ThirdPersonBP/Materials/Resumir.uasset" 201
"../../../../UnrealProjects/Bambu/project/Content/ThirdPersonBP/Materials/ResumirPressionado.uasset" 202
"../../../../UnrealProjects/Bambu/project/Content/ThirdPersonBP/Materials/RetornarMenu.uasset" 203
"../../../../UnrealProjects/Bambu/project/Content/ThirdPersonBP/Materials/RetornarMenuPressionado.uasset" 204
"../../../../UnrealProjects/Bambu/project/Content/ThirdPersonBP/Materials/Sim.uasset" 205
"../../../../UnrealProjects/Bambu/project/Content/ThirdPersonBP/Materials/SimPressionado.uasset" 206
"../../../../UnrealProjects/Bambu/project/Content/ThirdPersonBP/HUD/PauseMenuWidget.uasset" 207
"../../../../UnrealProjects/Bambu/project/Content/ThirdPersonBP/Music/holiday.uasset" 208
"../../../../UnrealProjects/Bambu/project/Content/ThirdPersonBP/Music/Panini.uasset" 209
"../../../../UnrealProjects/Bambu/project/Content/ThirdPersonBP/Music/holiday_Cue.uasset" 210
"../../../../UnrealProjects/Bambu/project/Content/ThirdPersonBP/Blueprints/RunCharacter.uasset" 211
"../../../../UnrealProjects/Bambu/project/Content/ThirdPersonBP/Blueprints/ThirdPersonCharacter.uasset" 212
"../../../../UnrealProjects/Bambu/project/Content/StarterContent/Textures/T_Wood_Floor_Walnut_D.uasset" 213
"../../../../UnrealProjects/Bambu/project/Content/StarterContent/Textures/T_Wood_Floor_Walnut_M.uasset" 214
"../../../../UnrealProjects/Bambu/project/Content/StarterContent/Textures/T_Wood_Floor_Walnut_N.uasset" 215
"../../../../UnrealProjects/Bambu/project/Content/StarterContent/Materials/M_Wood_Floor_Walnut_Polished.uasset" 216
"../../../../UnrealProjects/Bambu/project/Content/StarterContent/Textures/T_Statue_M.uasset" 217
"../../../../UnrealProjects/Bambu/project/Content/StarterContent/Textures/T_Statue_N.uasset" 218
"../../../../UnrealProjects/Bambu/project/Content/StarterContent/Props/Materials/M_Statue.uasset" 219
"../../../../UnrealProjects/Bambu/project/Content/StarterContent/Props/Materials/M_StatueGlass.uasset" 220
"../../../../UnrealProjects/Bambu/project/Content/StarterContent/Props/SM_Statue.uasset" 221
"../../../../UnrealProjects/Bambu/project/Content/ThirdPersonBP/Blueprints/BP_Blocker.uasset" 222
"../../../Engine/Content/VREditor/Sounds/UI/Click_on_Button_Cue.uasset" 223
"../../../../UnrealProjects/Bambu/project/Content/StarterContent/Textures/T_MacroVariation.uasset" 224
"../../../../UnrealProjects/Bambu/project/Content/StarterContent/Textures/T_Metal_Gold_D.uasset" 225
"../../../../UnrealProjects/Bambu/project/Content/StarterContent/Textures/T_Metal_Gold_N.uasset" 226
"../../../../UnrealProjects/Bambu/project/Content/StarterContent/Materials/M_Metal_Gold.uasset" 227
"../../../../UnrealProjects/Bambu/project/Content/StarterContent/Shapes/Shape_Torus.uasset" 228
"../../../../UnrealProjects/Bambu/project/Content/ThirdPersonBP/Blueprints/BP_Item.uasset" 229
"../../../Engine/Content/Functions/Engine_MaterialFunctions01/Opacity/CameraDepthFade.uasset" 230
"../../../Engine/Content/EngineMaterials/T_Default_Material_Grid_M.uasset" 231
"../../../Engine/Content/EngineMaterials/T_Default_Material_Grid_N.uasset" 232
"../../../Engine/Content/EngineMaterials/WorldGridMaterial.uasset" 233
"../../../Engine/Content/BasicShapes/Cube1.uasset" 234
"../../../../UnrealProjects/Bambu/project/Content/ThirdPersonBP/Blueprints/BP_Jump.uasset" 235
"../../../../UnrealProjects/Bambu/project/Content/StarterContent/Textures/T_Brick_Clay_Beveled_D.uasset" 236
"../../../../UnrealProjects/Bambu/project/Content/StarterContent/Textures/T_Brick_Clay_Beveled_M.uasset" 237
"../../../../UnrealProjects/Bambu/project/Content/StarterContent/Textures/T_Brick_Clay_Beveled_N.uasset" 238
"../../../../UnrealProjects/Bambu/project/Content/StarterContent/Materials/M_Brick_Clay_Beveled.uasset" 239
"../../../Engine/Content/BasicShapes/Cube.uasset" 240
"../../../../UnrealProjects/Bambu/project/Content/ThirdPersonBP/Blueprints/BP_FloorTile.uasset" 241
"../../../../UnrealProjects/Bambu/project/Content/ThirdPersonBP/Blueprints/BP_FloorTile_LeftCorner.uasset" 242
"../../../../UnrealProjects/Bambu/project/Content/StarterContent/Textures/T_Brick_Cut_Stone_D.uasset" 243
"../../../../UnrealProjects/Bambu/project/Content/StarterContent/Textures/T_Brick_Cut_Stone_N.uasset" 244
"../../../../UnrealProjects/Bambu/project/Content/StarterContent/Materials/M_Brick_Cut_Stone.uasset" 245
"../../../../UnrealProjects/Bambu/project/Content/StarterContent/Shapes/Shape_Wedge_B.uasset" 246
"../../../../UnrealProjects/Bambu/project/Content/ThirdPersonBP/Blueprints/BP_FloorTile_RampDown.uasset" 247
"../../../../UnrealProjects/Bambu/project/Content/ThirdPersonBP/Blueprints/BP_FloorTile_RampUp.uasset" 248
"../../../../UnrealProjects/Bambu/project/Content/ThirdPersonBP/Blueprints/BP_FloorTile_RightCorner.uasset" 249
"../../../../UnrealProjects/Bambu/project/Content/ThirdPersonBP/Blueprints/BP_FloorTile_Spacebetween.uasset" 250
"../../../../UnrealProjects/Bambu/project/Content/ThirdPersonBP/HUD/RunHUD.uasset" 251
"../../../../UnrealProjects/Bambu/project/Content/ThirdPersonBP/Blueprints/RunGameMode.uasset" 252
"../../../../UnrealProjects/Bambu/project/Content/ThirdPersonBP/Blueprints/ThirdPersonGameMode.uasset" 253
"../../../../UnrealProjects/Bambu/project/Content/ThirdPersonBP/Imagens/1280.uasset" 254
"../../../../UnrealProjects/Bambu/project/Content/ThirdPersonBP/Imagens/1280Pressionado.uasset" 255
"../../../../UnrealProjects/Bambu/project/Content/ThirdPersonBP/Imagens/1920.uasset" 256
"../../../../UnrealProjects/Bambu/project/Content/ThirdPersonBP/Imagens/1920Pressionado.uasset" 257
"../../../../UnrealProjects/Bambu/project/Content/ThirdPersonBP/Imagens/640.uasset" 258
"../../../../UnrealProjects/Bambu/project/Content/ThirdPersonBP/Imagens/640Pressionado.uasset" 259
"../../../../UnrealProjects/Bambu/project/Content/ThirdPersonBP/Imagens/Creditos.uasset" 260
"../../../../UnrealProjects/Bambu/project/Content/ThirdPersonBP/Imagens/CreditosPressionado.uasset" 261
"../../../../UnrealProjects/Bambu/project/Content/ThirdPersonBP/Imagens/Jogar.uasset" 262
"../../../../UnrealProjects/Bambu/project/Content/ThirdPersonBP/Imagens/JogarPressionado.uasset" 263
"../../../../UnrealProjects/Bambu/project/Content/ThirdPersonBP/Imagens/Nao.uasset" 264
"../../../../UnrealProjects/Bambu/project/Content/ThirdPersonBP/Imagens/NaoPressionado.uasset" 265
"../../../../UnrealProjects/Bambu/project/Content/ThirdPersonBP/Imagens/Opcoes.uasset" 266
"../../../../UnrealProjects/Bambu/project/Content/ThirdPersonBP/Imagens/OpcoesPressionado.uasset" 267
"../../../../UnrealProjects/Bambu/project/Content/ThirdPersonBP/Imagens/Resumir.uasset" 268
"../../../../UnrealProjects/Bambu/project/Content/ThirdPersonBP/Imagens/ResumirPressionado.uasset" 269
"../../../../UnrealProjects/Bambu/project/Content/ThirdPersonBP/Imagens/RetornarMenu.uasset" 270
"../../../../UnrealProjects/Bambu/project/Content/ThirdPersonBP/Imagens/RetornarMenuPressionado.uasset" 271
"../../../../UnrealProjects/Bambu/project/Content/ThirdPersonBP/Imagens/Sair.uasset" 272
"../../../../UnrealProjects/Bambu/project/Content/ThirdPersonBP/Imagens/SairPressionado.uasset" 273
"../../../../UnrealProjects/Bambu/project/Content/ThirdPersonBP/Imagens/Scoreboard.uasset" 274
"../../../../UnrealProjects/Bambu/project/Content/ThirdPersonBP/Imagens/ScoreboardPressionado.uasset" 275
"../../../../UnrealProjects/Bambu/project/Content/ThirdPersonBP/Imagens/Sim.uasset" 276
"../../../../UnrealProjects/Bambu/project/Content/ThirdPersonBP/Imagens/SimPressionado.uasset" 277
"../../../../UnrealProjects/Bambu/project/Content/ThirdPersonBP/Imagens/TemplatePressionado.uasset" 278
"../../../../UnrealProjects/Bambu/project/Content/ThirdPersonBP/Imagens/Voltar.uasset" 279
"../../../../UnrealProjects/Bambu/project/Content/ThirdPersonBP/Imagens/VoltarPressionado.uasset" 280
"../../../../UnrealProjects/Bambu/project/Content/ThirdPersonBP/Maps/MenuMap_BuildData.uasset" 281
"../../../../UnrealProjects/Bambu/project/Content/ThirdPersonBP/Materials/Creditos.uasset" 282
"../../../../UnrealProjects/Bambu/project/Content/ThirdPersonBP/Materials/CreditosPressionado.uasset" 283
"../../../../UnrealProjects/Bambu/project/Content/ThirdPersonBP/Materials/Scoreboard.uasset" 284
"../../../../UnrealProjects/Bambu/project/Content/ThirdPersonBP/Materials/ScoreboardPressionado.uasset" 285
"../../../../UnrealProjects/Bambu/project/Content/ThirdPersonBP/Materials/Template.uasset" 286
"../../../Engine/Content/Animation/DefaultAnimCurveCompressionSettings.uasset" 287
"../../../Engine/Content/ArtTools/RenderToTexture/Meshes/S_1_Unit_Plane.uasset" 288
"../../../Engine/Content/EngineMaterials/DefaultMaterial.uasset" 289
"../../../Engine/Content/BasicShapes/Cone.uasset" 290
"../../../Engine/Content/BasicShapes/Cylinder.uasset" 291
"../../../Engine/Content/BasicShapes/Plane.uasset" 292
"../../../Engine/Content/BasicShapes/Sphere.uasset" 293
"../../../Engine/Content/EditorLandscapeResources/DataLayer.uasset" 294
"../../../Engine/Content/EditorMaterials/MAT_Groups_Toggle.uasset" 295
"../../../Engine/Content/EditorMaterials/MAT_Groups_Visibility.uasset" 296
"../../../Engine/Content/EditorMaterials/PreviewShadowIndicator.uasset" 297
"../../../Engine/Content/EditorMaterials/PreviewShadowIndicatorMaterial.uasset" 298
"../../../Engine/Content/EditorMaterials/MatineeGroups/MAT_ColorTrack.uasset" 299
"../../../Engine/Content/EditorMaterials/MatineeGroups/MAT_Groups_Anim.uasset" 300
"../../../Engine/Content/EditorMaterials/MatineeGroups/MAT_Groups_AudioMaster.uasset" 301
"../../../Engine/Content/EditorMaterials/MatineeGroups/MAT_Groups_Director.uasset" 302
"../../../Engine/Content/EditorMaterials/MatineeGroups/MAT_Groups_Event.uasset" 303
"../../../Engine/Content/EditorMaterials/MatineeGroups/MAT_Groups_Fade.uasset" 304
"../../../Engine/Content/EditorMaterials/MatineeGroups/MAT_Groups_Float.uasset" 305
"../../../Engine/Content/EditorMaterials/MatineeGroups/MAT_Groups_Move.uasset" 306
"../../../Engine/Content/EditorMaterials/MatineeGroups/MAT_Groups_Slomo.uasset" 307
"../../../Engine/Content/EditorMaterials/MatineeGroups/MAT_Groups_Sound.uasset" 308
"../../../Engine/Content/EditorMaterials/MatineeGroups/MAT_Groups_Vector.uasset" 309
"../../../Engine/Content/EditorMaterials/ParticleSystems/PSysThumbnail_NoImage.uasset" 310
"../../../Engine/Content/EditorMaterials/ParticleSystems/PSysThumbnail_OOD.uasset" 311
"../../../Engine/Content/EditorMaterials/Camera/CineMat.uasset" 312
"../../../Engine/Content/EditorMaterials/Camera/MI_CineMat_Rig.uasset" 313
"../../../Engine/Content/EditorMeshes/Camera/SM_CraneRig_Arm.uasset" 314
"../../../Engine/Content/EditorMeshes/Camera/SM_CraneRig_Base.uasset" 315
"../../../Engine/Content/EditorMeshes/Camera/SM_CraneRig_Body.uasset" 316
"../../../Engine/Content/EditorMeshes/Camera/SM_CraneRig_Mount.uasset" 317
"../../../Engine/Content/EditorMeshes/Camera/SM_RailRig_Mount.uasset" 318
"../../../Engine/Content/EditorMeshes/Camera/SM_RailRig_Track.uasset" 319
"../../../Engine/Content/EditorResources/BSPVertex.uasset" 320
"../../../Engine/Content/EditorResources/EmptyActor.uasset" 321
"../../../Engine/Content/EditorResources/S_Actor.uasset" 322
"../../../Engine/Content/EditorResources/S_Note.uasset" 323
"../../../Engine/Content/EditorResources/S_Solver.uasset" 324
"../../../Engine/Content/EditorResources/S_Trigger.uasset" 325
"../../../Engine/Content/EditorResources/AudioIcons/S_AudioComponent.uasset" 326
"../../../Engine/Content/EditorResources/AudioIcons/S_AudioComponent_AutoActivate.uasset" 327
"../../../Engine/Content/EditorResources/LightIcons/S_LightError.uasset" 328
"../../../Engine/Content/EditorResources/SequenceRecorder/Countdown.uasset" 329
"../../../Engine/Content/EditorResources/SequenceRecorder/RecordingIndicator.uasset" 330
"../../../Engine/Content/EditorSounds/Notifications/CompileFailed.uasset" 331
"../../../Engine/Content/EditorSounds/Notifications/CompileFailed_Cue.uasset" 332
"../../../Engine/Content/EditorSounds/Notifications/CompileSuccess.uasset" 333
"../../../Engine/Content/EditorSounds/Notifications/CompileStart_Cue.uasset" 334
"../../../Engine/Content/EditorSounds/Notifications/CompileSuccess_Cue.uasset" 335
"../../../Engine/Content/EngineDamageTypes/DmgTypeBP_Environmental.uasset" 336
"../../../Engine/Content/EngineDebugMaterials/DebugEditorMaterial.uasset" 337
"../../../Engine/Content/EngineDebugMaterials/DebugMeshMaterial.uasset" 338
"../../../Engine/Content/EngineDebugMaterials/M_SimpleUnlitTranslucent.uasset" 339
"../../../Engine/Content/Functions/Engine_MaterialFunctions02/Utility/CameraDirectionVector.uasset" 340
"../../../Engine/Content/EngineDebugMaterials/VolumeToRender.uasset" 341
"../../../Engine/Content/EngineDebugMaterials/M_VolumeRenderSphereTracePP.uasset" 342
"../../../Engine/Content/EngineDebugMaterials/WireframeMaterial.uasset" 343
"../../../Engine/Content/EngineFonts/Faces/DroidSansFallback.uasset" 344
"../../../Engine/Content/EngineFonts/Faces/RobotoBold.uasset" 345
"../../../Engine/Content/EngineFonts/Faces/RobotoBoldItalic.uasset" 346
"../../../Engine/Content/EngineFonts/Faces/RobotoItalic.uasset" 347
"../../../Engine/Content/EngineFonts/Faces/RobotoLight.uasset" 348
"../../../Engine/Content/EngineFonts/Faces/RobotoRegular.uasset" 349
"../../../Engine/Content/EngineFonts/Roboto.uasset" 350
"../../../Engine/Content/EngineMaterials/BaseFlattenDiffuseMap.uasset" 351
"../../../Engine/Content/EngineMaterials/BaseFlattenEmissiveMap.uasset" 352
"../../../Engine/Content/EngineMaterials/BaseFlattenGrayscaleMap.uasset" 353
"../../../Engine/Content/EngineMaterials/BaseFlattenNormalMap.uasset" 354
"../../../Engine/Content/EngineMaterials/BaseFlattenMaterial.uasset" 355
"../../../Engine/Content/EngineMaterials/BlueNoise.uasset" 356
"../../../Engine/Content/EngineMaterials/DefaultBloomKernel.uasset" 357
"../../../Engine/Content/EngineMaterials/DefaultBokeh.uasset" 358
"../../../Engine/Content/EngineMaterials/DefaultDiffuse.uasset" 359
"../../../Engine/Content/EngineMaterials/DefaultDeferredDecalMaterial.uasset" 360
"../../../Engine/Content/EngineMaterials/DefaultLightFunctionMaterial.uasset" 361
"../../../Engine/Content/EngineMaterials/DefaultPhysicalMaterial.uasset" 362
"../../../Engine/Content/Functions/Engine_MaterialFunctions02/Utility/BreakOutFloat2Components.uasset" 363
"../../../Engine/Content/EngineMaterials/DefaultPostProcessMaterial.uasset" 364
"../../../Engine/Content/EngineFonts/RobotoDistanceField.uasset" 365
"../../../Engine/Content/EngineMaterials/DefaultTextMaterialOpaque.uasset" 366
"../../../Engine/Content/EngineMaterials/DefaultWhiteGrid.uasset" 367
"../../../Engine/Content/EngineMaterials/DefaultWhiteGrid_Low.uasset" 368
"../../../Engine/Content/EngineMaterials/EmissiveMeshMaterial.uasset" 369
"../../../Engine/Content/EngineMaterials/GizmoMaterial.uasset" 370
"../../../Engine/Content/EngineMaterials/MiniFont.uasset" 371
"../../../Engine/Content/EngineMaterials/InvalidLightmapSettings.uasset" 372
"../../../Engine/Content/EngineMaterials/M_InvalidLightmapSettings.uasset" 373
"../../../Engine/Content/Functions/Engine_MaterialFunctions02/WorldPositionOffset/CameraOffset.uasset" 374
"../../../Engine/Content/EngineMaterials/PhAT_JointLimitMaterial.uasset" 375
"../../../Engine/Content/EngineMaterials/PreintegratedSkinBRDF.uasset" 376
"../../../Engine/Content/EngineMaterials/RemoveSurfaceMaterial.uasset" 377
"../../../Engine/Content/EngineMaterials/WeightMapPlaceholderTexture.uasset" 378
"../../../Engine/Content/EngineResources/WhiteSquareTexture.uasset" 379
"../../../Engine/Content/EngineMaterials/Widget3DPassThrough.uasset" 380
"../../../Engine/Content/EngineMaterials/Widget3DPassThrough_Masked.uasset" 381
"../../../Engine/Content/EngineMaterials/Widget3DPassThrough_Opaque.uasset" 382
"../../../Engine/Content/EngineMaterials/Widget3DPassThrough_Masked_OneSided.uasset" 383
"../../../Engine/Content/EngineMaterials/Widget3DPassThrough_Opaque_OneSided.uasset" 384
"../../../Engine/Content/EngineMaterials/Widget3DPassThrough_Translucent.uasset" 385
"../../../Engine/Content/EngineMaterials/Widget3DPassThrough_Translucent_OneSided.uasset" 386
"../../../Engine/Content/EngineMeshes/Cylinder.uasset" 387
"../../../Engine/Content/EngineMeshes/Sphere.uasset" 388
"../../../Engine/Content/EngineResources/Black.uasset" 389
"../../../Engine/Content/EngineResources/DefaultTexture.uasset" 390
"../../../Engine/Content/EngineResources/DefaultTextureCube.uasset" 391
"../../../Engine/Content/EngineResources/DefaultVolumeTexture2D.uasset" 392
"../../../Engine/Content/EngineResources/DefaultVolumeTexture.uasset" 393
"../../../Engine/Content/EngineResources/GradientTexture0.uasset" 394
"../../../Engine/Content/EngineSounds/Master.uasset" 395
"../../../Engine/Content/Functions/Engine_MaterialFunctions01/Shading/ConvertFromDiffSpec.uasset" 396
"../../../Engine/Content/Functions/Engine_MaterialFunctions01/Shading/PowerToRoughness.uasset" 397
"../../../Engine/Content/Maps/Templates/Thumbnails/Default.uasset" 398
"../../../Engine/Content/Maps/Templates/Thumbnails/TimeOfDay.uasset" 399
"../../../Engine/Content/Maps/Templates/Thumbnails/VR-Basic.uasset" 400
"../../../Engine/Content/MobileResources/T_MobileControls_texture.uasset" 401
"../../../Engine/Content/MobileResources/T_MobileMenu2.uasset" 402
"../../../Engine/Content/MobileResources/HUD/AnalogHat.uasset" 403
"../../../Engine/Content/MobileResources/HUD/VirtualJoystick_Background.uasset" 404
"../../../Engine/Content/MobileResources/HUD/VirtualJoystick_Thumb.uasset" 405
"../../../Engine/Content/MobileResources/HUD/DefaultVirtualJoysticks.uasset" 406
"../../../Engine/Content/MobileResources/HUD/LeftVirtualJoystickOnly.uasset" 407
"../../../Engine/Content/MobileResources/HUD/MobileHUDButton1_off.uasset" 408
"../../../Engine/Content/MobileResources/HUD/MobileHUDButton1_on.uasset" 409
"../../../Engine/Content/MobileResources/HUD/MobileHUDButton2_off.uasset" 410
"../../../Engine/Content/MobileResources/HUD/MobileHUDButton2_on.uasset" 411
"../../../Engine/Content/MobileResources/HUD/MobileHUDButton3.uasset" 412
"../../../Engine/Content/MobileResources/HUD/MobileHUDButtonFire.uasset" 413
"../../../Engine/Content/MobileResources/HUD/MobileHUDDirectionPad.uasset" 414
"../../../Engine/Content/MobileResources/HUD/MobileHUDDirectionPad2.uasset" 415
"../../../Engine/Content/MobileResources/HUD/MobileHUDDirectionPad3.uasset" 416
"../../../Engine/Content/MobileResources/HUD/MobileHUDDirectionStick.uasset" 417
"../../../Engine/Content/MobileResources/HUD/T_Castle_ThumbstickInner.uasset" 418
"../../../Engine/Content/MobileResources/HUD/T_Castle_ThumbstickOutter.uasset" 419
"../../../Engine/Content/Tutorial/ContentIntroCurve.uasset" 420
"../../../Engine/Content/Tutorial/Basics/LevelEditorAttract.uasset" 421
"../../../Engine/Content/Tutorial/Basics/TutorialAssets/icon_tab_Levels_40x.uasset" 422
"../../../Engine/Content/Tutorial/Basics/LevelEditorOverview.uasset" 423
"../../../Engine/Content/Tutorial/SubEditors/MaterialEditorTutorial.uasset" 424
"../../../Engine/Content/Tutorial/SubEditors/TutorialAssets/TutorialMaterial.uasset" 425
"../../../Engine/Content/VREditor/Sounds/UI/Click_on_Button.uasset" 426
"../../../Engine/Content/VREditor/LaserPointer/VR_LaserPower_01.uasset" 427
"../../../Engine/Content/VREditor/TransformGizmo/TransformGizmoMaterial.uasset" 428
"../../../Engine/Content/VREditor/TransformGizmo/TranslucentTransformGizmoMaterial.uasset" 429
"../../../Engine/Content/VREditor/TransformGizmo/BoundingBoxCorner.uasset" 430
"../../../Engine/Content/VREditor/TransformGizmo/BoundingBoxEdge.uasset" 431
"../../../Engine/Content/VREditor/TransformGizmo/PlaneTranslationHandle.uasset" 432
"../../../Engine/Content/VREditor/TransformGizmo/Main.uasset" 433
"../../../Engine/Content/VREditor/TransformGizmo/Xray.uasset" 434
"../../../Engine/Content/VREditor/TransformGizmo/SM_Sequencer_Key.uasset" 435
"../../Plugins/2D/Paper2D/Content/PlaceholderTextures/DummySpriteTexture.uasset" 436
"../../Plugins/2D/Paper2D/Content/DummySprite.uasset" 437
"../../Plugins/2D/Paper2D/Content/DefaultPaperTerrainMaterial.uasset" 438
"../../Plugins/2D/Paper2D/Content/DefaultSpriteMaterial.uasset" 439
"../../Plugins/2D/Paper2D/Content/MaskedUnlitSpriteMaterial.uasset" 440
"../../Plugins/2D/Paper2D/Content/OpaqueUnlitSpriteMaterial.uasset" 441
"../../Plugins/FX/Niagara/Content/Enums/ENiagaraBooleanLogicOps.uasset" 442
"../../Plugins/FX/Niagara/Content/Enums/ENiagaraCoordinateSpace.uasset" 443
"../../Plugins/FX/Niagara/Content/Enums/ENiagaraExpansionMode.uasset" 444
"../../Plugins/FX/Niagara/Content/Enums/ENiagaraOrientationAxis.uasset" 445
"../../Plugins/FX/Niagara/Content/Enums/ENiagaraRandomnessMode.uasset" 446
"../../../Engine/Content/Functions/Engine_MaterialFunctions02/Utility/BreakOutFloat4Components.uasset" 447
"../../../Engine/Content/Functions/Engine_MaterialFunctions02/Utility/MakeFloat2.uasset" 448
"../../../Engine/Content/Functions/Engine_MaterialFunctions02/Utility/MakeFloat3.uasset" 449
"../../Plugins/Runtime/Oculus/OculusVR/Content/Materials/OculusMR_ChromaKey.uasset" 450
"../../Plugins/Runtime/Oculus/OculusVR/Content/Materials/OculusMR_ChromaKey_Lit.uasset" 451
"../../Plugins/Runtime/Oculus/OculusVR/Content/Materials/OculusMR_OpaqueColoredMaterial.uasset" 452
"../../Plugins/Runtime/Oculus/OculusVR/Content/Materials/OculusMR_WhiteMaterial.uasset" 453
"../../../../UnrealProjects/Bambu/project/Content/SCK_Casual01/Models/Environment_Meshes/BLENDSHAPES_SHOWCASE.uasset" 454
"../../../Engine/Content/EngineSky/C_Sky_Cloud_Color.uasset" 455
"../../../Engine/Content/EngineSky/C_Sky_Horizon_Color.uasset" 456
"../../../Engine/Content/EngineSky/C_Sky_Zenith_Color.uasset" 457
"../../../Engine/Content/EngineSky/T_Sky_Blue.uasset" 458
"../../../Engine/Content/EngineSky/T_Sky_Clouds_M.uasset" 459
"../../../Engine/Content/EngineSky/T_Sky_Stars.uasset" 460
"../../../Engine/Content/EngineSky/M_Sky_Panning_Clouds2.uasset" 461
"../../../../UnrealProjects/Bambu/project/Content/ThirdPersonBP/Materials/nigthSkyBox.uasset" 462
"../../../../UnrealProjects/Bambu/project/Content/ThirdPersonBP/Materials/nigthSkyBox_Mat.uasset" 463
"../../../Engine/Content/VREditor/TransformGizmo/SM_Sequencer_Node.uasset" 464
"../../../Engine/Content/EngineSky/BP_Sky_Sphere.uasset" 465
"../../../../UnrealProjects/Bambu/project/Content/SCK_Casual01/Maps/ThirdPersonExampleMap_BuiltData.uasset" 466
"../../../../UnrealProjects/Bambu/project/Content/SCK_Casual01/Textures/A_04/TEX_A_04_D_1.uasset" 467
"../../../../UnrealProjects/Bambu/project/Content/SCK_Casual01/Textures/A_04/TEX_A_04_M.uasset" 468
"../../../../UnrealProjects/Bambu/project/Content/SCK_Casual01/Textures/A_04/TEX_A_04_N.uasset" 469
"../../../../UnrealProjects/Bambu/project/Content/SCK_Casual01/Textures/A_04/TEX_A_04_R.uasset" 470
"../../../../UnrealProjects/Bambu/project/Content/SCK_Casual01/Textures/A_04/TEX_A_04_S.uasset" 471
"../../../../UnrealProjects/Bambu/project/Content/SCK_Casual01/Materials/Master_Materials/MAT_A_04.uasset" 472
"../../../../UnrealProjects/Bambu/project/Content/SCK_Casual01/Materials/Environment_Materials/MAT_BASIC_FLOOR.uasset" 473
"../../../../UnrealProjects/Bambu/project/Content/SCK_Casual01/Materials/Environment_Materials/MAT_FLOOR_2.uasset" 474
"../../../../UnrealProjects/Bambu/project/Content/SCK_Casual01/Materials/Environment_Materials/MAT_FLOOR_3.uasset" 475
"../../../../UnrealProjects/Bambu/project/Content/SCK_Casual01/Textures/A_01/TEX_A_01_D_2.uasset" 476
"../../../../UnrealProjects/Bambu/project/Content/SCK_Casual01/Materials/Material_Instances/Mi_A_01_2.uasset" 477
"../../../../UnrealProjects/Bambu/project/Content/SCK_Casual01/Textures/A_01/TEX_A_01_D_3.uasset" 478
"../../../../UnrealProjects/Bambu/project/Content/SCK_Casual01/Materials/Material_Instances/Mi_A_01_3.uasset" 479
"../../../../UnrealProjects/Bambu/project/Content/SCK_Casual01/Textures/A_01/TEX_A_01_D_4.uasset" 480
"../../../../UnrealProjects/Bambu/project/Content/SCK_Casual01/Materials/Material_Instances/Mi_A_01_4.uasset" 481
"../../../../UnrealProjects/Bambu/project/Content/SCK_Casual01/Textures/A_01/TEX_A_01_D_5.uasset" 482
"../../../../UnrealProjects/Bambu/project/Content/SCK_Casual01/Materials/Material_Instances/Mi_A_01_5.uasset" 483
"../../../../UnrealProjects/Bambu/project/Content/SCK_Casual01/Textures/A_02/TEX_A_02_D_1.uasset" 484
"../../../../UnrealProjects/Bambu/project/Content/SCK_Casual01/Textures/A_02/TEX_A_02_M.uasset" 485
"../../../../UnrealProjects/Bambu/project/Content/SCK_Casual01/Textures/A_02/TEX_A_02_N.uasset" 486
"../../../../UnrealProjects/Bambu/project/Content/SCK_Casual01/Textures/A_02/TEX_A_02_R.uasset" 487
"../../../../UnrealProjects/Bambu/project/Content/SCK_Casual01/Textures/A_02/TEX_A_02_S.uasset" 488
"../../../../UnrealProjects/Bambu/project/Content/SCK_Casual01/Materials/Master_Materials/MAT_A_02.uasset" 489
"../../../../UnrealProjects/Bambu/project/Content/SCK_Casual01/Materials/Material_Instances/Mi_A_02_1.uasset" 490
"../../../../UnrealProjects/Bambu/project/Content/SCK_Casual01/Textures/A_02/TEX_A_02_D_2.uasset" 491
"../../../../UnrealProjects/Bambu/project/Content/SCK_Casual01/Materials/Material_Instances/Mi_A_02_2.uasset" 492
"../../../../UnrealProjects/Bambu/project/Content/SCK_Casual01/Textures/A_02/TEX_A_02_D_3.uasset" 493
"../../../../UnrealProjects/Bambu/project/Content/SCK_Casual01/Materials/Material_Instances/Mi_A_02_3.uasset" 494
"../../../../UnrealProjects/Bambu/project/Content/SCK_Casual01/Textures/A_02/TEX_A_02_D_4.uasset" 495
"../../../../UnrealProjects/Bambu/project/Content/SCK_Casual01/Materials/Material_Instances/Mi_A_02_4.uasset" 496
"../../../../UnrealProjects/Bambu/project/Content/SCK_Casual01/Textures/A_03/TEX_A_03_D_1.uasset" 497
"../../../../UnrealProjects/Bambu/project/Content/SCK_Casual01/Textures/A_03/TEX_A_03_M.uasset" 498
"../../../../UnrealProjects/Bambu/project/Content/SCK_Casual01/Textures/A_03/TEX_A_03_N.uasset" 499
"../../../../UnrealProjects/Bambu/project/Content/SCK_Casual01/Textures/A_03/TEX_A_03_R.uasset" 500
"../../../../UnrealProjects/Bambu/project/Content/SCK_Casual01/Textures/A_03/TEX_A_03_S.uasset" 501
"../../../../UnrealProjects/Bambu/project/Content/SCK_Casual01/Materials/Master_Materials/MAT_A_03.uasset" 502
"../../../../UnrealProjects/Bambu/project/Content/SCK_Casual01/Materials/Material_Instances/Mi_A_03_1.uasset" 503
"../../../../UnrealProjects/Bambu/project/Content/SCK_Casual01/Textures/A_03/TEX_A_03_D_2.uasset" 504
"../../../../UnrealProjects/Bambu/project/Content/SCK_Casual01/Materials/Material_Instances/Mi_A_03_2.uasset" 505
"../../../../UnrealProjects/Bambu/project/Content/SCK_Casual01/Textures/A_03/TEX_A_03_D_3.uasset" 506
"../../../../UnrealProjects/Bambu/project/Content/SCK_Casual01/Materials/Material_Instances/Mi_A_03_3.uasset" 507
"../../../../UnrealProjects/Bambu/project/Content/SCK_Casual01/Textures/A_03/TEX_A_03_D_4.uasset" 508
"../../../../UnrealProjects/Bambu/project/Content/SCK_Casual01/Materials/Material_Instances/Mi_A_03_4.uasset" 509
"../../../../UnrealProjects/Bambu/project/Content/SCK_Casual01/Materials/Material_Instances/Mi_A_04_1.uasset" 510
"../../../../UnrealProjects/Bambu/project/Content/SCK_Casual01/Textures/A_04/TEX_A_04_D_2.uasset" 511
"../../../../UnrealProjects/Bambu/project/Content/SCK_Casual01/Materials/Material_Instances/Mi_A_04_2.uasset" 512
"../../../../UnrealProjects/Bambu/project/Content/SCK_Casual01/Textures/A_04/TEX_A_04_D_3.uasset" 513
"../../../../UnrealProjects/Bambu/project/Content/SCK_Casual01/Materials/Material_Instances/Mi_A_04_3.uasset" 514
"../../../../UnrealProjects/Bambu/project/Content/SCK_Casual01/Textures/A_04/TEX_A_04_D_4.uasset" 515
"../../../../UnrealProjects/Bambu/project/Content/SCK_Casual01/Materials/Material_Instances/Mi_A_04_4.uasset" 516
"../../../../UnrealProjects/Bambu/project/Content/SCK_Casual01/Textures/L_01/TEX_L_01_D_1.uasset" 517
"../../../../UnrealProjects/Bambu/project/Content/SCK_Casual01/Textures/L_01/TEX_L_01_M.uasset" 518
"../../../../UnrealProjects/Bambu/project/Content/SCK_Casual01/Textures/L_01/TEX_L_01_N.uasset" 519
"../../../../UnrealProjects/Bambu/project/Content/SCK_Casual01/Textures/L_01/TEX_L_01_R.uasset" 520
"../../../../UnrealProjects/Bambu/project/Content/SCK_Casual01/Textures/L_01/TEX_L_01_S.uasset" 521
"../../../../UnrealProjects/Bambu/project/Content/SCK_Casual01/Materials/Master_Materials/MAT_L_01.uasset" 522
"../../../../UnrealProjects/Bambu/project/Content/SCK_Casual01/Materials/Material_Instances/Mi_L_01_1.uasset" 523
"../../../../UnrealProjects/Bambu/project/Content/SCK_Casual01/Textures/L_01/TEX_L_01_D_2.uasset" 524
"../../../../UnrealProjects/Bambu/project/Content/SCK_Casual01/Materials/Material_Instances/Mi_L_01_2.uasset" 525
"../../../../UnrealProjects/Bambu/project/Content/SCK_Casual01/Textures/L_01/TEX_L_01_D_3.uasset" 526
"../../../../UnrealProjects/Bambu/project/Content/SCK_Casual01/Materials/Material_Instances/Mi_L_01_3.uasset" 527
"../../../../UnrealProjects/Bambu/project/Content/SCK_Casual01/Textures/L_01/TEX_L_01_D_4.uasset" 528
"../../../../UnrealProjects/Bambu/project/Content/SCK_Casual01/Materials/Material_Instances/Mi_L_01_4.uasset" 529
"../../../../UnrealProjects/Bambu/project/Content/SCK_Casual01/Textures/L_01/TEX_L_01_D_5.uasset" 530
"../../../../UnrealProjects/Bambu/project/Content/SCK_Casual01/Materials/Material_Instances/Mi_L_01_5.uasset" 531
"../../../../UnrealProjects/Bambu/project/Content/SCK_Casual01/Textures/T_01/TEX_T_01_D_1.uasset" 532
"../../../../UnrealProjects/Bambu/project/Content/SCK_Casual01/Textures/T_01/TEX_T_01_M.uasset" 533
"../../../../UnrealProjects/Bambu/project/Content/SCK_Casual01/Textures/T_01/TEX_T_01_N.uasset" 534
"../../../../UnrealProjects/Bambu/project/Content/SCK_Casual01/Textures/T_01/TEX_T_01_R.uasset" 535
"../../../../UnrealProjects/Bambu/project/Content/SCK_Casual01/Textures/T_01/TEX_T_01_S.uasset" 536
"../../../../UnrealProjects/Bambu/project/Content/SCK_Casual01/Materials/Master_Materials/MAT_T_01.uasset" 537
"../../../../UnrealProjects/Bambu/project/Content/SCK_Casual01/Materials/Material_Instances/Mi_T_01_1.uasset" 538
"../../../../UnrealProjects/Bambu/project/Content/SCK_Casual01/Textures/T_01/TEX_T_01_D_2.uasset" 539
"../../../../UnrealProjects/Bambu/project/Content/SCK_Casual01/Materials/Material_Instances/Mi_T_01_2.uasset" 540
"../../../../UnrealProjects/Bambu/project/Content/SCK_Casual01/Textures/T_01/TEX_T_01_D_3.uasset" 541
"../../../../UnrealProjects/Bambu/project/Content/SCK_Casual01/Materials/Material_Instances/Mi_T_01_3.uasset" 542
"../../../../UnrealProjects/Bambu/project/Content/SCK_Casual01/Textures/T_01/TEX_T_01_D_4.uasset" 543
"../../../../UnrealProjects/Bambu/project/Content/SCK_Casual01/Materials/Material_Instances/Mi_T_01_4.uasset" 544
"../../../../UnrealProjects/Bambu/project/Content/SCK_Casual01/Textures/T_01/TEX_T_01_D_5.uasset" 545
"../../../../UnrealProjects/Bambu/project/Content/SCK_Casual01/Materials/Material_Instances/Mi_T_01_5.uasset" 546
"../../../Engine/Content/EngineMaterials/BlendFunc_DefBase.uasset" 547
"../../../Engine/Content/EngineMaterials/BlendFunc_DefBlend.uasset" 548
"../../../Engine/Content/Functions/Engine_MaterialFunctions03/Blends/Blend_Darken.uasset" 549
"../../../../UnrealProjects/Bambu/project/Content/SCK_Casual01/Textures/T_03/TEX_T_03_D_1.uasset" 550
"../../../../UnrealProjects/Bambu/project/Content/SCK_Casual01/Textures/T_03/TEX_T_03_M.uasset" 551
"../../../../UnrealProjects/Bambu/project/Content/SCK_Casual01/Textures/T_03/TEX_T_03_N.uasset" 552
"../../../../UnrealProjects/Bambu/project/Content/SCK_Casual01/Textures/T_03/TEX_T_03_R.uasset" 553
"../../../../UnrealProjects/Bambu/project/Content/SCK_Casual01/Textures/T_03/TEX_T_03_S.uasset" 554
"../../../../UnrealProjects/Bambu/project/Content/SCK_Casual01/Textures/T_03/TEX_T_03_SC.uasset" 555
"../../../../UnrealProjects/Bambu/project/Content/SCK_Casual01/Materials/Master_Materials/MAT_T_03.uasset" 556
"../../../../UnrealProjects/Bambu/project/Content/SCK_Casual01/Materials/Material_Instances/Mi_T_03_1.uasset" 557
"../../../../UnrealProjects/Bambu/project/Content/SCK_Casual01/Textures/T_03/TEX_T_03_D_2.uasset" 558
"../../../../UnrealProjects/Bambu/project/Content/SCK_Casual01/Materials/Material_Instances/Mi_T_03_2.uasset" 559
"../../../../UnrealProjects/Bambu/project/Content/SCK_Casual01/Textures/T_03/TEX_T_03_D_3.uasset" 560
"../../../../UnrealProjects/Bambu/project/Content/SCK_Casual01/Materials/Material_Instances/Mi_T_03_3.uasset" 561
"../../../../UnrealProjects/Bambu/project/Content/SCK_Casual01/Textures/T_03/TEX_T_03_D_4.uasset" 562
"../../../../UnrealProjects/Bambu/project/Content/SCK_Casual01/Materials/Material_Instances/Mi_T_03_4.uasset" 563
"../../../../UnrealProjects/Bambu/project/Content/SCK_Casual01/Textures/T_03/TEX_T_03_D_5.uasset" 564
"../../../../UnrealProjects/Bambu/project/Content/SCK_Casual01/Materials/Material_Instances/Mi_T_03_5.uasset" 565
"../../../../UnrealProjects/Bambu/project/Content/SCK_Casual01/Models/Environment_Meshes/Floor_Frame.uasset" 566
"../../../../UnrealProjects/Bambu/project/Content/SCK_Casual01/Models/Environment_Meshes/Floor_main.uasset" 567
"../../../../UnrealProjects/Bambu/project/Content/SCK_Casual01/Textures/Environment_Textures/TEX_PROMO.uasset" 568
"../../../../UnrealProjects/Bambu/project/Content/SCK_Casual01/Materials/Environment_Materials/MAT_PROMO.uasset" 569
"../../../../UnrealProjects/Bambu/project/Content/SCK_Casual01/Models/Environment_Meshes/MESH_PROMO.uasset" 570
"../../../../UnrealProjects/Bambu/project/Content/SCK_Casual01/Models/MESH_A_01.uasset" 571
"../../../../UnrealProjects/Bambu/project/Content/SCK_Casual01/Models/MESH_A_02.uasset" 572
"../../../../UnrealProjects/Bambu/project/Content/SCK_Casual01/Models/MESH_A_03.uasset" 573
"../../../../UnrealProjects/Bambu/project/Content/SCK_Casual01/Models/MESH_A_04.uasset" 574
"../../../../UnrealProjects/Bambu/project/Content/SCK_Casual01/Textures/H_A_01/TEX_H_A_01_D.uasset" 575
"../../../../UnrealProjects/Bambu/project/Content/SCK_Casual01/Textures/H_A_01/TEX_H_A_01_M.uasset" 576
"../../../../UnrealProjects/Bambu/project/Content/SCK_Casual01/Textures/H_A_01/TEX_H_A_01_N.uasset" 577
"../../../../UnrealProjects/Bambu/project/Content/SCK_Casual01/Textures/H_A_01/TEX_H_A_01_R.uasset" 578
"../../../../UnrealProjects/Bambu/project/Content/SCK_Casual01/Textures/H_A_01/TEX_H_A_01_S.uasset" 579
"../../../../UnrealProjects/Bambu/project/Content/SCK_Casual01/Textures/H_A_01/TEX_H_A_01_SC.uasset" 580
"../../../../UnrealProjects/Bambu/project/Content/SCK_Casual01/Materials/Master_Materials/MAT_H_A1.uasset" 581
"../../../../UnrealProjects/Bambu/project/Content/SCK_Casual01/Models/MESH_H_A1.uasset" 582
"../../../../UnrealProjects/Bambu/project/Content/SCK_Casual01/Textures/L_00/TEX_L_00_D_A.uasset" 583
"../../../../UnrealProjects/Bambu/project/Content/SCK_Casual01/Textures/L_00/TEX_L_00_M.uasset" 584
"../../../../UnrealProjects/Bambu/project/Content/SCK_Casual01/Textures/L_00/TEX_L_00_N.uasset" 585
"../../../../UnrealProjects/Bambu/project/Content/SCK_Casual01/Textures/L_00/TEX_L_00_R.uasset" 586
"../../../../UnrealProjects/Bambu/project/Content/SCK_Casual01/Textures/L_00/TEX_L_00_S.uasset" 587
"../../../../UnrealProjects/Bambu/project/Content/SCK_Casual01/Textures/L_00/TEX_L_00_SC.uasset" 588
"../../../../UnrealProjects/Bambu/project/Content/SCK_Casual01/Materials/Master_Materials/MAT_L_00.uasset" 589
"../../../../UnrealProjects/Bambu/project/Content/SCK_Casual01/Models/MESH_L_00.uasset" 590
"../../../../UnrealProjects/Bambu/project/Content/SCK_Casual01/Models/MESH_L_01.uasset" 591
"../../../../UnrealProjects/Bambu/project/Content/SCK_Casual01/Textures/P_00/TEX_P_00_D_A.uasset" 592
"../../../../UnrealProjects/Bambu/project/Content/SCK_Casual01/Textures/P_00/TEX_P_00_M.uasset" 593
"../../../../UnrealProjects/Bambu/project/Content/SCK_Casual01/Textures/P_00/TEX_P_00_N.uasset" 594
"../../../../UnrealProjects/Bambu/project/Content/SCK_Casual01/Textures/P_00/TEX_P_00_R.uasset" 595
"../../../../UnrealProjects/Bambu/project/Content/SCK_Casual01/Textures/P_00/TEX_P_00_S.uasset" 596
"../../../../UnrealProjects/Bambu/project/Content/SCK_Casual01/Textures/P_00/TEX_P_00_SC.uasset" 597
"../../../../UnrealProjects/Bambu/project/Content/SCK_Casual01/Materials/Master_Materials/MAT_P_00.uasset" 598
"../../../../UnrealProjects/Bambu/project/Content/SCK_Casual01/Models/MESH_P_00.uasset" 599
"../../../../UnrealProjects/Bambu/project/Content/SCK_Casual01/Textures/T_00/TEX_T_00_D_A.uasset" 600
"../../../../UnrealProjects/Bambu/project/Content/SCK_Casual01/Textures/T_00/TEX_T_00_M.uasset" 601
"../../../../UnrealProjects/Bambu/project/Content/SCK_Casual01/Textures/T_00/TEX_T_00_N.uasset" 602
"../../../../UnrealProjects/Bambu/project/Content/SCK_Casual01/Textures/T_00/TEX_T_00_R.uasset" 603
"../../../../UnrealProjects/Bambu/project/Content/SCK_Casual01/Textures/T_00/TEX_T_00_S.uasset" 604
"../../../../UnrealProjects/Bambu/project/Content/SCK_Casual01/Textures/T_00/TEX_T_00_SC.uasset" 605
"../../../../UnrealProjects/Bambu/project/Content/SCK_Casual01/Materials/Master_Materials/MAT_T_00.uasset" 606
"../../../../UnrealProjects/Bambu/project/Content/SCK_Casual01/Models/MESH_T_00.uasset" 607
"../../../../UnrealProjects/Bambu/project/Content/SCK_Casual01/Models/MESH_T_01.uasset" 608
"../../../../UnrealProjects/Bambu/project/Content/SCK_Casual01/Models/MESH_T_03.uasset" 609
"../../../../UnrealProjects/Bambu/project/Content/SCK_Casual01/Models/Premade_Characters/MESH_PC_00.uasset" 610
"../../../../UnrealProjects/Bambu/project/Content/SCK_Casual01/Models/Premade_Characters/MESH_PC_01.uasset" 611
"../../../../UnrealProjects/Bambu/project/Content/SCK_Casual01/Models/Premade_Characters/MESH_PC_02.uasset" 612
"../../../../UnrealProjects/Bambu/project/Content/SCK_Casual01/Models/Premade_Characters/MESH_PC_03.uasset" 613
"../../../../UnrealProjects/Bambu/project/Content/SCK_Casual01/Maps/ThirdPersonExampleMap.umap" 614
"../../../../UnrealProjects/Bambu/project/Content/StarterContent/Blueprints/Assets/FogBrightnessLUT.uasset" 615
"../../../../UnrealProjects/Bambu/project/Content/StarterContent/Blueprints/Assets/SunlightColorLUT.uasset" 616
"../../../../UnrealProjects/Bambu/project/Content/StarterContent/Blueprints/Assets/M_LightStage_Arrows.uasset" 617
"../../../Engine/Content/MapTemplates/Sky/DaylightAmbientCubemap.uasset" 618
"../../../../UnrealProjects/Bambu/project/Content/StarterContent/Blueprints/Assets/M_LightStage_Skybox_Master.uasset" 619
"../../../../UnrealProjects/Bambu/project/Content/StarterContent/Blueprints/Assets/M_LightStage_Skybox_Black.uasset" 620
"../../../../UnrealProjects/Bambu/project/Content/StarterContent/Blueprints/Assets/M_LightStage_Skybox_HDRI.uasset" 621
"../../../Engine/Content/EditorMaterials/Thumbnails/SkySphereMaterial.uasset" 622
"../../../../UnrealProjects/Bambu/project/Content/StarterContent/Blueprints/Assets/Skybox.uasset" 623
"../../../../UnrealProjects/Bambu/project/Content/StarterContent/Blueprints/Assets/SM_Arrows.uasset" 624
"../../../../UnrealProjects/Bambu/project/Content/StarterContent/HDRI/HDRI_Epic_Courtyard_Daylight.uasset" 625
"../../../../UnrealProjects/Bambu/project/Content/StarterContent/Blueprints/BP_LightStudio.uasset" 626
"../../../../UnrealProjects/Bambu/project/Content/StarterContent/Maps/Advanced_Lighting_BuiltData.uasset" 627
"../../../../UnrealProjects/Bambu/project/Content/StarterContent/Materials/M_AssetPlatform.uasset" 628
"../../../Engine/Content/EditorMeshes/ColorCalibrator/M_ChromeBall.uasset" 629
"../../../Engine/Content/EditorMeshes/ColorCalibrator/M_ClearCoat.uasset" 630
"../../../Engine/Content/EditorMeshes/ColorCalibrator/M_ClearCoatBlack.uasset" 631
"../../../Engine/Content/EditorMeshes/ColorCalibrator/Color_checker.uasset" 632
"../../../Engine/Content/EditorMeshes/ColorCalibrator/M_ColorGrid.uasset" 633
"../../../Engine/Content/EditorMeshes/ColorCalibrator/M_GreyBall.uasset" 634
"../../../Engine/Content/EditorMeshes/ColorCalibrator/SM_ColorCalibrator.uasset" 635
"../../../../UnrealProjects/Bambu/project/Content/StarterContent/Architecture/SM_AssetPlatform.uasset" 636
"../../../../UnrealProjects/Bambu/project/Content/StarterContent/Maps/Advanced_Lighting.umap" 637
"../../../../UnrealProjects/Bambu/project/Content/StarterContent/Maps/Minimal_Default_BuiltData.uasset" 638
"../../../../UnrealProjects/Bambu/project/Content/StarterContent/Materials/M_Metal_Brushed_Nickel.uasset" 639
"../../../../UnrealProjects/Bambu/project/Content/StarterContent/Textures/T_Metal_Aluminum_D.uasset" 640
"../../../../UnrealProjects/Bambu/project/Content/StarterContent/Materials/M_Metal_Burnished_Steel.uasset" 641
"../../../../UnrealProjects/Bambu/project/Content/StarterContent/Textures/T_Metal_Copper_D.uasset" 642
"../../../../UnrealProjects/Bambu/project/Content/StarterContent/Materials/M_Metal_Copper.uasset" 643
"../../../../UnrealProjects/Bambu/project/Content/StarterContent/Architecture/Floor_400x400.uasset" 644
"../../../../UnrealProjects/Bambu/project/Content/StarterContent/Audio/Starter_Background_Cue.uasset" 645
"../../../../UnrealProjects/Bambu/project/Content/StarterContent/Props/SM_Chair.uasset" 646
"../../../../UnrealProjects/Bambu/project/Content/StarterContent/Textures/T_TableRound_M.uasset" 647
"../../../../UnrealProjects/Bambu/project/Content/StarterContent/Textures/T_TableRound_N.uasset" 648
"../../../../UnrealProjects/Bambu/project/Content/StarterContent/Props/Materials/M_TableRound.uasset" 649
"../../../../UnrealProjects/Bambu/project/Content/StarterContent/Props/SM_TableRound.uasset" 650
"../../../../UnrealProjects/Bambu/project/Content/StarterContent/Maps/Minimal_Default.umap" 651
"../../../../UnrealProjects/Bambu/project/Content/StarterContent/Audio/Fire01_Cue.uasset" 652
"../../../../UnrealProjects/Bambu/project/Content/StarterContent/Textures/T_Fire_SubUV.uasset" 653
"../../../../UnrealProjects/Bambu/project/Content/StarterContent/Textures/T_Fire_Tiled_D.uasset" 654
"../../../../UnrealProjects/Bambu/project/Content/StarterContent/Particles/Materials/M_Fire_SubUV.uasset" 655
"../../../../UnrealProjects/Bambu/project/Content/StarterContent/Particles/Materials/M_Heat_Distortion.uasset" 656
"../../../../UnrealProjects/Bambu/project/Content/StarterContent/Particles/Materials/M_Radial_Gradient.uasset" 657
"../../../../UnrealProjects/Bambu/project/Content/StarterContent/Particles/P_Fire.uasset" 658
"../../../../UnrealProjects/Bambu/project/Content/StarterContent/Blueprints/Blueprint_Effect_Fire.uasset" 659
"../../../../UnrealProjects/Bambu/project/Content/StarterContent/Audio/Smoke01_Cue.uasset" 660
"../../../../UnrealProjects/Bambu/project/Content/StarterContent/Particles/P_Smoke.uasset" 661
"../../../../UnrealProjects/Bambu/project/Content/StarterContent/Blueprints/Blueprint_Effect_Smoke.uasset" 662
"../../../../UnrealProjects/Bambu/project/Content/StarterContent/Audio/Fire_Sparks01_Cue.uasset" 663
"../../../../UnrealProjects/Bambu/project/Content/StarterContent/Textures/T_Spark_Core.uasset" 664
"../../../../UnrealProjects/Bambu/project/Content/StarterContent/Particles/Materials/M_Spark.uasset" 665
"../../../../UnrealProjects/Bambu/project/Content/StarterContent/Particles/P_Sparks.uasset" 666
"../../../../UnrealProjects/Bambu/project/Content/StarterContent/Blueprints/Blueprint_Effect_Sparks.uasset" 667
"../../../../UnrealProjects/Bambu/project/Content/StarterContent/Audio/Steam01_Cue.uasset" 668
"../../../../UnrealProjects/Bambu/project/Content/StarterContent/Particles/P_Steam_Lit.uasset" 669
"../../../../UnrealProjects/Bambu/project/Content/StarterContent/Blueprints/Blueprint_Effect_Steam.uasset" 670
"../../../../UnrealProjects/Bambu/project/Content/StarterContent/Textures/T_Lamp_M.uasset" 671
"../../../../UnrealProjects/Bambu/project/Content/StarterContent/Textures/T_Lamp_N.uasset" 672
"../../../../UnrealProjects/Bambu/project/Content/StarterContent/Props/Materials/M_Lamp.uasset" 673
"../../../../UnrealProjects/Bambu/project/Content/StarterContent/Props/SM_Lamp_Ceiling.uasset" 674
"../../../../UnrealProjects/Bambu/project/Content/StarterContent/Blueprints/Blueprint_CeilingLight.uasset" 675
"../../../../UnrealProjects/Bambu/project/Content/StarterContent/Props/SM_Lamp_Wall.uasset" 676
"../../../../UnrealProjects/Bambu/project/Content/StarterContent/Blueprints/Blueprint_WallSconce.uasset" 677
"../../../../UnrealProjects/Bambu/project/Content/StarterContent/Maps/StarterMap_BuiltData.uasset" 678
"../../../Engine/Content/Functions/Engine_MaterialFunctions03/Procedurals/ComputeFilterWidth.uasset" 679
"../../../Engine/Content/EngineMaterials/AntiAliasedTextMaterialTranslucent.uasset" 680
"../../../../UnrealProjects/Bambu/project/Content/StarterContent/Textures/T_Brick_Clay_New_D.uasset" 681
"../../../../UnrealProjects/Bambu/project/Content/StarterContent/Textures/T_Brick_Clay_New_M.uasset" 682
"../../../../UnrealProjects/Bambu/project/Content/StarterContent/Textures/T_Brick_Clay_New_N.uasset" 683
"../../../../UnrealProjects/Bambu/project/Content/StarterContent/Materials/M_Brick_Clay_New.uasset" 684
"../../../../UnrealProjects/Bambu/project/Content/StarterContent/Textures/T_Brick_Clay_Old_D.uasset" 685
"../../../../UnrealProjects/Bambu/project/Content/StarterContent/Textures/T_Brick_Clay_Old_N.uasset" 686
"../../../../UnrealProjects/Bambu/project/Content/StarterContent/Materials/M_Brick_Clay_Old.uasset" 687
"../../../../UnrealProjects/Bambu/project/Content/StarterContent/Textures/T_Brick_Hewn_Stone_D.uasset" 688
"../../../../UnrealProjects/Bambu/project/Content/StarterContent/Textures/T_Brick_Hewn_Stone_M.uasset" 689
"../../../../UnrealProjects/Bambu/project/Content/StarterContent/Textures/T_Brick_Hewn_Stone_N.uasset" 690
"../../../../UnrealProjects/Bambu/project/Content/StarterContent/Materials/M_Brick_Hewn_Stone.uasset" 691
"../../../../UnrealProjects/Bambu/project/Content/StarterContent/Textures/T_Ceramic_Tile_M.uasset" 692
"../../../../UnrealProjects/Bambu/project/Content/StarterContent/Textures/T_Ceramic_Tile_N.uasset" 693
"../../../../UnrealProjects/Bambu/project/Content/StarterContent/Textures/T_Rock_Marble_Polished_D.uasset" 694
"../../../../UnrealProjects/Bambu/project/Content/StarterContent/Materials/M_Ceramic_Tile_Checker.uasset" 695
"../../../../UnrealProjects/Bambu/project/Content/StarterContent/Textures/T_CobbleStone_Pebble_D.uasset" 696
"../../../../UnrealProjects/Bambu/project/Content/StarterContent/Textures/T_CobbleStone_Pebble_M.uasset" 697
"../../../../UnrealProjects/Bambu/project/Content/StarterContent/Textures/T_CobbleStone_Pebble_N.uasset" 698
"../../../../UnrealProjects/Bambu/project/Content/StarterContent/Materials/M_CobbleStone_Pebble.uasset" 699
"../../../../UnrealProjects/Bambu/project/Content/StarterContent/Textures/T_CobbleStone_Rough_D.uasset" 700
"../../../../UnrealProjects/Bambu/project/Content/StarterContent/Textures/T_CobbleStone_Rough_N.uasset" 701
"../../../../UnrealProjects/Bambu/project/Content/StarterContent/Textures/T_Gradinet_01.uasset" 702
"../../../../UnrealProjects/Bambu/project/Content/StarterContent/Textures/T_Rock_Smooth_Granite_D.uasset" 703
"../../../../UnrealProjects/Bambu/project/Content/StarterContent/Materials/M_CobbleStone_Rough.uasset" 704
"../../../../UnrealProjects/Bambu/project/Content/StarterContent/Textures/T_CobbleStone_Smooth_D.uasset" 705
"../../../../UnrealProjects/Bambu/project/Content/StarterContent/Textures/T_CobbleStone_Smooth_M.uasset" 706
"../../../../UnrealProjects/Bambu/project/Content/StarterContent/Textures/T_CobbleStone_Smooth_N.uasset" 707
"../../../../UnrealProjects/Bambu/project/Content/StarterContent/Materials/M_CobbleStone_Smooth.uasset" 708
"../../../../UnrealProjects/Bambu/project/Content/StarterContent/Textures/T_Concrete_Grime_D.uasset" 709
"../../../../UnrealProjects/Bambu/project/Content/StarterContent/Textures/T_Metal_Rust_N.uasset" 710
"../../../../UnrealProjects/Bambu/project/Content/StarterContent/Materials/M_Concrete_Grime.uasset" 711
"../../../../UnrealProjects/Bambu/project/Content/StarterContent/Textures/T_Concrete_Panels_D.uasset" 712
"../../../../UnrealProjects/Bambu/project/Content/StarterContent/Textures/T_Concrete_Panels_N.uasset" 713
"../../../../UnrealProjects/Bambu/project/Content/StarterContent/Materials/M_Concrete_Panels.uasset" 714
"../../../../UnrealProjects/Bambu/project/Content/StarterContent/Textures/T_Concrete_Poured_D.uasset" 715
"../../../../UnrealProjects/Bambu/project/Content/StarterContent/Textures/T_Concrete_Poured_N.uasset" 716
"../../../../UnrealProjects/Bambu/project/Content/StarterContent/Materials/M_Concrete_Poured.uasset" 717
"../../../../UnrealProjects/Bambu/project/Content/StarterContent/Textures/T_Concrete_Tiles_D.uasset" 718
"../../../../UnrealProjects/Bambu/project/Content/StarterContent/Textures/T_Concrete_Tiles_M.uasset" 719
"../../../../UnrealProjects/Bambu/project/Content/StarterContent/Textures/T_Concrete_Tiles_N.uasset" 720
"../../../../UnrealProjects/Bambu/project/Content/StarterContent/Textures/T_Concrete_Tiles_Variation_M.uasset" 721
"../../../../UnrealProjects/Bambu/project/Content/StarterContent/Materials/M_Concrete_Tiles.uasset" 722
"../../../../UnrealProjects/Bambu/project/Content/StarterContent/Textures/T_Ground_Grass_D.uasset" 723
"../../../../UnrealProjects/Bambu/project/Content/StarterContent/Textures/T_Ground_Grass_N.uasset" 724
"../../../../UnrealProjects/Bambu/project/Content/StarterContent/Materials/M_Ground_Grass.uasset" 725
"../../../../UnrealProjects/Bambu/project/Content/StarterContent/Textures/T_Ground_Gravel_D.uasset" 726
"../../../../UnrealProjects/Bambu/project/Content/StarterContent/Textures/T_Ground_Gravel_N.uasset" 727
"../../../../UnrealProjects/Bambu/project/Content/StarterContent/Materials/M_Ground_Gravel.uasset" 728
"../../../../UnrealProjects/Bambu/project/Content/StarterContent/Textures/T_ground_Moss_D.uasset" 729
"../../../../UnrealProjects/Bambu/project/Content/StarterContent/Textures/T_Ground_Moss_N.uasset" 730
"../../../../UnrealProjects/Bambu/project/Content/StarterContent/Materials/M_Ground_Moss.uasset" 731
"../../../../UnrealProjects/Bambu/project/Content/StarterContent/Materials/M_Metal_Chrome.uasset" 732
"../../../../UnrealProjects/Bambu/project/Content/StarterContent/Textures/T_Metal_Rust_D.uasset" 733
"../../../../UnrealProjects/Bambu/project/Content/StarterContent/Materials/M_Metal_Rust.uasset" 734
"../../../../UnrealProjects/Bambu/project/Content/StarterContent/Textures/T_Metal_Steel_D.uasset" 735
"../../../../UnrealProjects/Bambu/project/Content/StarterContent/Textures/T_Metal_Steel_N.uasset" 736
"../../../../UnrealProjects/Bambu/project/Content/StarterContent/Materials/M_Metal_Steel.uasset" 737
"../../../../UnrealProjects/Bambu/project/Content/StarterContent/Textures/T_Rock_Basalt_N.uasset" 738
"../../../../UnrealProjects/Bambu/project/Content/StarterContent/Materials/M_Rock_Basalt.uasset" 739
"../../../../UnrealProjects/Bambu/project/Content/StarterContent/Materials/M_Rock_Marble_Polished.uasset" 740
"../../../../UnrealProjects/Bambu/project/Content/StarterContent/Textures/T_Rock_Sandstone_D.uasset" 741
"../../../../UnrealProjects/Bambu/project/Content/StarterContent/Textures/T_Rock_Sandstone_N.uasset" 742
"../../../../UnrealProjects/Bambu/project/Content/StarterContent/Materials/M_Rock_Sandstone.uasset" 743
"../../../../UnrealProjects/Bambu/project/Content/StarterContent/Textures/T_Rock_Slate_D.uasset" 744
"../../../../UnrealProjects/Bambu/project/Content/StarterContent/Textures/T_Rock_Slate_N.uasset" 745
"../../../../UnrealProjects/Bambu/project/Content/StarterContent/Materials/M_Rock_Slate.uasset" 746
"../../../../UnrealProjects/Bambu/project/Content/StarterContent/Textures/T_Checker_Noise_M.uasset" 747
"../../../../UnrealProjects/Bambu/project/Content/StarterContent/Textures/T_Single_Tile_N.uasset" 748
"../../../../UnrealProjects/Bambu/project/Content/StarterContent/Textures/T_Tech_Dot_M.uasset" 749
"../../../../UnrealProjects/Bambu/project/Content/StarterContent/Textures/T_Tech_Dot_N.uasset" 750
"../../../../UnrealProjects/Bambu/project/Content/StarterContent/Materials/M_Tech_Checker_Dot.uasset" 751
"../../../../UnrealProjects/Bambu/project/Content/StarterContent/Textures/T_Tech_Hex_Tile_M.uasset" 752
"../../../../UnrealProjects/Bambu/project/Content/StarterContent/Textures/T_Tech_Hex_Tile_N.uasset" 753
"../../../../UnrealProjects/Bambu/project/Content/StarterContent/Materials/M_Tech_Hex_Tile.uasset" 754
"../../../../UnrealProjects/Bambu/project/Content/StarterContent/Materials/M_Tech_Hex_Tile_Pulse.uasset" 755
"../../../../UnrealProjects/Bambu/project/Content/StarterContent/Textures/T_Tech_Panel_M.uasset" 756
"../../../../UnrealProjects/Bambu/project/Content/StarterContent/Textures/T_Tech_Panel_N.uasset" 757
"../../../../UnrealProjects/Bambu/project/Content/StarterContent/Materials/M_Tech_Panel.uasset" 758
"../../../../UnrealProjects/Bambu/project/Content/StarterContent/Materials/M_Water_Lake.uasset" 759
"../../../Engine/Content/Functions/Engine_MaterialFunctions01/Opacity/AlphaOffset.uasset" 760
"../../../../UnrealProjects/Bambu/project/Content/StarterContent/Materials/M_Wood_Floor_Walnut_Worn.uasset" 761
"../../../../UnrealProjects/Bambu/project/Content/StarterContent/Textures/T_Wood_Oak_D.uasset" 762
"../../../../UnrealProjects/Bambu/project/Content/StarterContent/Textures/T_Wood_Oak_N.uasset" 763
"../../../../UnrealProjects/Bambu/project/Content/StarterContent/Materials/M_Wood_Oak.uasset" 764
"../../../../UnrealProjects/Bambu/project/Content/StarterContent/Textures/T_Wood_Pine_D.uasset" 765
"../../../../UnrealProjects/Bambu/project/Content/StarterContent/Textures/T_Wood_Pine_N.uasset" 766
"../../../../UnrealProjects/Bambu/project/Content/StarterContent/Materials/M_Wood_Pine.uasset" 767
"../../../../UnrealProjects/Bambu/project/Content/StarterContent/Textures/T_Wood_Walnut_D.uasset" 768
"../../../../UnrealProjects/Bambu/project/Content/StarterContent/Textures/T_Wood_Walnut_N.uasset" 769
"../../../../UnrealProjects/Bambu/project/Content/StarterContent/Materials/M_Wood_Walnut.uasset" 770
"../../../../UnrealProjects/Bambu/project/Content/StarterContent/Architecture/Wall_400x200.uasset" 771
"../../../../UnrealProjects/Bambu/project/Content/StarterContent/Architecture/Wall_Door_400x300.uasset" 772
"../../../../UnrealProjects/Bambu/project/Content/StarterContent/Architecture/Wall_Window_400x300.uasset" 773
"../../../../UnrealProjects/Bambu/project/Content/StarterContent/Audio/Collapse_Cue.uasset" 774
"../../../../UnrealProjects/Bambu/project/Content/StarterContent/Audio/Starter_Music_Cue.uasset" 775
"../../../../UnrealProjects/Bambu/project/Content/StarterContent/Textures/T_Dust_Particle_D.uasset" 776
"../../../../UnrealProjects/Bambu/project/Content/StarterContent/Particles/Materials/M_Dust_Particle.uasset" 777
"../../../../UnrealProjects/Bambu/project/Content/StarterContent/Particles/P_Ambient_Dust.uasset" 778
"../../../../UnrealProjects/Bambu/project/Content/StarterContent/Props/MaterialSphere.uasset" 779
"../../../../UnrealProjects/Bambu/project/Content/StarterContent/Textures/T_Frame_M.uasset" 780
"../../../../UnrealProjects/Bambu/project/Content/StarterContent/Textures/T_Frame_N.uasset" 781
"../../../../UnrealProjects/Bambu/project/Content/StarterContent/Props/Materials/M_Frame.uasset" 782
"../../../../UnrealProjects/Bambu/project/Content/StarterContent/Props/SM_CornerFrame.uasset" 783
"../../../../UnrealProjects/Bambu/project/Content/StarterContent/Props/SM_DoorFrame.uasset" 784
"../../../../UnrealProjects/Bambu/project/Content/StarterContent/Props/SM_GlassWindow.uasset" 785
"../../../../UnrealProjects/Bambu/project/Content/StarterContent/Props/SM_PillarFrame.uasset" 786
"../../../../UnrealProjects/Bambu/project/Content/StarterContent/Props/SM_PillarFrame300.uasset" 787
"../../../../UnrealProjects/Bambu/project/Content/StarterContent/Props/SM_WindowFrame.uasset" 788
"../../../../UnrealProjects/Bambu/project/Content/StarterContent/Shapes/Shape_Cube.uasset" 789
"../../../../UnrealProjects/Bambu/project/Content/StarterContent/Shapes/Shape_QuadPyramid.uasset" 790
"../../../../UnrealProjects/Bambu/project/Content/StarterContent/Shapes/Shape_Sphere.uasset" 791
"../../../../UnrealProjects/Bambu/project/Content/StarterContent/Maps/StarterMap.umap" 792
"../../../Engine/Content/MapTemplates/Sky/T_Sky_Stars.uasset" 793
"../../../Engine/Content/MapTemplates/Sky/T_UDK_Sky_CloudMask01_N.uasset" 794
"../../../Engine/Content/MapTemplates/T_UDK_Sky_CloudMask03.uasset" 795
"../../../Engine/Content/MapTemplates/Sky/M_Procedural_Sky_MASTER02.uasset" 796
"../../../Engine/Content/MapTemplates/Sky/SM_SkySphere.uasset" 797
"../../../../UnrealProjects/Bambu/project/Content/ThirdPersonBP/Maps/MapPlay.umap" 798
"../../../../UnrealProjects/Bambu/project/Content/ThirdPersonBP/Controllers/MainMenuController.uasset" 799
"../../../Engine/Content/EngineFonts/Faces/DroidSansMono.uasset" 800
"../../../Engine/Content/EngineFonts/DroidSansMono.uasset" 801
"../../../../UnrealProjects/Bambu/project/Content/ThirdPersonBP/Imagens/Template.uasset" 802
"../../../../UnrealProjects/Bambu/project/Content/ThirdPersonBP/Materials/1280.uasset" 803
"../../../../UnrealProjects/Bambu/project/Content/ThirdPersonBP/Materials/1280Pressionado.uasset" 804
"../../../../UnrealProjects/Bambu/project/Content/ThirdPersonBP/Materials/1920.uasset" 805
"../../../../UnrealProjects/Bambu/project/Content/ThirdPersonBP/Materials/1920Pressionado.uasset" 806
"../../../../UnrealProjects/Bambu/project/Content/ThirdPersonBP/Materials/640.uasset" 807
"../../../../UnrealProjects/Bambu/project/Content/ThirdPersonBP/Materials/640Pressionado.uasset" 808
"../../../../UnrealProjects/Bambu/project/Content/ThirdPersonBP/Materials/Jogar.uasset" 809
"../../../../UnrealProjects/Bambu/project/Content/ThirdPersonBP/Materials/JogarPressionado.uasset" 810
"../../../../UnrealProjects/Bambu/project/Content/ThirdPersonBP/Materials/Opcoes.uasset" 811
"../../../../UnrealProjects/Bambu/project/Content/ThirdPersonBP/Materials/OpcoesPressionado.uasset" 812
"../../../../UnrealProjects/Bambu/project/Content/ThirdPersonBP/Materials/Sair.uasset" 813
"../../../../UnrealProjects/Bambu/project/Content/ThirdPersonBP/Materials/SairPressionado.uasset" 814
"../../../../UnrealProjects/Bambu/project/Content/ThirdPersonBP/Materials/TemplatePressionado.uasset" 815
"../../../../UnrealProjects/Bambu/project/Content/ThirdPersonBP/Materials/Voltar.uasset" 816
"../../../../UnrealProjects/Bambu/project/Content/ThirdPersonBP/Materials/VoltarPressionado.uasset" 817
"../../../../UnrealProjects/Bambu/project/Content/ThirdPersonBP/HUD/MainMenuWidget.uasset" 818
"../../../../UnrealProjects/Bambu/project/Content/ThirdPersonBP/HUD/MainMenuHUD.uasset" 819
"../../../../UnrealProjects/Bambu/project/Content/ThirdPersonBP/Blueprints/MainMenuGameMode.uasset" 820
"../../../../UnrealProjects/Bambu/project/Content/ThirdPersonBP/Maps/Menumap.umap" 821
"../../../../UnrealProjects/Bambu/project/Content/ThirdPersonBP/Maps/ThirdPersonExampleMap_BuiltData.uasset" 822
"../../../../UnrealProjects/Bambu/project/Content/Geometry/Meshes/CubeMaterial.uasset" 823
"../../../../UnrealProjects/Bambu/project/Content/Geometry/Meshes/1M_Cube.uasset" 824
"../../../../UnrealProjects/Bambu/project/Content/Geometry/Meshes/1M_Cube_Chamfer.uasset" 825
"../../../../UnrealProjects/Bambu/project/Content/Geometry/Meshes/TemplateFloor.uasset" 826
"../../../../UnrealProjects/Bambu/project/Content/ThirdPerson/Meshes/RampMaterial.uasset" 827
"../../../../UnrealProjects/Bambu/project/Content/ThirdPerson/Meshes/Bump_StaticMesh.uasset" 828
"../../../../UnrealProjects/Bambu/project/Content/ThirdPerson/Meshes/LeftArm_StaticMesh.uasset" 829
"../../../../UnrealProjects/Bambu/project/Content/ThirdPerson/Meshes/Linear_Stair_StaticMesh.uasset" 830
"../../../../UnrealProjects/Bambu/project/Content/ThirdPerson/Meshes/Ramp_StaticMesh.uasset" 831
"../../../../UnrealProjects/Bambu/project/Content/ThirdPerson/Meshes/RightArm_StaticMesh.uasset" 832
"../../../../UnrealProjects/Bambu/project/Content/ThirdPersonBP/Maps/ThirdPersonExampleMap.umap" 833
"../../../Engine/Content/Maps/Entry_BuiltData.uasset" 834
"../../../Engine/Content/Maps/Entry.umap" 835
