Log file open, 11/22/20 15:39:41
LogInit: Display: Running engine for game: project
LogPlatformFile: Not using cached read wrapper
LogTaskGraph: Started task graph with 5 named threads and 47 total threads with 3 sets of task threads.
LogStats: Stats thread started at 0.245621
LogD3D11RHI: Loaded GFSDK_Aftermath_Lib.x64.dll
LogICUInternationalization: ICU TimeZone Detection - Raw Offset: -3:00, Platform Override: ''
LogPluginManager: Mounting plugin Paper2D
LogPluginManager: Mounting plugin AISupport
LogPluginManager: Mounting plugin LightPropagationVolume
LogPluginManager: Mounting plugin CameraShakePreviewer
LogPluginManager: Mounting plugin ActorLayerUtilities
LogPluginManager: Mounting plugin AnimationSharing
LogPluginManager: Mounting plugin CLionSourceCodeAccess
LogPluginManager: Mounting plugin CodeLiteSourceCodeAccess
LogPluginManager: Mounting plugin GitSourceControl
LogPluginManager: Mounting plugin KDevelopSourceCodeAccess
LogPluginManager: Mounting plugin NullSourceCodeAccess
LogPluginManager: Mounting plugin PerforceSourceControl
LogPluginManager: Mounting plugin PlasticSourceControl
LogPluginManager: Mounting plugin RiderSourceCodeAccess
LogPluginManager: Mounting plugin SubversionSourceControl
LogPluginManager: Mounting plugin UObjectPlugin
LogPluginManager: Mounting plugin VisualStudioCodeSourceCodeAccess
LogPluginManager: Mounting plugin VisualStudioSourceCodeAccess
LogPluginManager: Mounting plugin XCodeSourceCodeAccess
LogPluginManager: Mounting plugin AssetManagerEditor
LogPluginManager: Mounting plugin CryptoKeys
LogPluginManager: Mounting plugin CurveEditorTools
LogPluginManager: Mounting plugin DataValidation
LogPluginManager: Mounting plugin EditorScriptingUtilities
LogPluginManager: Mounting plugin FacialAnimation
LogPluginManager: Mounting plugin GameplayTagsEditor
LogPluginManager: Mounting plugin GeometryMode
LogPluginManager: Mounting plugin MacGraphicsSwitching
LogPluginManager: Mounting plugin MaterialAnalyzer
LogPluginManager: Mounting plugin MobileLauncherProfileWizard
LogPluginManager: Mounting plugin PluginBrowser
LogPluginManager: Mounting plugin SpeedTreeImporter
LogPluginManager: Mounting plugin DatasmithContent
LogPluginManager: Mounting plugin VariantManagerContent
LogPluginManager: Mounting plugin AlembicImporter
LogPluginManager: Mounting plugin AutomationUtils
LogPluginManager: Mounting plugin BackChannel
LogPluginManager: Mounting plugin ChaosCloth
LogPluginManager: Mounting plugin ChaosClothEditor
LogPluginManager: Mounting plugin ChaosEditor
LogPluginManager: Mounting plugin ChaosNiagara
LogPluginManager: Mounting plugin ChaosSolverPlugin
LogPluginManager: Mounting plugin CharacterAI
LogPluginManager: Mounting plugin GeometryCache
LogPluginManager: Mounting plugin GeometryCollectionPlugin
LogPluginManager: Mounting plugin GeometryProcessing
LogPluginManager: Mounting plugin PlanarCut
LogPluginManager: Mounting plugin PlatformCrypto
LogPluginManager: Mounting plugin ProxyLODPlugin
LogPluginManager: Mounting plugin SkeletalReduction
LogPluginManager: Mounting plugin Niagara
LogPluginManager: Mounting plugin MagicLeap
LogPluginManager: Mounting plugin MagicLeapLightEstimation
LogPluginManager: Mounting plugin MagicLeapMedia
LogPluginManager: Mounting plugin MagicLeapPassableWorld
LogPluginManager: Mounting plugin MLSDK
LogPluginManager: Mounting plugin AndroidMedia
LogPluginManager: Mounting plugin AvfMedia
LogPluginManager: Mounting plugin ImgMedia
LogPluginManager: Mounting plugin MediaCompositing
LogPluginManager: Mounting plugin MediaPlayerEditor
LogPluginManager: Mounting plugin WebMMedia
LogPluginManager: Mounting plugin WmfMedia
LogPluginManager: Mounting plugin MeshPainting
LogPluginManager: Mounting plugin TcpMessaging
LogPluginManager: Mounting plugin UdpMessaging
LogPluginManager: Mounting plugin ActorSequence
LogPluginManager: Mounting plugin LevelSequenceEditor
LogPluginManager: Mounting plugin MatineeToLevelSequence
LogPluginManager: Mounting plugin MovieRenderPipeline
LogPluginManager: Mounting plugin TemplateSequence
LogPluginManager: Mounting plugin NetcodeUnitTest
LogPluginManager: Mounting plugin NUTUnrealEngine4
LogPluginManager: Mounting plugin OnlineSubsystemGooglePlay
LogPluginManager: Mounting plugin OnlineSubsystemIOS
LogPluginManager: Mounting plugin OnlineSubsystem
LogPluginManager: Mounting plugin OnlineSubsystemNull
LogPluginManager: Mounting plugin OnlineSubsystemUtils
LogPluginManager: Mounting plugin LauncherChunkInstaller
LogPluginManager: Mounting plugin AndroidDeviceProfileSelector
LogPluginManager: Mounting plugin AndroidMoviePlayer
LogPluginManager: Mounting plugin AndroidPermission
LogPluginManager: Mounting plugin AppleImageUtils
LogPluginManager: Mounting plugin AppleMoviePlayer
LogPluginManager: Mounting plugin ArchVisCharacter
LogPluginManager: Mounting plugin AssetTags
LogPluginManager: Mounting plugin AudioCapture
LogPluginManager: Mounting plugin CableComponent
LogPluginManager: Mounting plugin CustomMeshComponent
LogPluginManager: Mounting plugin EditableMesh
LogPluginManager: Mounting plugin ExampleDeviceProfileSelector
LogPluginManager: Mounting plugin GoogleCloudMessaging
LogPluginManager: Mounting plugin GooglePAD
LogPluginManager: Mounting plugin IOSDeviceProfileSelector
LogPluginManager: Mounting plugin LinuxDeviceProfileSelector
LogPluginManager: Mounting plugin LocationServicesBPLibrary
LogPluginManager: Mounting plugin MobilePatchingUtils
LogPluginManager: Mounting plugin OculusVR
LogPluginManager: Mounting plugin PhysXVehicles
LogPluginManager: Mounting plugin PostSplashScreen
LogPluginManager: Mounting plugin ProceduralMeshComponent
LogPluginManager: Mounting plugin RuntimePhysXCooking
LogPluginManager: Mounting plugin SignificanceManager
LogPluginManager: Mounting plugin SoundFields
LogPluginManager: Mounting plugin SteamVR
LogPluginManager: Mounting plugin Synthesis
LogPluginManager: Mounting plugin WebMMoviePlayer
LogPluginManager: Mounting plugin WindowsMoviePlayer
LogPluginManager: Mounting plugin ScreenshotTools
LogInit: Using libcurl 7.55.1-DEV
LogInit:  - built for x86_64-pc-win32
LogInit:  - supports SSL with OpenSSL/1.1.1
LogInit:  - supports HTTP deflate (compression) using libz 1.2.8
LogInit:  - other features:
LogInit:      CURL_VERSION_SSL
LogInit:      CURL_VERSION_LIBZ
LogInit:      CURL_VERSION_IPV6
LogInit:      CURL_VERSION_ASYNCHDNS
LogInit:      CURL_VERSION_LARGEFILE
LogInit:      CURL_VERSION_IDN
LogInit:  CurlRequestOptions (configurable via config and command line):
LogInit:  - bVerifyPeer = true  - Libcurl will verify peer certificate
LogInit:  - bUseHttpProxy = false  - Libcurl will NOT use HTTP proxy
LogInit:  - bDontReuseConnections = false  - Libcurl will reuse connections
LogInit:  - MaxHostConnections = 16  - Libcurl will limit the number of connections to a host
LogInit:  - LocalHostAddr = Default
LogInit:  - BufferSize = 65536
LogOnline: OSS: Creating online subsystem instance for: NULL
LogInit: WinSock: version 1.1 (2.2), MaxSocks=32767, MaxUdp=65467
LogOnline: OSS: TryLoadSubsystemAndSetDefault: Loaded subsystem for module [NULL]
LogInit: Build: ++UE4+Release-4.25-CL-13942748
LogInit: Engine Version: 4.25.3-13942748+++UE4+Release-4.25
LogInit: Compatible Engine Version: 4.25.0-13144385+++UE4+Release-4.25
LogInit: Net CL: 13144385
LogInit: OS: Windows 10 (Release 1909) (), CPU: Intel(R) Core(TM) i9-9900KF CPU @ 3.60GHz, GPU: NVIDIA GeForce RTX 2070
LogInit: Compiled (64-bit): Jul 25 2020 02:07:48
LogInit: Compiled with Visual C++: 19.24.28315.00
LogInit: Build Configuration: Development
LogInit: Branch Name: ++UE4+Release-4.25
LogInit: Command Line:  -EpicPortal -epicusername=guisolski -epicuserid=0528e19205a04b869410503fdd95b19c -epiclocale=pt-BR
LogInit: Base Directory: D:/EpicGames/UE_4.25/Engine/Binaries/Win64/
LogInit: Allocator: TBB
LogInit: Installed Engine Build: 1
LogDevObjectVersion: Number of dev versions registered: 26
LogDevObjectVersion:   Dev-Blueprints (B0D832E4-1F89-4F0D-ACCF-7EB736FD4AA2): 10
LogDevObjectVersion:   Dev-Build (E1C64328-A22C-4D53-A36C-8E866417BD8C): 0
LogDevObjectVersion:   Dev-Core (375EC13C-06E4-48FB-B500-84F0262A717E): 4
LogDevObjectVersion:   Dev-Editor (E4B068ED-F494-42E9-A231-DA0B2E46BB41): 38
LogDevObjectVersion:   Dev-Framework (CFFC743F-43B0-4480-9391-14DF171D2073): 37
LogDevObjectVersion:   Dev-Mobile (B02B49B5-BB20-44E9-A304-32B752E40360): 2
LogDevObjectVersion:   Dev-Networking (A4E4105C-59A1-49B5-A7C5-40C4547EDFEE): 0
LogDevObjectVersion:   Dev-Online (39C831C9-5AE6-47DC-9A44-9C173E1C8E7C): 0
LogDevObjectVersion:   Dev-Physics (78F01B33-EBEA-4F98-B9B4-84EACCB95AA2): 4
LogDevObjectVersion:   Dev-Platform (6631380F-2D4D-43E0-8009-CF276956A95A): 0
LogDevObjectVersion:   Dev-Rendering (12F88B9F-8875-4AFC-A67C-D90C383ABD29): 43
LogDevObjectVersion:   Dev-Sequencer (7B5AE74C-D270-4C10-A958-57980B212A5A): 12
LogDevObjectVersion:   Dev-VR (D7296918-1DD6-4BDD-9DE2-64A83CC13884): 3
LogDevObjectVersion:   Dev-LoadTimes (C2A15278-BFE7-4AFE-6C17-90FF531DF755): 1
LogDevObjectVersion:   Private-Geometry (6EACA3D4-40EC-4CC1-B786-8BED09428FC5): 3
LogDevObjectVersion:   Dev-AnimPhys (29E575DD-E0A3-4627-9D10-D276232CDCEA): 17
LogDevObjectVersion:   Dev-Anim (AF43A65D-7FD3-4947-9873-3E8ED9C1BB05): 7
LogDevObjectVersion:   Dev-ReflectionCapture (6B266CEC-1EC7-4B8F-A30B-E4D90942FC07): 1
LogDevObjectVersion:   Dev-Automation (0DF73D61-A23F-47EA-B727-89E90C41499A): 1
LogDevObjectVersion:   FortniteMain (601D1886-AC64-4F84-AA16-D3DE0DEAC7D6): 31
LogDevObjectVersion:   Dev-Enterprise (9DFFBCD6-494F-0158-E221-12823C92A888): 10
LogDevObjectVersion:   Dev-Niagara (F2AED0AC-9AFE-416F-8664-AA7FFA26D6FC): 1
LogDevObjectVersion:   Dev-Destruction (174F1F0B-B4C6-45A5-B13F-2EE8D0FB917D): 10
LogDevObjectVersion:   Dev-Physics-Ext (35F94A83-E258-406C-A318-09F59610247C): 37
LogDevObjectVersion:   Dev-PhysicsMaterial-Chaos (B68FC16E-8B1B-42E2-B453-215C058844FE): 1
LogDevObjectVersion:   Dev-CineCamera (B2E18506-4273-CFC2-A54E-F4BB758BBA07): 1
LogInit: Presizing for max 25165824 objects, including 0 objects not considered by GC, pre-allocating 0 bytes for permanent pool.
LogConfig: Applying CVar settings from Section [/Script/Engine.StreamingSettings] File [D:/EpicGames/UnrealProjects/Bambu/project/Saved/Config/Windows/Engine.ini]
LogConfig: Setting CVar [[s.MinBulkDataSizeForAsyncLoading:131072]]
LogConfig: Setting CVar [[s.AsyncLoadingThreadEnabled:0]]
LogConfig: Setting CVar [[s.EventDrivenLoaderEnabled:1]]
LogConfig: Setting CVar [[s.WarnIfTimeLimitExceeded:0]]
LogConfig: Setting CVar [[s.TimeLimitExceededMultiplier:1.5]]
LogConfig: Setting CVar [[s.TimeLimitExceededMinTime:0.005]]
LogConfig: Setting CVar [[s.UseBackgroundLevelStreaming:1]]
LogConfig: Setting CVar [[s.PriorityAsyncLoadingExtraTime:15.0]]
LogConfig: Setting CVar [[s.LevelStreamingActorsUpdateTimeLimit:5.0]]
LogConfig: Setting CVar [[s.PriorityLevelStreamingActorsUpdateExtraTime:5.0]]
LogConfig: Setting CVar [[s.LevelStreamingComponentsRegistrationGranularity:10]]
LogConfig: Setting CVar [[s.UnregisterComponentsTimeLimit:1.0]]
LogConfig: Setting CVar [[s.LevelStreamingComponentsUnregistrationGranularity:5]]
LogConfig: Setting CVar [[s.FlushStreamingOnExit:1]]
LogInit: Object subsystem initialized
LogConfig: Setting CVar [[con.DebugEarlyDefault:1]]
LogConfig: Setting CVar [[r.setres:1280x720]]
[2020.11.22-18.39.41:407][  0]LogConfig: Setting CVar [[r.VSync:0]]
[2020.11.22-18.39.41:407][  0]LogConfig: Setting CVar [[r.RHICmdBypass:0]]
[2020.11.22-18.39.41:408][  0]LogConfig: Applying CVar settings from Section [/Script/Engine.RendererSettings] File [D:/EpicGames/UnrealProjects/Bambu/project/Saved/Config/Windows/Engine.ini]
[2020.11.22-18.39.41:408][  0]LogConfig: Setting CVar [[r.GPUCrashDebugging:0]]
[2020.11.22-18.39.41:408][  0]LogConfig: Applying CVar settings from Section [/Script/Engine.RendererOverrideSettings] File [D:/EpicGames/UnrealProjects/Bambu/project/Saved/Config/Windows/Engine.ini]
[2020.11.22-18.39.41:408][  0]LogConfig: Applying CVar settings from Section [/Script/Engine.StreamingSettings] File [D:/EpicGames/UnrealProjects/Bambu/project/Saved/Config/Windows/Engine.ini]
[2020.11.22-18.39.41:408][  0]LogConfig: Setting CVar [[s.MinBulkDataSizeForAsyncLoading:131072]]
[2020.11.22-18.39.41:408][  0]LogConfig: Setting CVar [[s.AsyncLoadingThreadEnabled:0]]
[2020.11.22-18.39.41:408][  0]LogConfig: Setting CVar [[s.EventDrivenLoaderEnabled:1]]
[2020.11.22-18.39.41:408][  0]LogConfig: Setting CVar [[s.WarnIfTimeLimitExceeded:0]]
[2020.11.22-18.39.41:408][  0]LogConfig: Setting CVar [[s.TimeLimitExceededMultiplier:1.5]]
[2020.11.22-18.39.41:408][  0]LogConfig: Setting CVar [[s.TimeLimitExceededMinTime:0.005]]
[2020.11.22-18.39.41:408][  0]LogConfig: Setting CVar [[s.UseBackgroundLevelStreaming:1]]
[2020.11.22-18.39.41:408][  0]LogConfig: Setting CVar [[s.PriorityAsyncLoadingExtraTime:15.0]]
[2020.11.22-18.39.41:408][  0]LogConfig: Setting CVar [[s.LevelStreamingActorsUpdateTimeLimit:5.0]]
[2020.11.22-18.39.41:408][  0]LogConfig: Setting CVar [[s.PriorityLevelStreamingActorsUpdateExtraTime:5.0]]
[2020.11.22-18.39.41:408][  0]LogConfig: Setting CVar [[s.LevelStreamingComponentsRegistrationGranularity:10]]
[2020.11.22-18.39.41:408][  0]LogConfig: Setting CVar [[s.UnregisterComponentsTimeLimit:1.0]]
[2020.11.22-18.39.41:408][  0]LogConfig: Setting CVar [[s.LevelStreamingComponentsUnregistrationGranularity:5]]
[2020.11.22-18.39.41:408][  0]LogConfig: Setting CVar [[s.FlushStreamingOnExit:1]]
[2020.11.22-18.39.41:408][  0]LogConfig: Applying CVar settings from Section [/Script/Engine.GarbageCollectionSettings] File [D:/EpicGames/UnrealProjects/Bambu/project/Saved/Config/Windows/Engine.ini]
[2020.11.22-18.39.41:408][  0]LogConfig: Setting CVar [[gc.MaxObjectsNotConsideredByGC:1]]
[2020.11.22-18.39.41:408][  0]LogConfig: Setting CVar [[gc.SizeOfPermanentObjectPool:0]]
[2020.11.22-18.39.41:408][  0]LogConfig: Setting CVar [[gc.FlushStreamingOnGC:0]]
[2020.11.22-18.39.41:408][  0]LogConfig: Setting CVar [[gc.NumRetriesBeforeForcingGC:10]]
[2020.11.22-18.39.41:408][  0]LogConfig: Setting CVar [[gc.AllowParallelGC:1]]
[2020.11.22-18.39.41:408][  0]LogConfig: Setting CVar [[gc.TimeBetweenPurgingPendingKillObjects:61.1]]
[2020.11.22-18.39.41:408][  0]LogConfig: Setting CVar [[gc.MaxObjectsInEditor:25165824]]
[2020.11.22-18.39.41:408][  0]LogConfig: Setting CVar [[gc.IncrementalBeginDestroyEnabled:1]]
[2020.11.22-18.39.41:408][  0]LogConfig: Setting CVar [[gc.CreateGCClusters:1]]
[2020.11.22-18.39.41:408][  0]LogConfig: Setting CVar [[gc.MinGCClusterSize:5]]
[2020.11.22-18.39.41:408][  0]LogConfig: Setting CVar [[gc.ActorClusteringEnabled:0]]
[2020.11.22-18.39.41:408][  0]LogConfig: Setting CVar [[gc.BlueprintClusteringEnabled:0]]
[2020.11.22-18.39.41:408][  0]LogConfig: Setting CVar [[gc.UseDisregardForGCOnDedicatedServers:0]]
[2020.11.22-18.39.41:408][  0]LogConfig: Applying CVar settings from Section [/Script/Engine.NetworkSettings] File [D:/EpicGames/UnrealProjects/Bambu/project/Saved/Config/Windows/Engine.ini]
[2020.11.22-18.39.41:408][  0]LogConfig: Applying CVar settings from Section [/Script/UnrealEd.CookerSettings] File [D:/EpicGames/UnrealProjects/Bambu/project/Saved/Config/Windows/Engine.ini]
[2020.11.22-18.39.41:412][  0]LogConfig: Applying CVar settings from Section [ViewDistanceQuality@3] File [D:/EpicGames/UnrealProjects/Bambu/project/Saved/Config/Windows/Scalability.ini]
[2020.11.22-18.39.41:412][  0]LogConfig: Setting CVar [[r.SkeletalMeshLODBias:0]]
[2020.11.22-18.39.41:412][  0]LogConfig: Setting CVar [[r.ViewDistanceScale:1.0]]
[2020.11.22-18.39.41:412][  0]LogConfig: Applying CVar settings from Section [AntiAliasingQuality@3] File [D:/EpicGames/UnrealProjects/Bambu/project/Saved/Config/Windows/Scalability.ini]
[2020.11.22-18.39.41:412][  0]LogConfig: Setting CVar [[r.PostProcessAAQuality:4]]
[2020.11.22-18.39.41:412][  0]LogConfig: Applying CVar settings from Section [ShadowQuality@3] File [D:/EpicGames/UnrealProjects/Bambu/project/Saved/Config/Windows/Scalability.ini]
[2020.11.22-18.39.41:412][  0]LogConfig: Setting CVar [[r.LightFunctionQuality:1]]
[2020.11.22-18.39.41:412][  0]LogConfig: Setting CVar [[r.ShadowQuality:5]]
[2020.11.22-18.39.41:412][  0]LogConfig: Setting CVar [[r.Shadow.CSM.MaxCascades:10]]
[2020.11.22-18.39.41:412][  0]LogConfig: Setting CVar [[r.Shadow.MaxResolution:2048]]
[2020.11.22-18.39.41:412][  0]LogConfig: Setting CVar [[r.Shadow.MaxCSMResolution:2048]]
[2020.11.22-18.39.41:412][  0]LogConfig: Setting CVar [[r.Shadow.RadiusThreshold:0.01]]
[2020.11.22-18.39.41:412][  0]LogConfig: Setting CVar [[r.Shadow.DistanceScale:1.0]]
[2020.11.22-18.39.41:412][  0]LogConfig: Setting CVar [[r.Shadow.CSM.TransitionScale:1.0]]
[2020.11.22-18.39.41:412][  0]LogConfig: Setting CVar [[r.Shadow.PreShadowResolutionFactor:1.0]]
[2020.11.22-18.39.41:412][  0]LogConfig: Setting CVar [[r.DistanceFieldShadowing:1]]
[2020.11.22-18.39.41:412][  0]LogConfig: Setting CVar [[r.DistanceFieldAO:1]]
[2020.11.22-18.39.41:412][  0]LogConfig: Setting CVar [[r.AOQuality:2]]
[2020.11.22-18.39.41:412][  0]LogConfig: Setting CVar [[r.VolumetricFog:1]]
[2020.11.22-18.39.41:412][  0]LogConfig: Setting CVar [[r.VolumetricFog.GridPixelSize:8]]
[2020.11.22-18.39.41:412][  0]LogConfig: Setting CVar [[r.VolumetricFog.GridSizeZ:128]]
[2020.11.22-18.39.41:412][  0]LogConfig: Setting CVar [[r.VolumetricFog.HistoryMissSupersampleCount:4]]
[2020.11.22-18.39.41:412][  0]LogConfig: Setting CVar [[r.LightMaxDrawDistanceScale:1]]
[2020.11.22-18.39.41:412][  0]LogConfig: Setting CVar [[r.CapsuleShadows:1]]
[2020.11.22-18.39.41:412][  0]LogConfig: Applying CVar settings from Section [PostProcessQuality@3] File [D:/EpicGames/UnrealProjects/Bambu/project/Saved/Config/Windows/Scalability.ini]
[2020.11.22-18.39.41:412][  0]LogConfig: Setting CVar [[r.MotionBlurQuality:4]]
[2020.11.22-18.39.41:412][  0]LogConfig: Setting CVar [[r.AmbientOcclusionMipLevelFactor:0.4]]
[2020.11.22-18.39.41:412][  0]LogConfig: Setting CVar [[r.AmbientOcclusionMaxQuality:100]]
[2020.11.22-18.39.41:412][  0]LogConfig: Setting CVar [[r.AmbientOcclusionLevels:-1]]
[2020.11.22-18.39.41:412][  0]LogConfig: Setting CVar [[r.AmbientOcclusionRadiusScale:1.0]]
[2020.11.22-18.39.41:412][  0]LogConfig: Setting CVar [[r.DepthOfFieldQuality:2]]
[2020.11.22-18.39.41:413][  0]LogConfig: Setting CVar [[r.RenderTargetPoolMin:400]]
[2020.11.22-18.39.41:413][  0]LogConfig: Setting CVar [[r.LensFlareQuality:2]]
[2020.11.22-18.39.41:413][  0]LogConfig: Setting CVar [[r.SceneColorFringeQuality:1]]
[2020.11.22-18.39.41:413][  0]LogConfig: Setting CVar [[r.EyeAdaptationQuality:2]]
[2020.11.22-18.39.41:413][  0]LogConfig: Setting CVar [[r.BloomQuality:5]]
[2020.11.22-18.39.41:413][  0]LogConfig: Setting CVar [[r.FastBlurThreshold:100]]
[2020.11.22-18.39.41:413][  0]LogConfig: Setting CVar [[r.Upscale.Quality:3]]
[2020.11.22-18.39.41:413][  0]LogConfig: Setting CVar [[r.Tonemapper.GrainQuantization:1]]
[2020.11.22-18.39.41:413][  0]LogConfig: Setting CVar [[r.LightShaftQuality:1]]
[2020.11.22-18.39.41:413][  0]LogConfig: Setting CVar [[r.Filter.SizeScale:1]]
[2020.11.22-18.39.41:413][  0]LogConfig: Setting CVar [[r.Tonemapper.Quality:5]]
[2020.11.22-18.39.41:413][  0]LogConfig: Setting CVar [[r.DOF.Gather.AccumulatorQuality:1        ; higher gathering accumulator quality]]
[2020.11.22-18.39.41:413][  0]LogConfig: Setting CVar [[r.DOF.Gather.PostfilterMethod:1          ; Median3x3 postfilering method]]
[2020.11.22-18.39.41:413][  0]LogConfig: Setting CVar [[r.DOF.Gather.EnableBokehSettings:0       ; no bokeh simulation when gathering]]
[2020.11.22-18.39.41:413][  0]LogConfig: Setting CVar [[r.DOF.Gather.RingCount:4                 ; medium number of samples when gathering]]
[2020.11.22-18.39.41:413][  0]LogConfig: Setting CVar [[r.DOF.Scatter.ForegroundCompositing:1    ; additive foreground scattering]]
[2020.11.22-18.39.41:413][  0]LogConfig: Setting CVar [[r.DOF.Scatter.BackgroundCompositing:2    ; additive background scattering]]
[2020.11.22-18.39.41:413][  0]LogConfig: Setting CVar [[r.DOF.Scatter.EnableBokehSettings:1      ; bokeh simulation when scattering]]
[2020.11.22-18.39.41:413][  0]LogConfig: Setting CVar [[r.DOF.Scatter.MaxSpriteRatio:0.1         ; only a maximum of 10% of scattered bokeh]]
[2020.11.22-18.39.41:413][  0]LogConfig: Setting CVar [[r.DOF.Recombine.Quality:1                ; cheap slight out of focus]]
[2020.11.22-18.39.41:413][  0]LogConfig: Setting CVar [[r.DOF.Recombine.EnableBokehSettings:0    ; no bokeh simulation on slight out of focus]]
[2020.11.22-18.39.41:413][  0]LogConfig: Setting CVar [[r.DOF.TemporalAAQuality:1                ; more stable temporal accumulation]]
[2020.11.22-18.39.41:413][  0]LogConfig: Setting CVar [[r.DOF.Kernel.MaxForegroundRadius:0.025]]
[2020.11.22-18.39.41:413][  0]LogConfig: Setting CVar [[r.DOF.Kernel.MaxBackgroundRadius:0.025]]
[2020.11.22-18.39.41:413][  0]LogConfig: Applying CVar settings from Section [TextureQuality@3] File [D:/EpicGames/UnrealProjects/Bambu/project/Saved/Config/Windows/Scalability.ini]
[2020.11.22-18.39.41:413][  0]LogConfig: Setting CVar [[r.Streaming.MipBias:0]]
[2020.11.22-18.39.41:413][  0]LogConfig: Setting CVar [[r.Streaming.AmortizeCPUToGPUCopy:0]]
[2020.11.22-18.39.41:413][  0]LogConfig: Setting CVar [[r.Streaming.MaxNumTexturesToStreamPerFrame:0]]
[2020.11.22-18.39.41:413][  0]LogConfig: Setting CVar [[r.Streaming.Boost:1]]
[2020.11.22-18.39.41:413][  0]LogConfig: Setting CVar [[r.MaxAnisotropy:8]]
[2020.11.22-18.39.41:413][  0]LogConfig: Setting CVar [[r.VT.MaxAnisotropy:8]]
[2020.11.22-18.39.41:413][  0]LogConfig: Setting CVar [[r.Streaming.LimitPoolSizeToVRAM:0]]
[2020.11.22-18.39.41:413][  0]LogConfig: Setting CVar [[r.Streaming.PoolSize:1000]]
[2020.11.22-18.39.41:413][  0]LogConfig: Setting CVar [[r.Streaming.MaxEffectiveScreenSize:0]]
[2020.11.22-18.39.41:413][  0]LogConfig: Applying CVar settings from Section [EffectsQuality@3] File [D:/EpicGames/UnrealProjects/Bambu/project/Saved/Config/Windows/Scalability.ini]
[2020.11.22-18.39.41:413][  0]LogConfig: Setting CVar [[r.TranslucencyLightingVolumeDim:64]]
[2020.11.22-18.39.41:413][  0]LogConfig: Setting CVar [[r.RefractionQuality:2]]
[2020.11.22-18.39.41:413][  0]LogConfig: Setting CVar [[r.SSR.Quality:3]]
[2020.11.22-18.39.41:413][  0]LogConfig: Setting CVar [[r.SSR.HalfResSceneColor:0]]
[2020.11.22-18.39.41:413][  0]LogConfig: Setting CVar [[r.SceneColorFormat:4]]
[2020.11.22-18.39.41:413][  0]LogConfig: Setting CVar [[r.DetailMode:2]]
[2020.11.22-18.39.41:413][  0]LogConfig: Setting CVar [[r.TranslucencyVolumeBlur:1]]
[2020.11.22-18.39.41:413][  0]LogConfig: Setting CVar [[r.MaterialQualityLevel:1 ; High quality]]
[2020.11.22-18.39.41:413][  0]LogConfig: Setting CVar [[r.SSS.Scale:1]]
[2020.11.22-18.39.41:413][  0]LogConfig: Setting CVar [[r.SSS.SampleSet:2]]
[2020.11.22-18.39.41:413][  0]LogConfig: Setting CVar [[r.SSS.Quality:1]]
[2020.11.22-18.39.41:413][  0]LogConfig: Setting CVar [[r.SSS.HalfRes:0]]
[2020.11.22-18.39.41:413][  0]LogConfig: Setting CVar [[r.SSGI.Quality:3]]
[2020.11.22-18.39.41:413][  0]LogConfig: Setting CVar [[r.EmitterSpawnRateScale:1.0]]
[2020.11.22-18.39.41:413][  0]LogConfig: Setting CVar [[r.ParticleLightQuality:2]]
[2020.11.22-18.39.41:413][  0]LogConfig: Setting CVar [[r.SkyAtmosphere.AerialPerspectiveLUT.FastApplyOnOpaque:1 ; Always have FastSkyLUT 1 in this case to avoid wrong sky]]
[2020.11.22-18.39.41:413][  0]LogConfig: Setting CVar [[r.SkyAtmosphere.AerialPerspectiveLUT.SampleCountPerSlice:1]]
[2020.11.22-18.39.41:413][  0]LogConfig: Setting CVar [[r.SkyAtmosphere.AerialPerspectiveLUT.DepthResolution:16.0]]
[2020.11.22-18.39.41:413][  0]LogConfig: Setting CVar [[r.SkyAtmosphere.FastSkyLUT:1]]
[2020.11.22-18.39.41:413][  0]LogConfig: Setting CVar [[r.SkyAtmosphere.FastSkyLUT.SampleCountMin:4.0]]
[2020.11.22-18.39.41:413][  0]LogConfig: Setting CVar [[r.SkyAtmosphere.FastSkyLUT.SampleCountMax:32.0]]
[2020.11.22-18.39.41:413][  0]LogConfig: Setting CVar [[r.SkyAtmosphere.SampleCountMin:4.0]]
[2020.11.22-18.39.41:413][  0]LogConfig: Setting CVar [[r.SkyAtmosphere.SampleCountMax:32.0]]
[2020.11.22-18.39.41:413][  0]LogConfig: Setting CVar [[r.SkyAtmosphere.TransmittanceLUT.UseSmallFormat:0]]
[2020.11.22-18.39.41:413][  0]LogConfig: Setting CVar [[r.SkyAtmosphere.TransmittanceLUT.SampleCount:10.0]]
[2020.11.22-18.39.41:413][  0]LogConfig: Setting CVar [[r.SkyAtmosphere.MultiScatteringLUT.SampleCount:15.0]]
[2020.11.22-18.39.41:413][  0]LogConfig: Applying CVar settings from Section [FoliageQuality@3] File [D:/EpicGames/UnrealProjects/Bambu/project/Saved/Config/Windows/Scalability.ini]
[2020.11.22-18.39.41:413][  0]LogConfig: Setting CVar [[foliage.DensityScale:1.0]]
[2020.11.22-18.39.41:413][  0]LogConfig: Setting CVar [[grass.DensityScale:1.0]]
[2020.11.22-18.39.41:413][  0]LogConfig: Applying CVar settings from Section [ShadingQuality@3] File [D:/EpicGames/UnrealProjects/Bambu/project/Saved/Config/Windows/Scalability.ini]
[2020.11.22-18.39.41:413][  0]LogConfig: Setting CVar [[r.HairStrands.SkyLighting.SampleCount:16]]
[2020.11.22-18.39.41:413][  0]LogConfig: Setting CVar [[r.HairStrands.SkyLighting.JitterIntegration:0]]
[2020.11.22-18.39.41:413][  0]LogConfig: Setting CVar [[r.HairStrands.SkyAO.SampleCount:16]]
[2020.11.22-18.39.41:413][  0]LogConfig: Setting CVar [[r.HairStrands.DeepShadow.SuperSampling:0]]
[2020.11.22-18.39.41:413][  0]LogConfig: Setting CVar [[r.HairStrands.VisibilityPPLL:0]]
[2020.11.22-18.39.41:413][  0]LogConfig: Setting CVar [[r.HairStrands.RasterizationScale:0.5]]
[2020.11.22-18.39.41:413][  0]LogConfig: Setting CVar [[r.HairStrands.VelocityRasterizationScale:1]]
[2020.11.22-18.39.41:413][  0]LogInit: Selected Device Profile: [Windows]
[2020.11.22-18.39.41:413][  0]LogInit: Applying CVar settings loaded from the selected device profile: [Windows]
[2020.11.22-18.39.41:413][  0]LogHAL: Display: Platform has ~ 16 GB [17090924544 / 17179869184 / 16], which maps to Larger [LargestMinGB=32, LargerMinGB=12, DefaultMinGB=8, SmallerMinGB=6, SmallestMinGB=0)
[2020.11.22-18.39.41:413][  0]LogInit: Going up to parent DeviceProfile []
[2020.11.22-18.39.41:413][  0]LogConfig: Applying CVar settings from Section [ViewDistanceQuality@3] File [D:/EpicGames/UnrealProjects/Bambu/project/Saved/Config/Windows/Scalability.ini]
[2020.11.22-18.39.41:413][  0]LogConfig: Setting CVar [[r.SkeletalMeshLODBias:0]]
[2020.11.22-18.39.41:413][  0]LogConfig: Setting CVar [[r.ViewDistanceScale:1.0]]
[2020.11.22-18.39.41:413][  0]LogConfig: Applying CVar settings from Section [AntiAliasingQuality@3] File [D:/EpicGames/UnrealProjects/Bambu/project/Saved/Config/Windows/Scalability.ini]
[2020.11.22-18.39.41:413][  0]LogConfig: Setting CVar [[r.PostProcessAAQuality:4]]
[2020.11.22-18.39.41:413][  0]LogConfig: Applying CVar settings from Section [ShadowQuality@3] File [D:/EpicGames/UnrealProjects/Bambu/project/Saved/Config/Windows/Scalability.ini]
[2020.11.22-18.39.41:413][  0]LogConfig: Setting CVar [[r.LightFunctionQuality:1]]
[2020.11.22-18.39.41:413][  0]LogConfig: Setting CVar [[r.ShadowQuality:5]]
[2020.11.22-18.39.41:413][  0]LogConfig: Setting CVar [[r.Shadow.CSM.MaxCascades:10]]
[2020.11.22-18.39.41:413][  0]LogConfig: Setting CVar [[r.Shadow.MaxResolution:2048]]
[2020.11.22-18.39.41:413][  0]LogConfig: Setting CVar [[r.Shadow.MaxCSMResolution:2048]]
[2020.11.22-18.39.41:413][  0]LogConfig: Setting CVar [[r.Shadow.RadiusThreshold:0.01]]
[2020.11.22-18.39.41:413][  0]LogConfig: Setting CVar [[r.Shadow.DistanceScale:1.0]]
[2020.11.22-18.39.41:413][  0]LogConfig: Setting CVar [[r.Shadow.CSM.TransitionScale:1.0]]
[2020.11.22-18.39.41:413][  0]LogConfig: Setting CVar [[r.Shadow.PreShadowResolutionFactor:1.0]]
[2020.11.22-18.39.41:413][  0]LogConfig: Setting CVar [[r.DistanceFieldShadowing:1]]
[2020.11.22-18.39.41:413][  0]LogConfig: Setting CVar [[r.DistanceFieldAO:1]]
[2020.11.22-18.39.41:413][  0]LogConfig: Setting CVar [[r.AOQuality:2]]
[2020.11.22-18.39.41:413][  0]LogConfig: Setting CVar [[r.VolumetricFog:1]]
[2020.11.22-18.39.41:413][  0]LogConfig: Setting CVar [[r.VolumetricFog.GridPixelSize:8]]
[2020.11.22-18.39.41:413][  0]LogConfig: Setting CVar [[r.VolumetricFog.GridSizeZ:128]]
[2020.11.22-18.39.41:414][  0]LogConfig: Setting CVar [[r.VolumetricFog.HistoryMissSupersampleCount:4]]
[2020.11.22-18.39.41:414][  0]LogConfig: Setting CVar [[r.LightMaxDrawDistanceScale:1]]
[2020.11.22-18.39.41:414][  0]LogConfig: Setting CVar [[r.CapsuleShadows:1]]
[2020.11.22-18.39.41:414][  0]LogConfig: Applying CVar settings from Section [PostProcessQuality@3] File [D:/EpicGames/UnrealProjects/Bambu/project/Saved/Config/Windows/Scalability.ini]
[2020.11.22-18.39.41:414][  0]LogConfig: Setting CVar [[r.MotionBlurQuality:4]]
[2020.11.22-18.39.41:414][  0]LogConfig: Setting CVar [[r.AmbientOcclusionMipLevelFactor:0.4]]
[2020.11.22-18.39.41:414][  0]LogConfig: Setting CVar [[r.AmbientOcclusionMaxQuality:100]]
[2020.11.22-18.39.41:414][  0]LogConfig: Setting CVar [[r.AmbientOcclusionLevels:-1]]
[2020.11.22-18.39.41:414][  0]LogConfig: Setting CVar [[r.AmbientOcclusionRadiusScale:1.0]]
[2020.11.22-18.39.41:414][  0]LogConfig: Setting CVar [[r.DepthOfFieldQuality:2]]
[2020.11.22-18.39.41:414][  0]LogConfig: Setting CVar [[r.RenderTargetPoolMin:400]]
[2020.11.22-18.39.41:414][  0]LogConfig: Setting CVar [[r.LensFlareQuality:2]]
[2020.11.22-18.39.41:414][  0]LogConfig: Setting CVar [[r.SceneColorFringeQuality:1]]
[2020.11.22-18.39.41:414][  0]LogConfig: Setting CVar [[r.EyeAdaptationQuality:2]]
[2020.11.22-18.39.41:414][  0]LogConfig: Setting CVar [[r.BloomQuality:5]]
[2020.11.22-18.39.41:414][  0]LogConfig: Setting CVar [[r.FastBlurThreshold:100]]
[2020.11.22-18.39.41:414][  0]LogConfig: Setting CVar [[r.Upscale.Quality:3]]
[2020.11.22-18.39.41:414][  0]LogConfig: Setting CVar [[r.Tonemapper.GrainQuantization:1]]
[2020.11.22-18.39.41:414][  0]LogConfig: Setting CVar [[r.LightShaftQuality:1]]
[2020.11.22-18.39.41:414][  0]LogConfig: Setting CVar [[r.Filter.SizeScale:1]]
[2020.11.22-18.39.41:414][  0]LogConfig: Setting CVar [[r.Tonemapper.Quality:5]]
[2020.11.22-18.39.41:414][  0]LogConfig: Setting CVar [[r.DOF.Gather.AccumulatorQuality:1        ; higher gathering accumulator quality]]
[2020.11.22-18.39.41:414][  0]LogConfig: Setting CVar [[r.DOF.Gather.PostfilterMethod:1          ; Median3x3 postfilering method]]
[2020.11.22-18.39.41:414][  0]LogConfig: Setting CVar [[r.DOF.Gather.EnableBokehSettings:0       ; no bokeh simulation when gathering]]
[2020.11.22-18.39.41:414][  0]LogConfig: Setting CVar [[r.DOF.Gather.RingCount:4                 ; medium number of samples when gathering]]
[2020.11.22-18.39.41:414][  0]LogConfig: Setting CVar [[r.DOF.Scatter.ForegroundCompositing:1    ; additive foreground scattering]]
[2020.11.22-18.39.41:414][  0]LogConfig: Setting CVar [[r.DOF.Scatter.BackgroundCompositing:2    ; additive background scattering]]
[2020.11.22-18.39.41:414][  0]LogConfig: Setting CVar [[r.DOF.Scatter.EnableBokehSettings:1      ; bokeh simulation when scattering]]
[2020.11.22-18.39.41:414][  0]LogConfig: Setting CVar [[r.DOF.Scatter.MaxSpriteRatio:0.1         ; only a maximum of 10% of scattered bokeh]]
[2020.11.22-18.39.41:414][  0]LogConfig: Setting CVar [[r.DOF.Recombine.Quality:1                ; cheap slight out of focus]]
[2020.11.22-18.39.41:414][  0]LogConfig: Setting CVar [[r.DOF.Recombine.EnableBokehSettings:0    ; no bokeh simulation on slight out of focus]]
[2020.11.22-18.39.41:414][  0]LogConfig: Setting CVar [[r.DOF.TemporalAAQuality:1                ; more stable temporal accumulation]]
[2020.11.22-18.39.41:414][  0]LogConfig: Setting CVar [[r.DOF.Kernel.MaxForegroundRadius:0.025]]
[2020.11.22-18.39.41:414][  0]LogConfig: Setting CVar [[r.DOF.Kernel.MaxBackgroundRadius:0.025]]
[2020.11.22-18.39.41:414][  0]LogConfig: Applying CVar settings from Section [TextureQuality@3] File [D:/EpicGames/UnrealProjects/Bambu/project/Saved/Config/Windows/Scalability.ini]
[2020.11.22-18.39.41:414][  0]LogConfig: Setting CVar [[r.Streaming.MipBias:0]]
[2020.11.22-18.39.41:414][  0]LogConfig: Setting CVar [[r.Streaming.AmortizeCPUToGPUCopy:0]]
[2020.11.22-18.39.41:414][  0]LogConfig: Setting CVar [[r.Streaming.MaxNumTexturesToStreamPerFrame:0]]
[2020.11.22-18.39.41:414][  0]LogConfig: Setting CVar [[r.Streaming.Boost:1]]
[2020.11.22-18.39.41:414][  0]LogConfig: Setting CVar [[r.MaxAnisotropy:8]]
[2020.11.22-18.39.41:414][  0]LogConfig: Setting CVar [[r.VT.MaxAnisotropy:8]]
[2020.11.22-18.39.41:414][  0]LogConfig: Setting CVar [[r.Streaming.LimitPoolSizeToVRAM:0]]
[2020.11.22-18.39.41:414][  0]LogConfig: Setting CVar [[r.Streaming.PoolSize:1000]]
[2020.11.22-18.39.41:414][  0]LogConfig: Setting CVar [[r.Streaming.MaxEffectiveScreenSize:0]]
[2020.11.22-18.39.41:414][  0]LogConfig: Applying CVar settings from Section [EffectsQuality@3] File [D:/EpicGames/UnrealProjects/Bambu/project/Saved/Config/Windows/Scalability.ini]
[2020.11.22-18.39.41:414][  0]LogConfig: Setting CVar [[r.TranslucencyLightingVolumeDim:64]]
[2020.11.22-18.39.41:414][  0]LogConfig: Setting CVar [[r.RefractionQuality:2]]
[2020.11.22-18.39.41:414][  0]LogConfig: Setting CVar [[r.SSR.Quality:3]]
[2020.11.22-18.39.41:414][  0]LogConfig: Setting CVar [[r.SSR.HalfResSceneColor:0]]
[2020.11.22-18.39.41:414][  0]LogConfig: Setting CVar [[r.SceneColorFormat:4]]
[2020.11.22-18.39.41:414][  0]LogConfig: Setting CVar [[r.DetailMode:2]]
[2020.11.22-18.39.41:414][  0]LogConfig: Setting CVar [[r.TranslucencyVolumeBlur:1]]
[2020.11.22-18.39.41:414][  0]LogConfig: Setting CVar [[r.MaterialQualityLevel:1 ; High quality]]
[2020.11.22-18.39.41:414][  0]LogConfig: Setting CVar [[r.SSS.Scale:1]]
[2020.11.22-18.39.41:414][  0]LogConfig: Setting CVar [[r.SSS.SampleSet:2]]
[2020.11.22-18.39.41:414][  0]LogConfig: Setting CVar [[r.SSS.Quality:1]]
[2020.11.22-18.39.41:414][  0]LogConfig: Setting CVar [[r.SSS.HalfRes:0]]
[2020.11.22-18.39.41:414][  0]LogConfig: Setting CVar [[r.SSGI.Quality:3]]
[2020.11.22-18.39.41:414][  0]LogConfig: Setting CVar [[r.EmitterSpawnRateScale:1.0]]
[2020.11.22-18.39.41:414][  0]LogConfig: Setting CVar [[r.ParticleLightQuality:2]]
[2020.11.22-18.39.41:414][  0]LogConfig: Setting CVar [[r.SkyAtmosphere.AerialPerspectiveLUT.FastApplyOnOpaque:1 ; Always have FastSkyLUT 1 in this case to avoid wrong sky]]
[2020.11.22-18.39.41:414][  0]LogConfig: Setting CVar [[r.SkyAtmosphere.AerialPerspectiveLUT.SampleCountPerSlice:1]]
[2020.11.22-18.39.41:414][  0]LogConfig: Setting CVar [[r.SkyAtmosphere.AerialPerspectiveLUT.DepthResolution:16.0]]
[2020.11.22-18.39.41:414][  0]LogConfig: Setting CVar [[r.SkyAtmosphere.FastSkyLUT:1]]
[2020.11.22-18.39.41:414][  0]LogConfig: Setting CVar [[r.SkyAtmosphere.FastSkyLUT.SampleCountMin:4.0]]
[2020.11.22-18.39.41:414][  0]LogConfig: Setting CVar [[r.SkyAtmosphere.FastSkyLUT.SampleCountMax:32.0]]
[2020.11.22-18.39.41:414][  0]LogConfig: Setting CVar [[r.SkyAtmosphere.SampleCountMin:4.0]]
[2020.11.22-18.39.41:414][  0]LogConfig: Setting CVar [[r.SkyAtmosphere.SampleCountMax:32.0]]
[2020.11.22-18.39.41:414][  0]LogConfig: Setting CVar [[r.SkyAtmosphere.TransmittanceLUT.UseSmallFormat:0]]
[2020.11.22-18.39.41:414][  0]LogConfig: Setting CVar [[r.SkyAtmosphere.TransmittanceLUT.SampleCount:10.0]]
[2020.11.22-18.39.41:414][  0]LogConfig: Setting CVar [[r.SkyAtmosphere.MultiScatteringLUT.SampleCount:15.0]]
[2020.11.22-18.39.41:414][  0]LogConfig: Applying CVar settings from Section [FoliageQuality@3] File [D:/EpicGames/UnrealProjects/Bambu/project/Saved/Config/Windows/Scalability.ini]
[2020.11.22-18.39.41:414][  0]LogConfig: Setting CVar [[foliage.DensityScale:1.0]]
[2020.11.22-18.39.41:414][  0]LogConfig: Setting CVar [[grass.DensityScale:1.0]]
[2020.11.22-18.39.41:414][  0]LogConfig: Applying CVar settings from Section [ShadingQuality@3] File [D:/EpicGames/UnrealProjects/Bambu/project/Saved/Config/Windows/Scalability.ini]
[2020.11.22-18.39.41:414][  0]LogConfig: Setting CVar [[r.HairStrands.SkyLighting.SampleCount:16]]
[2020.11.22-18.39.41:414][  0]LogConfig: Setting CVar [[r.HairStrands.SkyLighting.JitterIntegration:0]]
[2020.11.22-18.39.41:414][  0]LogConfig: Setting CVar [[r.HairStrands.SkyAO.SampleCount:16]]
[2020.11.22-18.39.41:414][  0]LogConfig: Setting CVar [[r.HairStrands.DeepShadow.SuperSampling:0]]
[2020.11.22-18.39.41:414][  0]LogConfig: Setting CVar [[r.HairStrands.VisibilityPPLL:0]]
[2020.11.22-18.39.41:414][  0]LogConfig: Setting CVar [[r.HairStrands.RasterizationScale:0.5]]
[2020.11.22-18.39.41:414][  0]LogConfig: Setting CVar [[r.HairStrands.VelocityRasterizationScale:1]]
[2020.11.22-18.39.41:414][  0]LogConfig: Applying CVar settings from Section [Startup] File [../../../Engine/Config/ConsoleVariables.ini]
[2020.11.22-18.39.41:414][  0]LogConfig: Setting CVar [[net.UseAdaptiveNetUpdateFrequency:0]]
[2020.11.22-18.39.41:414][  0]LogConfig: Setting CVar [[p.chaos.AllowCreatePhysxBodies:1]]
[2020.11.22-18.39.41:414][  0]LogConfig: Setting CVar [[fx.SkipVectorVMBackendOptimizations:1]]
[2020.11.22-18.39.41:414][  0]LogConfig: Applying CVar settings from Section [ConsoleVariables] File [D:/EpicGames/UnrealProjects/Bambu/project/Saved/Config/Windows/Engine.ini]
[2020.11.22-18.39.41:414][  0]LogInit: Computer: DESKTOP-UADTEP2
[2020.11.22-18.39.41:414][  0]LogInit: User: solski
[2020.11.22-18.39.41:414][  0]LogInit: CPU Page size=4096, Cores=8
[2020.11.22-18.39.41:414][  0]LogInit: High frequency timer resolution =10.000000 MHz
[2020.11.22-18.39.41:415][  0]LogMemory: Memory total: Physical=15.9GB (16GB approx)
[2020.11.22-18.39.41:415][  0]LogMemory: Platform Memory Stats for Windows
[2020.11.22-18.39.41:415][  0]LogMemory: Process Physical Memory: 115.77 MB used, 115.77 MB peak
[2020.11.22-18.39.41:415][  0]LogMemory: Process Virtual Memory: 98.07 MB used, 98.07 MB peak
[2020.11.22-18.39.41:415][  0]LogMemory: Physical Memory: 8236.80 MB used,  8062.38 MB free, 16299.18 MB total
[2020.11.22-18.39.41:415][  0]LogMemory: Virtual Memory: 5184.90 MB used,  134212544.00 MB free, 134217728.00 MB total
[2020.11.22-18.39.41:419][  0]LogWindows: WindowsPlatformFeatures enabled
[2020.11.22-18.39.41:454][  0]LogInit: Physics initialised using underlying interface: PhysX
[2020.11.22-18.39.41:455][  0]LogInit: Overriding language with editor language configuration option (en).
[2020.11.22-18.39.41:455][  0]LogInit: Overriding locale with editor locale configuration option (en).
[2020.11.22-18.39.41:592][  0]LogInit: Setting process to per monitor DPI aware
[2020.11.22-18.39.41:620][  0]LogSlate: New Slate User Created.  User Index 0, Is Virtual User: 0
[2020.11.22-18.39.41:620][  0]LogSlate: Slate User Registered.  User Index 0, Is Virtual User: 0
[2020.11.22-18.39.41:706][  0]LogHMD: Failed to initialize OpenVR with code 110
[2020.11.22-18.39.41:707][  0]LogD3D11RHI: D3D11 min allowed feature level: 11_0
[2020.11.22-18.39.41:707][  0]LogD3D11RHI: D3D11 max allowed feature level: 11_0
[2020.11.22-18.39.41:707][  0]LogD3D11RHI: D3D11 adapters:
[2020.11.22-18.39.41:782][  0]LogD3D11RHI:    0. 'NVIDIA GeForce RTX 2070' (Feature Level 11_0)
[2020.11.22-18.39.41:782][  0]LogD3D11RHI:       8031/0/8149 MB DedicatedVideo/DedicatedSystem/SharedSystem, Outputs:2, VendorId:0x10de
[2020.11.22-18.39.41:784][  0]LogD3D11RHI:    1. 'Microsoft Basic Render Driver' (Feature Level 11_0)
[2020.11.22-18.39.41:784][  0]LogD3D11RHI:       0/0/8149 MB DedicatedVideo/DedicatedSystem/SharedSystem, Outputs:0, VendorId:0x1414
[2020.11.22-18.39.41:784][  0]LogD3D11RHI: Chosen D3D11 Adapter: 0
[2020.11.22-18.39.41:788][  0]LogD3D11RHI: Creating new Direct3DDevice
[2020.11.22-18.39.41:788][  0]LogD3D11RHI:     GPU DeviceId: 0x1f02 (for the marketing name, search the web for "GPU Device Id")
[2020.11.22-18.39.41:788][  0]LogWindows: EnumDisplayDevices:
[2020.11.22-18.39.41:788][  0]LogWindows:    0. 'NVIDIA GeForce RTX 2070' (P:1 D:1)
[2020.11.22-18.39.41:789][  0]LogWindows:    1. 'NVIDIA GeForce RTX 2070' (P:0 D:1)
[2020.11.22-18.39.41:789][  0]LogWindows:    2. 'NVIDIA GeForce RTX 2070' (P:0 D:0)
[2020.11.22-18.39.41:789][  0]LogWindows:    3. 'NVIDIA GeForce RTX 2070' (P:0 D:0)
[2020.11.22-18.39.41:789][  0]LogWindows: DebugString: FoundDriverCount:4 
[2020.11.22-18.39.41:789][  0]LogD3D11RHI:     Adapter Name: NVIDIA GeForce RTX 2070
[2020.11.22-18.39.41:789][  0]LogD3D11RHI:   Driver Version: 456.38 (internal:27.21.14.5638, unified:456.38)
[2020.11.22-18.39.41:789][  0]LogD3D11RHI:      Driver Date: 9-14-2020
[2020.11.22-18.39.41:789][  0]LogRHI: Texture pool is 5621 MB (70% of 8031 MB)
[2020.11.22-18.39.41:824][  0]LogD3D11RHI: RHI has support for 64 bit atomics
[2020.11.22-18.39.41:826][  0]LogD3D11RHI: [Aftermath] Enabled and primed
[2020.11.22-18.39.41:826][  0]LogD3D11RHI: Async texture creation enabled
[2020.11.22-18.39.41:826][  0]LogD3D11RHI: Array index from any shader is supported
[2020.11.22-18.39.41:856][  0]LogD3D11RHI: GPU Timing Frequency: 1000.000000 (Debug: 2 1)
[2020.11.22-18.39.42:061][  0]LogTargetPlatformManager: Display: Loaded TargetPlatform 'AllDesktop'
[2020.11.22-18.39.42:076][  0]LogTargetPlatformManager: Display: Loaded TargetPlatform 'Android'
[2020.11.22-18.39.42:076][  0]LogTargetPlatformManager: Display: Loaded TargetPlatform 'Android_ASTC'
[2020.11.22-18.39.42:076][  0]LogTargetPlatformManager: Display: Loaded TargetPlatform 'Android_DXT'
[2020.11.22-18.39.42:076][  0]LogTargetPlatformManager: Display: Loaded TargetPlatform 'Android_ETC2'
[2020.11.22-18.39.42:076][  0]LogTargetPlatformManager: Display: Loaded TargetPlatform 'AndroidClient'
[2020.11.22-18.39.42:076][  0]LogTargetPlatformManager: Display: Loaded TargetPlatform 'Android_ASTCClient'
[2020.11.22-18.39.42:076][  0]LogTargetPlatformManager: Display: Loaded TargetPlatform 'Android_DXTClient'
[2020.11.22-18.39.42:076][  0]LogTargetPlatformManager: Display: Loaded TargetPlatform 'Android_ETC2Client'
[2020.11.22-18.39.42:076][  0]LogTargetPlatformManager: Display: Loaded TargetPlatform 'Android_Multi'
[2020.11.22-18.39.42:076][  0]LogTargetPlatformManager: Display: Loaded TargetPlatform 'Android_MultiClient'
[2020.11.22-18.39.42:093][  0]LogTargetPlatformManager: Display: Loaded TargetPlatform 'IOSClient'
[2020.11.22-18.39.42:093][  0]LogTargetPlatformManager: Display: Loaded TargetPlatform 'IOS'
[2020.11.22-18.39.42:100][  0]LogTargetPlatformManager: Display: Loaded TargetPlatform 'Linux'
[2020.11.22-18.39.42:107][  0]LogTargetPlatformManager: Display: Loaded TargetPlatform 'LinuxNoEditor'
[2020.11.22-18.39.42:113][  0]LogTargetPlatformManager: Display: Loaded TargetPlatform 'LinuxClient'
[2020.11.22-18.39.42:120][  0]LogTargetPlatformManager: Display: Loaded TargetPlatform 'LinuxServer'
[2020.11.22-18.39.42:126][  0]LogTargetPlatformManager: Display: Loaded TargetPlatform 'LinuxAArch64NoEditor'
[2020.11.22-18.39.42:133][  0]LogTargetPlatformManager: Display: Loaded TargetPlatform 'LinuxAArch64Client'
[2020.11.22-18.39.42:139][  0]LogTargetPlatformManager: Display: Loaded TargetPlatform 'LinuxAArch64Server'
[2020.11.22-18.39.42:156][  0]LogTargetPlatformManager: Display: Loaded TargetPlatform 'Lumin'
[2020.11.22-18.39.42:156][  0]LogTargetPlatformManager: Display: Loaded TargetPlatform 'LuminClient'
[2020.11.22-18.39.42:168][  0]LogTargetPlatformManager: Display: Loaded TargetPlatform 'TVOSClient'
[2020.11.22-18.39.42:168][  0]LogTargetPlatformManager: Display: Loaded TargetPlatform 'TVOS'
[2020.11.22-18.39.42:175][  0]LogTargetPlatformManager: Display: Loaded TargetPlatform 'WindowsNoEditor'
[2020.11.22-18.39.42:182][  0]LogTargetPlatformManager: Display: Loaded TargetPlatform 'Windows'
[2020.11.22-18.39.42:188][  0]LogTargetPlatformManager: Display: Loaded TargetPlatform 'WindowsClient'
[2020.11.22-18.39.42:194][  0]LogTargetPlatformManager: Display: Loaded TargetPlatform 'WindowsServer'
[2020.11.22-18.39.42:194][  0]LogTargetPlatformManager: Display: Building Assets For Windows
[2020.11.22-18.39.42:200][  0]LogAudioDebug: Display: Lib vorbis DLL was dynamically loaded.
[2020.11.22-18.39.42:246][  0]LogShaderCompilers: Guid format shader working directory is 7 characters bigger than the processId version (../../../../UnrealProjects/Bambu/project/Intermediate/Shaders/WorkingDirectory/6048/).
[2020.11.22-18.39.42:246][  0]LogShaderCompilers: Cleaned the shader compiler working directory 'C:/Users/solski/AppData/Local/Temp/UnrealShaderWorkingDir/619101DC424EBD2E21FB5BB6B584D952/'.
[2020.11.22-18.39.42:246][  0]LogXGEController: Cannot use XGE Controller as Incredibuild is not installed on this machine.
[2020.11.22-18.39.42:246][  0]LogShaderCompilers: Cannot use XGE Shader Compiler as Incredibuild is not installed on this machine.
[2020.11.22-18.39.42:246][  0]LogShaderCompilers: Display: Using Local Shader Compiler.
[2020.11.22-18.39.42:795][  0]LogDerivedDataCache: Display: Max Cache Size: 512 MB
[2020.11.22-18.39.42:838][  0]LogDerivedDataCache: Loaded boot cache 0.04s 75MB C:/Users/solski/AppData/Local/UnrealEngine/4.25/DerivedDataCache/Boot.ddc.
[2020.11.22-18.39.42:838][  0]LogDerivedDataCache: Display: Loaded Boot cache: C:/Users/solski/AppData/Local/UnrealEngine/4.25/DerivedDataCache/Boot.ddc
[2020.11.22-18.39.42:838][  0]LogDerivedDataCache: FDerivedDataBackendGraph:  Pak pak cache file ../../../../UnrealProjects/Bambu/project/DerivedDataCache/DDC.ddp not found, will not use a pak cache.
[2020.11.22-18.39.42:838][  0]LogDerivedDataCache: Unable to find inner node Pak for hierarchical cache Hierarchy.
[2020.11.22-18.39.42:838][  0]LogDerivedDataCache: FDerivedDataBackendGraph:  CompressedPak pak cache file ../../../../UnrealProjects/Bambu/project/DerivedDataCache/Compressed.ddp not found, will not use a pak cache.
[2020.11.22-18.39.42:838][  0]LogDerivedDataCache: Unable to find inner node CompressedPak for hierarchical cache Hierarchy.
[2020.11.22-18.39.42:845][  0]LogDerivedDataCache: Display: Pak cache opened for reading ../../../Engine/DerivedDataCache/Compressed.ddp.
[2020.11.22-18.39.42:845][  0]LogDerivedDataCache: FDerivedDataBackendGraph:  EnterprisePak pak cache file ../../../Enterprise/DerivedDataCache/Compressed.ddp not found, will not use a pak cache.
[2020.11.22-18.39.42:845][  0]LogDerivedDataCache: Unable to find inner node EnterprisePak for hierarchical cache Hierarchy.
[2020.11.22-18.39.42:846][  0]LogDerivedDataCache: Using Local data cache path C:/Users/solski/AppData/Local/UnrealEngine/Common/DerivedDataCache: Writable
[2020.11.22-18.39.42:846][  0]LogDerivedDataCache: Shared data cache path not found in *engine.ini, will not use an Shared cache.
[2020.11.22-18.39.42:846][  0]LogDerivedDataCache: Unable to find inner node Shared for hierarchical cache Hierarchy.
[2020.11.22-18.39.42:883][  0]LogSlate: Using FreeType 2.10.0
[2020.11.22-18.39.42:883][  0]LogSlate: SlateFontServices - WITH_FREETYPE: 1, WITH_HARFBUZZ: 1
[2020.11.22-18.39.42:902][  0]LogAssetRegistry: FAssetRegistry took 0.0018 seconds to start up
[2020.11.22-18.39.43:059][  0]LogInit: Selected Device Profile: [Windows]
[2020.11.22-18.39.43:141][  0]LogMeshReduction: Using QuadricMeshReduction for automatic static mesh reduction
[2020.11.22-18.39.43:141][  0]LogMeshReduction: Using SimplygonMeshReduction for automatic skeletal mesh reduction
[2020.11.22-18.39.43:141][  0]LogMeshReduction: Using ProxyLODMeshReduction for automatic mesh merging
[2020.11.22-18.39.43:141][  0]LogMeshReduction: No distributed automatic mesh merging module available
[2020.11.22-18.39.43:141][  0]LogMeshMerging: No distributed automatic mesh merging module available
[2020.11.22-18.39.43:155][  0]LogNetVersion: project 1.0.0, NetCL: 13144385, EngineNetVer: 14, GameNetVer: 0 (Checksum: 289691133)
[2020.11.22-18.39.43:477][  0]LogAISub: UAISubsystem::UAISubsystem AISubsystem (000001F08BC23940), frame # 0
[2020.11.22-18.39.43:477][  0]LogAISub: UAISubsystem::UAISubsystem AIPerceptionSystem (000001F08BC25080), frame # 0
[2020.11.22-18.39.43:477][  0]LogAISub: UAISubsystem::UAISubsystem EnvQueryManager (000001F08C0C8A00), frame # 0
[2020.11.22-18.39.43:654][  0]LogPackageLocalizationCache: Processed 19 localized package path(s) for 1 prioritized culture(s) in 0.172789 seconds
[2020.11.22-18.39.43:657][  0]LogUObjectArray: 15917 objects as part of root set at end of initial load.
[2020.11.22-18.39.43:657][  0]LogUObjectAllocator: 3965568 out of 0 bytes used by permanent object pool.
[2020.11.22-18.39.43:657][  0]LogUObjectArray: CloseDisregardForGC: 0/0 objects in disregard for GC pool
[2020.11.22-18.39.43:903][  0]LogTcpMessaging: Initializing TcpMessaging bridge
[2020.11.22-18.39.43:907][  0]LogUdpMessaging: Initializing bridge on interface 0.0.0.0:0 to multicast group 230.0.0.1:6666.
[2020.11.22-18.39.43:944][  0]LogLinker: Warning: Failed to load '/Game/Bambu/ThirdPersonOverview': Can't find file.
[2020.11.22-18.39.43:945][  0]LogLinker: Warning: Failed to load '/Game/Bambu/ThirdPersonOverview': Can't find file.
[2020.11.22-18.39.43:945][  0]LogUObjectGlobals: Warning: Failed to find object 'Class /Game/Bambu/ThirdPersonOverview.ThirdPersonOverview_C'
[2020.11.22-18.39.43:975][  0]SourceControl: Source control is disabled
[2020.11.22-18.39.44:636][  0]LogAndroidPermission: UAndroidPermissionCallbackProxy::GetInstance
[2020.11.22-18.39.44:652][  0]LogAudioCaptureCore: Display: No Audio Capture implementations found. Audio input will be silent.
[2020.11.22-18.39.44:652][  0]LogAudioCaptureCore: Display: No Audio Capture implementations found. Audio input will be silent.
[2020.11.22-18.39.44:688][  0]LogOcInput: OculusInput pre-init called
[2020.11.22-18.39.44:696][  0]LogWindows: Failed to load 'OVRPlugin.dll' (GetLastError=126)
[2020.11.22-18.39.44:696][  0]LogWindows: File 'OVRPlugin.dll' does not exist
[2020.11.22-18.39.44:741][  0]LogEngine: Initializing Engine...
[2020.11.22-18.39.44:742][  0]LogHMD: Failed to initialize OpenVR with code 110
[2020.11.22-18.39.44:742][  0]LogMagicLeap: Warning: VR disabled because ZI is not enabled.  To enable, in the editor, Edit -> Project Settings -> Plugins -> Magic Leap Plugin -> Enable Zero Iteration
[2020.11.22-18.39.44:742][  0]LogStats: UGameplayTagsManager::InitializeManager -  0.000 s
[2020.11.22-18.39.44:827][  0]LogInit: Initializing FReadOnlyCVARCache
[2020.11.22-18.39.44:833][  0]LogAIModule: Creating AISystem for world Untitled
[2020.11.22-18.39.44:833][  0]LogAISub: UAISubsystem::UAISubsystem EnvQueryManager (000001F091FA1C00), frame # 0
[2020.11.22-18.39.44:833][  0]LogAISub: UAISubsystem::UAISubsystem AIPerceptionSystem (000001F091FC60C0), frame # 0
[2020.11.22-18.39.44:847][  0]LogAudioMixer: Display: Audio Mixer Platform Settings:
[2020.11.22-18.39.44:847][  0]LogAudioMixer: Display: 	Sample Rate:						  48000
[2020.11.22-18.39.44:847][  0]LogAudioMixer: Display: 	Callback Buffer Frame Size Requested: 1024
[2020.11.22-18.39.44:847][  0]LogAudioMixer: Display: 	Callback Buffer Frame Size To Use:	  1024
[2020.11.22-18.39.44:847][  0]LogAudioMixer: Display: 	Number of buffers to queue:			  2
[2020.11.22-18.39.44:847][  0]LogAudioMixer: Display: 	Max Channels (voices):				  32
[2020.11.22-18.39.44:847][  0]LogAudioMixer: Display: 	Number of Async Source Workers:		  0
[2020.11.22-18.39.44:847][  0]LogAudio: Display: AudioDevice MaxSources: 32
[2020.11.22-18.39.44:847][  0]LogAudio: Display: Using built-in audio occlusion.
[2020.11.22-18.39.44:847][  0]LogAudioMixer: Display: Initializing audio mixer.
[2020.11.22-18.39.44:854][  0]LogAudioMixer: Display: 0: FrontLeft
[2020.11.22-18.39.44:854][  0]LogAudioMixer: Display: 1: FrontRight
[2020.11.22-18.39.44:877][  0]LogAudioMixer: Display: Using Audio Device Alto-falantes (High Definition Audio Device)
[2020.11.22-18.39.44:880][  0]LogAudioMixer: Display: Initializing Sound Submixes...
[2020.11.22-18.39.44:881][  0]LogAudioMixer: Display: Creating Master Submix 'MasterSubmixDefault'
[2020.11.22-18.39.44:881][  0]LogAudioMixer: Display: Creating Master Submix 'MasterReverbSubmixDefault'
[2020.11.22-18.39.44:882][  0]LogAudioMixer: Display: Creating Master Submix 'MasterEQSubmixDefault'
[2020.11.22-18.39.44:882][  0]LogInit: FAudioDevice initialized.
[2020.11.22-18.39.44:883][  0]LogNetVersion: Set ProjectVersion to 1.0.0.0. Version Checksum will be recalculated on next use.
[2020.11.22-18.39.45:003][  0]LogDerivedDataCache: Saved boot cache 0.12s 75MB C:/Users/solski/AppData/Local/UnrealEngine/4.25/DerivedDataCache/Boot.ddc.
[2020.11.22-18.39.45:006][  0]LogInit: Texture streaming: Enabled
[2020.11.22-18.39.45:019][  0]LogEngineSessionManager: EngineSessionManager initialized
[2020.11.22-18.39.45:019][  0]LogEditorSessionSummary: Verbose: Initializing EditorSessionSummaryWriter for editor session tracking
[2020.11.22-18.39.45:023][  0]LogEditorSessionSummary: EditorSessionSummaryWriter initialized
[2020.11.22-18.39.45:093][  0]LogInit: Transaction tracking system initialized
[2020.11.22-18.39.45:109][  0]BlueprintLog: New page: Editor Load
[2020.11.22-18.39.45:164][  0]LocalizationService: Localization service is disabled
[2020.11.22-18.39.45:389][  0]LogCook: Display: Max memory allowance for cook 16384mb min free memory 0mb
[2020.11.22-18.39.45:389][  0]LogCook: Display: Mobile HDR setting 1
[2020.11.22-18.39.45:489][  0]LogFileCache: Scanning file cache for directory 'D:/EpicGames/UnrealProjects/Bambu/project/Content/' took 0.01s
[2020.11.22-18.39.45:647][  0]LogUnrealEdMisc: Loading editor; pre map load, took 5.404
[2020.11.22-18.39.45:647][  0]Cmd: MAP LOAD FILE="../../../../UnrealProjects/Bambu/project/Content/MapPlay.umap" TEMPLATE=0 SHOWPROGRESS=1 FEATURELEVEL=3
[2020.11.22-18.39.45:739][  0]LightingResults: New page: Lighting Build
[2020.11.22-18.39.45:739][  0]LogWorld: UWorld::CleanupWorld for Untitled, bSessionEnded=true, bCleanupResources=true
[2020.11.22-18.39.45:739][  0]LogSlate: InvalidateAllWidgets triggered.  All widgets were invalidated
[2020.11.22-18.39.45:739][  0]MapCheck: New page: Map Check
[2020.11.22-18.39.45:740][  0]LightingResults: New page: Lighting Build
[2020.11.22-18.39.45:748][  0]LogAISub: UAISubsystem::~UAISubsystem EnvQueryManager (000001F091FA1C00), frame # 0
[2020.11.22-18.39.45:748][  0]LogAISub: UAISubsystem::~UAISubsystem AIPerceptionSystem (000001F091FC60C0), frame # 0
[2020.11.22-18.39.45:749][  0]LogUObjectHash: Compacting FUObjectHashTables data took   0.46ms
[2020.11.22-18.39.46:860][  0]LogEditorServer: Finished looking for orphan Actors (0.000 secs)
[2020.11.22-18.39.46:861][  0]LogAIModule: Creating AISystem for world MapPlay
[2020.11.22-18.39.46:861][  0]LogAISub: UAISubsystem::UAISubsystem EnvQueryManager (000001F09213B800), frame # 0
[2020.11.22-18.39.46:861][  0]LogAISub: UAISubsystem::UAISubsystem AIPerceptionSystem (000001F092A71080), frame # 0
[2020.11.22-18.39.46:870][  0]LogUObjectHash: Compacting FUObjectHashTables data took   0.55ms
[2020.11.22-18.39.46:870][  0]Cmd: MAP CHECKDEP NOCLEARLOG
[2020.11.22-18.39.46:870][  0]MapCheck: Map check complete: 0 Error(s), 0 Warning(s), took 0.06ms to complete.
[2020.11.22-18.39.46:870][  0]LogFileHelpers: Loading map 'MapPlay' took 1.223
[2020.11.22-18.39.46:890][  0]LogUnrealEdMisc: Total Editor Startup Time, took 6.646
[2020.11.22-18.39.48:333][  0]LogSlate: Updating window title bar state: overlay mode, drag disabled, window buttons hidden, title bar hidden
[2020.11.22-18.39.48:340][  0]LogSlate: Updating window title bar state: overlay mode, drag disabled, window buttons hidden, title bar hidden
[2020.11.22-18.39.48:345][  0]LogSlate: Updating window title bar state: overlay mode, drag disabled, window buttons hidden, title bar hidden
[2020.11.22-18.39.48:349][  0]LogSlate: Updating window title bar state: overlay mode, drag disabled, window buttons hidden, title bar hidden
[2020.11.22-18.39.48:695][  0]LogCollectionManager: Loaded 0 collections in 0.000734 seconds
[2020.11.22-18.39.49:222][  0]LogFileCache: Scanning file cache for directory 'D:/EpicGames/UnrealProjects/Bambu/project/Saved/Collections/' took 0.00s
[2020.11.22-18.39.49:222][  0]LogFileCache: Scanning file cache for directory 'D:/EpicGames/UnrealProjects/Bambu/project/Content/Developers/solski/Collections/' took 0.00s
[2020.11.22-18.39.49:222][  0]LogFileCache: Scanning file cache for directory 'D:/EpicGames/UnrealProjects/Bambu/project/Content/Collections/' took 0.00s
[2020.11.22-18.39.49:222][  0]LogContentBrowser: Native class hierarchy populated in 0.0070 seconds. Added 3427 classes and 821 folders.
[2020.11.22-18.39.49:497][  0]LogContentBrowser: Native class hierarchy updated for 'WidgetCarousel' in 0.0002 seconds. Added 0 classes and 0 folders.
[2020.11.22-18.39.51:191][  0]LogContentBrowser: Native class hierarchy updated for 'AddContentDialog' in 0.0002 seconds. Added 0 classes and 0 folders.
[2020.11.22-18.39.51:224][  0]LogContentBrowser: Native class hierarchy updated for 'SceneOutliner' in 0.0002 seconds. Added 2 classes and 0 folders.
[2020.11.22-18.39.51:557][  0]LogSlate: Took 0.000115 seconds to synchronously load lazily loaded font '../../../Engine/Content/Slate/Fonts/Roboto-Regular.ttf' (155K)
[2020.11.22-18.39.51:562][  0]LogSlate: Took 0.000100 seconds to synchronously load lazily loaded font '../../../Engine/Content/Slate/Fonts/Roboto-Bold.ttf' (160K)
[2020.11.22-18.39.51:588][  0]LogSlate: Took 0.013837 seconds to synchronously load lazily loaded font '../../../Engine/Content/Editor/Slate/Fonts/FontAwesome.ttf' (139K)
[2020.11.22-18.39.52:544][  0]LogRenderer: Reallocating scene render targets to support 1208x580 Format 10 NumSamples 1 (Frame:1).
[2020.11.22-18.39.52:740][  0]LogContentBrowser: Native class hierarchy updated for 'HierarchicalLODOutliner' in 0.0002 seconds. Added 0 classes and 0 folders.
[2020.11.22-18.39.52:740][  0]LogLoad: (Engine Initialization) Total time: 12.50 seconds
[2020.11.22-18.39.52:740][  0]LogLoad: (Engine Initialization) Total Blueprint compile time: 0.00 seconds
[2020.11.22-18.39.52:785][  0]LogAssetRegistry: Asset discovery search completed in 9.8843 seconds
[2020.11.22-18.39.52:788][  0]LogCollectionManager: Fixed up redirectors for 0 collections in 0.000002 seconds (updated 0 objects)
[2020.11.22-18.39.52:808][  0]LogContentStreaming: Texture pool size now 1000 MB
[2020.11.22-18.39.52:863][  0]LogSlate: Took 0.035082 seconds to synchronously load lazily loaded font '../../../Engine/Content/Slate/Fonts/Roboto-Light.ttf' (167K)
[2020.11.22-18.40.54:696][331]LogBlueprint: Warning: [Compiler BonecoAnim] 'Third Person Anim BP' does not inherit from 'Pawn' ( Cast To ThirdPerson_AnimBP  would always fail).
[2020.11.22-18.40.54:696][331]LogBlueprint: Warning: [Compiler BonecoAnim] 'Third Person Anim BP' does not inherit from 'Pawn' ( Cast To ThirdPerson_AnimBP  would always fail).
[2020.11.22-18.41.11:000][144]LogUObjectHash: Compacting FUObjectHashTables data took   0.59ms
[2020.11.22-18.41.11:131][144]LogSlate: Took 0.000091 seconds to synchronously load lazily loaded font '../../../Engine/Content/Slate/Fonts/Roboto-Light.ttf' (167K)
[2020.11.22-18.41.11:148][144]Cmd: OBJ SAVEPACKAGE PACKAGE="/Game/ThirdPersonBP/HUD/RunHUD" FILE="../../../../UnrealProjects/Bambu/project/Content/ThirdPersonBP/HUD/RunHUD.uasset" SILENT=true
[2020.11.22-18.41.11:207][144]LogSavePackage: Moving '../../../../UnrealProjects/Bambu/project/Saved/RunHUDCCEDBEFF48A621483C4EA09A7C289899.tmp' to '../../../../UnrealProjects/Bambu/project/Content/ThirdPersonBP/HUD/RunHUD.uasset'
[2020.11.22-18.41.11:606][144]AssetCheck: New page: Asset Save: RunHUD
[2020.11.22-18.41.11:606][144]LogContentValidation: Display: Validating WidgetBlueprint /Game/ThirdPersonBP/HUD/RunHUD.RunHUD
[2020.11.22-18.41.18:777][946]LogUObjectHash: Compacting FUObjectHashTables data took   0.56ms
[2020.11.22-18.41.32:039][946]LogSlate: Window 'Replace References?' being destroyed
[2020.11.22-18.41.32:043][946]Message dialog closed, result: Ok, title: Replace References?, text: This will replace any reference to the pending deleted assets with RunHUD; and then delete them.

Are you sure?
[2020.11.22-18.41.32:043][946]LogSlate: Window 'Delete Assets' being destroyed
[2020.11.22-18.41.33:938][946]LogUObjectHash: Compacting FUObjectHashTables data took   0.57ms
[2020.11.22-18.41.34:189][946]LogUObjectHash: Compacting FUObjectHashTables data took   0.46ms
[2020.11.22-18.41.35:698][946]LogSlate: Window 'Save Content' being destroyed
[2020.11.22-18.41.35:814][946]Cmd: OBJ SAVEPACKAGE PACKAGE="/Game/ThirdPersonBP/Blueprints/RunGameMode" FILE="../../../../UnrealProjects/Bambu/project/Content/ThirdPersonBP/Blueprints/RunGameMode.uasset" SILENT=true
[2020.11.22-18.41.35:905][946]LogSavePackage: Moving '../../../../UnrealProjects/Bambu/project/Saved/RunGameModeCD92C49A455F50D25217F6A1203FFC61.tmp' to '../../../../UnrealProjects/Bambu/project/Content/ThirdPersonBP/Blueprints/RunGameMode.uasset'
[2020.11.22-18.41.35:906][946]Cmd: OBJ SAVEPACKAGE PACKAGE="/Game/ThirdPersonBP/Blueprints/UMG/RunHUD" FILE="../../../../UnrealProjects/Bambu/project/Content/ThirdPersonBP/Blueprints/UMG/RunHUD.uasset" SILENT=true
[2020.11.22-18.41.35:915][946]LogSavePackage: Moving '../../../../UnrealProjects/Bambu/project/Saved/RunHUD8E11E28B48ABAFB47E9825BBF9A6619F.tmp' to '../../../../UnrealProjects/Bambu/project/Content/ThirdPersonBP/Blueprints/UMG/RunHUD.uasset'
[2020.11.22-18.41.35:928][946]AssetCheck: New page: Asset Save: multiple assets
[2020.11.22-18.41.35:928][946]LogContentValidation: Display: Validating Blueprint /Game/ThirdPersonBP/Blueprints/RunGameMode.RunGameMode
[2020.11.22-18.41.35:928][946]LogContentValidation: Display: Validating ObjectRedirector /Game/ThirdPersonBP/Blueprints/UMG/RunHUD.Default__RunHUD_C
[2020.11.22-18.41.35:928][946]LogContentValidation: Display: Validating ObjectRedirector /Game/ThirdPersonBP/Blueprints/UMG/RunHUD.RunHUD_C
[2020.11.22-18.41.35:928][946]LogContentValidation: Display: Validating ObjectRedirector /Game/ThirdPersonBP/Blueprints/UMG/RunHUD.RunHUD
[2020.11.22-18.41.36:132][956]SourceControl: fatal: D:/EpicGames/UE_4.25/Engine/Content/Sequencer/DefaultBurnIn.uasset: 'D:/EpicGames/UE_4.25/Engine/Content/Sequencer/DefaultBurnIn.uasset' is outside repository at 'D:/EpicGames/UnrealProjects/Bambu'
[2020.11.22-18.41.36:132][956]SourceControl: fatal: D:/EpicGames/UE_4.25/Engine/Plugins/Enterprise/DatasmithContent/Content/Blueprints/FBXImporter/UI/AnimationSampleUI.uasset: 'D:/EpicGames/UE_4.25/Engine/Plugins/Enterprise/DatasmithContent/Content/Blueprints/FBXImporter/UI/AnimationSampleUI.uasset' is outside repository at 'D:/EpicGames/UnrealProjects/Bambu'
[2020.11.22-18.41.36:132][956]SourceControl: fatal: D:/EpicGames/UE_4.25/Engine/Plugins/MovieScene/MovieRenderPipeline/Content/Blueprints: 'D:/EpicGames/UE_4.25/Engine/Plugins/MovieScene/MovieRenderPipeline/Content/Blueprints' is outside repository at 'D:/EpicGames/UnrealProjects/Bambu'
[2020.11.22-18.41.37:068][ 62]LogBlueprintUserMessages: [BP_FloorTile_Spacebetween_C_0] 
[2020.11.22-18.41.37:082][ 63]LogBlueprintUserMessages: [BP_FloorTile_RightCorner_C_0] Hello
[2020.11.22-18.41.37:136][ 66]LogBlueprintUserMessages: [BP_FloorTile_LeftCorner_C_0] 
[2020.11.22-18.41.38:718][233]LogTemp: Repeating last play command: Selected Viewport
[2020.11.22-18.41.38:743][233]LogPlayLevel: PlayLevel: No blueprints needed recompiling
[2020.11.22-18.41.38:750][233]PIE: New page: PIE session: MapPlay (Nov 22, 2020, 1:41:38 PM)
[2020.11.22-18.41.38:761][233]LogOnline: OSS: Creating online subsystem instance for: NULL
[2020.11.22-18.41.38:768][233]LogOnline: OSS: TryLoadSubsystemAndSetDefault: Loaded subsystem for module [NULL]
[2020.11.22-18.41.38:768][233]LogPlayLevel: Creating play world package: /Game/ThirdPersonBP/Maps/UEDPIE_0_MapPlay
[2020.11.22-18.41.38:775][233]LogPlayLevel: PIE: StaticDuplicateObject took: (0.006999s)
[2020.11.22-18.41.38:782][233]LogAIModule: Creating AISystem for world MapPlay
[2020.11.22-18.41.38:782][233]LogAISub: UAISubsystem::UAISubsystem EnvQueryManager (000001F116EF1A00), frame # 9233
[2020.11.22-18.41.38:782][233]LogAISub: UAISubsystem::UAISubsystem AIPerceptionSystem (000001F0E7524CC0), frame # 9233
[2020.11.22-18.41.38:782][233]LogPlayLevel: PIE: World Init took: (0.006763s)
[2020.11.22-18.41.38:782][233]LogPlayLevel: PIE: Created PIE world by copying editor world from /Game/ThirdPersonBP/Maps/MapPlay.MapPlay to /Game/ThirdPersonBP/Maps/UEDPIE_0_MapPlay.MapPlay (0.013853s)
[2020.11.22-18.41.38:792][233]LogUObjectHash: Compacting FUObjectHashTables data took   0.49ms
[2020.11.22-18.41.38:794][233]LogAudioMixer: Display: Audio Mixer Platform Settings:
[2020.11.22-18.41.38:794][233]LogAudioMixer: Display: 	Sample Rate:						  48000
[2020.11.22-18.41.38:794][233]LogAudioMixer: Display: 	Callback Buffer Frame Size Requested: 1024
[2020.11.22-18.41.38:794][233]LogAudioMixer: Display: 	Callback Buffer Frame Size To Use:	  1024
[2020.11.22-18.41.38:794][233]LogAudioMixer: Display: 	Number of buffers to queue:			  2
[2020.11.22-18.41.38:794][233]LogAudioMixer: Display: 	Max Channels (voices):				  32
[2020.11.22-18.41.38:794][233]LogAudioMixer: Display: 	Number of Async Source Workers:		  0
[2020.11.22-18.41.38:794][233]LogAudio: Display: AudioDevice MaxSources: 32
[2020.11.22-18.41.38:794][233]LogAudio: Display: Using built-in audio occlusion.
[2020.11.22-18.41.38:794][233]LogAudioMixer: Display: Initializing audio mixer.
[2020.11.22-18.41.38:796][233]LogAudioMixer: Display: 0: FrontLeft
[2020.11.22-18.41.38:796][233]LogAudioMixer: Display: 1: FrontRight
[2020.11.22-18.41.38:806][233]LogAudioMixer: Display: Using Audio Device Alto-falantes (High Definition Audio Device)
[2020.11.22-18.41.38:806][233]LogAudioMixer: Display: Initializing Sound Submixes...
[2020.11.22-18.41.38:806][233]LogAudioMixer: Display: Creating Master Submix 'MasterSubmixDefault'
[2020.11.22-18.41.38:806][233]LogAudioMixer: Display: Creating Master Submix 'MasterReverbSubmixDefault'
[2020.11.22-18.41.38:807][233]LogAudioMixer: Display: Creating Master Submix 'MasterEQSubmixDefault'
[2020.11.22-18.41.38:818][233]LogInit: FAudioDevice initialized.
[2020.11.22-18.41.38:875][233]LogLoad: Game class is 'RunGameMode_C'
[2020.11.22-18.41.38:905][233]LogWorld: Bringing World /Game/ThirdPersonBP/Maps/UEDPIE_0_MapPlay.MapPlay up for play (max tick rate 0) at 2020.11.22-15.41.38
[2020.11.22-18.41.38:906][233]LogWorld: Bringing up level for play took: 0.000358
[2020.11.22-18.41.38:906][233]LogOnline: OSS: Creating online subsystem instance for: :Context_11
[2020.11.22-18.41.38:937][233]LogContentBrowser: Native class hierarchy updated for 'MovieSceneCapture' in 0.0002 seconds. Added 20 classes and 0 folders.
[2020.11.22-18.41.39:005][233]LogBlueprintUserMessages: [BP_FloorTile_Spacebetween_C_0] 
[2020.11.22-18.41.39:006][233]LogBlueprintUserMessages: [BP_FloorTile_Spacebetween_C_1] 
[2020.11.22-18.41.39:026][233]PIE: Server logged in
[2020.11.22-18.41.39:027][233]PIE: Play in editor total start time 0.298 seconds.
[2020.11.22-18.41.39:123][234]LogCharacterMovement: Warning: GetSimulationTimeStep() - Max iterations 8 hit while remaining time 0.060889 > MaxSimulationTimeStep (0.050) for 'RunCharacter_C_0', movement 'Walking'
[2020.11.22-18.41.42:845][667]Cmd: RestartLevel
[2020.11.22-18.41.42:909][668]LogNet: Browse: /Game/ThirdPersonBP/Maps/MapPlay?restart
[2020.11.22-18.41.42:921][668]LogLoad: LoadMap: /Game/ThirdPersonBP/Maps/MapPlay
[2020.11.22-18.41.42:921][668]LogWorld: BeginTearingDown for /Game/ThirdPersonBP/Maps/UEDPIE_0_MapPlay
[2020.11.22-18.41.42:922][668]LogWorld: UWorld::CleanupWorld for MapPlay, bSessionEnded=true, bCleanupResources=true
[2020.11.22-18.41.42:923][668]LogSlate: InvalidateAllWidgets triggered.  All widgets were invalidated
[2020.11.22-18.41.43:090][668]LogAISub: UAISubsystem::~UAISubsystem AIPerceptionSystem (000001F0E7524CC0), frame # 9668
[2020.11.22-18.41.43:090][668]LogAISub: UAISubsystem::~UAISubsystem EnvQueryManager (000001F116EF1A00), frame # 9668
[2020.11.22-18.41.43:090][668]LogUObjectHash: Compacting FUObjectHashTables data took   0.46ms
[2020.11.22-18.41.43:152][668]LogPlayLevel: Creating play world package: /Game/ThirdPersonBP/Maps/UEDPIE_0_MapPlay
[2020.11.22-18.41.43:153][668]LogPlayLevel: PIE: StaticDuplicateObject took: (0.001384s)
[2020.11.22-18.41.43:154][668]LogAIModule: Creating AISystem for world MapPlay
[2020.11.22-18.41.43:154][668]LogAISub: UAISubsystem::UAISubsystem EnvQueryManager (000001F117664600), frame # 9668
[2020.11.22-18.41.43:154][668]LogAISub: UAISubsystem::UAISubsystem AIPerceptionSystem (000001F086E71F80), frame # 9668
[2020.11.22-18.41.43:154][668]LogPlayLevel: PIE: World Init took: (0.000732s)
[2020.11.22-18.41.43:154][668]LogPlayLevel: PIE: Created PIE world by copying editor world from /Game/ThirdPersonBP/Maps/MapPlay.MapPlay to /Game/ThirdPersonBP/Maps/UEDPIE_0_MapPlay.MapPlay (0.002229s)
[2020.11.22-18.41.43:154][668]LogLoad: Game class is 'RunGameMode_C'
[2020.11.22-18.41.43:155][668]LogWorld: Bringing World /Game/ThirdPersonBP/Maps/UEDPIE_0_MapPlay.MapPlay up for play (max tick rate 0) at 2020.11.22-15.41.43
[2020.11.22-18.41.43:155][668]LogWorld: Bringing up level for play took: 0.000215
[2020.11.22-18.41.43:158][668]LogBlueprintUserMessages: [BP_FloorTile_Spacebetween_C_0] 
[2020.11.22-18.41.43:163][668]LogLoad: Took 0.242384 seconds to LoadMap(/Game/ThirdPersonBP/Maps/UEDPIE_0_MapPlay)
[2020.11.22-18.41.44:656][846]LogBlueprintUserMessages: [BP_FloorTile_Spacebetween_C_1] 
[2020.11.22-18.41.46:006][  8]LogBlueprintUserMessages: [BP_FloorTile_LeftCorner_C_0] 
[2020.11.22-18.41.46:683][ 88]LogBlueprintUserMessages: [BP_FloorTile_Spacebetween_C_2] 
[2020.11.22-18.41.48:670][323]LogSlate: Updating window title bar state: overlay mode, drag disabled, window buttons hidden, title bar hidden
[2020.11.22-18.41.48:670][323]LogWorld: BeginTearingDown for /Game/ThirdPersonBP/Maps/UEDPIE_0_MapPlay
[2020.11.22-18.41.48:670][323]LogWorld: UWorld::CleanupWorld for MapPlay, bSessionEnded=true, bCleanupResources=true
[2020.11.22-18.41.48:671][323]LogSlate: InvalidateAllWidgets triggered.  All widgets were invalidated
[2020.11.22-18.41.48:678][323]LogPlayLevel: Display: Shutting down PIE online subsystems
[2020.11.22-18.41.48:679][323]LogSlate: InvalidateAllWidgets triggered.  All widgets were invalidated
[2020.11.22-18.41.48:688][323]LogSlate: Updating window title bar state: overlay mode, drag disabled, window buttons hidden, title bar hidden
[2020.11.22-18.41.48:702][323]LogAISub: UAISubsystem::~UAISubsystem AIPerceptionSystem (000001F086E71F80), frame # 10323
[2020.11.22-18.41.48:702][323]LogAISub: UAISubsystem::~UAISubsystem EnvQueryManager (000001F117664600), frame # 10323
[2020.11.22-18.41.48:702][323]LogUObjectHash: Compacting FUObjectHashTables data took   0.50ms
[2020.11.22-18.41.48:747][326]LogPlayLevel: Display: Destroying online subsystem :Context_11
[2020.11.22-18.41.54:801][ 46]LogUObjectHash: Compacting FUObjectHashTables data took   0.45ms
[2020.11.22-18.41.56:125][ 46]LogSlate: Window 'Delete Assets' being destroyed
[2020.11.22-18.41.56:163][ 46]LogOutputDevice: Warning: 

Script Stack (0 frames):

