Log file open, 11/01/20 19:37:28
LogInit: Display: Running engine for game: project
LogPlatformFile: Not using cached read wrapper
LogTaskGraph: Started task graph with 5 named threads and 47 total threads with 3 sets of task threads.
LogStats: Stats thread started at 0.147032
LogD3D11RHI: Loaded GFSDK_Aftermath_Lib.x64.dll
LogICUInternationalization: ICU TimeZone Detection - Raw Offset: -3:00, Platform Override: ''
LogPluginManager: Mounting plugin Paper2D
LogPluginManager: Mounting plugin AISupport
LogPluginManager: Mounting plugin LightPropagationVolume
LogPluginManager: Mounting plugin CameraShakePreviewer
LogPluginManager: Mounting plugin ActorLayerUtilities
LogPluginManager: Mounting plugin AnimationSharing
LogPluginManager: Mounting plugin CLionSourceCodeAccess
LogPluginManager: Mounting plugin CodeLiteSourceCodeAccess
LogPluginManager: Mounting plugin GitSourceControl
LogPluginManager: Mounting plugin KDevelopSourceCodeAccess
LogPluginManager: Mounting plugin NullSourceCodeAccess
LogPluginManager: Mounting plugin PerforceSourceControl
LogPluginManager: Mounting plugin PlasticSourceControl
LogPluginManager: Mounting plugin RiderSourceCodeAccess
LogPluginManager: Mounting plugin SubversionSourceControl
LogPluginManager: Mounting plugin UObjectPlugin
LogPluginManager: Mounting plugin VisualStudioCodeSourceCodeAccess
LogPluginManager: Mounting plugin VisualStudioSourceCodeAccess
LogPluginManager: Mounting plugin XCodeSourceCodeAccess
LogPluginManager: Mounting plugin AssetManagerEditor
LogPluginManager: Mounting plugin CryptoKeys
LogPluginManager: Mounting plugin CurveEditorTools
LogPluginManager: Mounting plugin DataValidation
LogPluginManager: Mounting plugin EditorScriptingUtilities
LogPluginManager: Mounting plugin FacialAnimation
LogPluginManager: Mounting plugin GameplayTagsEditor
LogPluginManager: Mounting plugin GeometryMode
LogPluginManager: Mounting plugin MacGraphicsSwitching
LogPluginManager: Mounting plugin MaterialAnalyzer
LogPluginManager: Mounting plugin MobileLauncherProfileWizard
LogPluginManager: Mounting plugin PluginBrowser
LogPluginManager: Mounting plugin SpeedTreeImporter
LogPluginManager: Mounting plugin DatasmithContent
LogPluginManager: Mounting plugin VariantManagerContent
LogPluginManager: Mounting plugin AlembicImporter
LogPluginManager: Mounting plugin AutomationUtils
LogPluginManager: Mounting plugin BackChannel
LogPluginManager: Mounting plugin ChaosCloth
LogPluginManager: Mounting plugin ChaosClothEditor
LogPluginManager: Mounting plugin ChaosEditor
LogPluginManager: Mounting plugin ChaosNiagara
LogPluginManager: Mounting plugin ChaosSolverPlugin
LogPluginManager: Mounting plugin CharacterAI
LogPluginManager: Mounting plugin GeometryCache
LogPluginManager: Mounting plugin GeometryCollectionPlugin
LogPluginManager: Mounting plugin GeometryProcessing
LogPluginManager: Mounting plugin PlanarCut
LogPluginManager: Mounting plugin PlatformCrypto
LogPluginManager: Mounting plugin ProxyLODPlugin
LogPluginManager: Mounting plugin SkeletalReduction
LogPluginManager: Mounting plugin Niagara
LogPluginManager: Mounting plugin MagicLeap
LogPluginManager: Mounting plugin MagicLeapLightEstimation
LogPluginManager: Mounting plugin MagicLeapMedia
LogPluginManager: Mounting plugin MagicLeapPassableWorld
LogPluginManager: Mounting plugin MLSDK
LogPluginManager: Mounting plugin AndroidMedia
LogPluginManager: Mounting plugin AvfMedia
LogPluginManager: Mounting plugin ImgMedia
LogPluginManager: Mounting plugin MediaCompositing
LogPluginManager: Mounting plugin MediaPlayerEditor
LogPluginManager: Mounting plugin WebMMedia
LogPluginManager: Mounting plugin WmfMedia
LogPluginManager: Mounting plugin MeshPainting
LogPluginManager: Mounting plugin TcpMessaging
LogPluginManager: Mounting plugin UdpMessaging
LogPluginManager: Mounting plugin ActorSequence
LogPluginManager: Mounting plugin LevelSequenceEditor
LogPluginManager: Mounting plugin MatineeToLevelSequence
LogPluginManager: Mounting plugin MovieRenderPipeline
LogPluginManager: Mounting plugin TemplateSequence
LogPluginManager: Mounting plugin NetcodeUnitTest
LogPluginManager: Mounting plugin NUTUnrealEngine4
LogPluginManager: Mounting plugin OnlineSubsystemGooglePlay
LogPluginManager: Mounting plugin OnlineSubsystemIOS
LogPluginManager: Mounting plugin OnlineSubsystem
LogPluginManager: Mounting plugin OnlineSubsystemNull
LogPluginManager: Mounting plugin OnlineSubsystemUtils
LogPluginManager: Mounting plugin LauncherChunkInstaller
LogPluginManager: Mounting plugin AndroidDeviceProfileSelector
LogPluginManager: Mounting plugin AndroidMoviePlayer
LogPluginManager: Mounting plugin AndroidPermission
LogPluginManager: Mounting plugin AppleImageUtils
LogPluginManager: Mounting plugin AppleMoviePlayer
LogPluginManager: Mounting plugin ArchVisCharacter
LogPluginManager: Mounting plugin AssetTags
LogPluginManager: Mounting plugin AudioCapture
LogPluginManager: Mounting plugin CableComponent
LogPluginManager: Mounting plugin CustomMeshComponent
LogPluginManager: Mounting plugin EditableMesh
LogPluginManager: Mounting plugin ExampleDeviceProfileSelector
LogPluginManager: Mounting plugin GoogleCloudMessaging
LogPluginManager: Mounting plugin GooglePAD
LogPluginManager: Mounting plugin IOSDeviceProfileSelector
LogPluginManager: Mounting plugin LinuxDeviceProfileSelector
LogPluginManager: Mounting plugin LocationServicesBPLibrary
LogPluginManager: Mounting plugin MobilePatchingUtils
LogPluginManager: Mounting plugin OculusVR
LogPluginManager: Mounting plugin PhysXVehicles
LogPluginManager: Mounting plugin PostSplashScreen
LogPluginManager: Mounting plugin ProceduralMeshComponent
LogPluginManager: Mounting plugin RuntimePhysXCooking
LogPluginManager: Mounting plugin SignificanceManager
LogPluginManager: Mounting plugin SoundFields
LogPluginManager: Mounting plugin SteamVR
LogPluginManager: Mounting plugin Synthesis
LogPluginManager: Mounting plugin WebMMoviePlayer
LogPluginManager: Mounting plugin WindowsMoviePlayer
LogPluginManager: Mounting plugin ScreenshotTools
LogInit: Using libcurl 7.55.1-DEV
LogInit:  - built for x86_64-pc-win32
LogInit:  - supports SSL with OpenSSL/1.1.1
LogInit:  - supports HTTP deflate (compression) using libz 1.2.8
LogInit:  - other features:
LogInit:      CURL_VERSION_SSL
LogInit:      CURL_VERSION_LIBZ
LogInit:      CURL_VERSION_IPV6
LogInit:      CURL_VERSION_ASYNCHDNS
LogInit:      CURL_VERSION_LARGEFILE
LogInit:      CURL_VERSION_IDN
LogInit:  CurlRequestOptions (configurable via config and command line):
LogInit:  - bVerifyPeer = true  - Libcurl will verify peer certificate
LogInit:  - bUseHttpProxy = false  - Libcurl will NOT use HTTP proxy
LogInit:  - bDontReuseConnections = false  - Libcurl will reuse connections
LogInit:  - MaxHostConnections = 16  - Libcurl will limit the number of connections to a host
LogInit:  - LocalHostAddr = Default
LogInit:  - BufferSize = 65536
LogOnline: OSS: Creating online subsystem instance for: NULL
LogInit: WinSock: version 1.1 (2.2), MaxSocks=32767, MaxUdp=65467
LogOnline: OSS: TryLoadSubsystemAndSetDefault: Loaded subsystem for module [NULL]
LogInit: Build: ++UE4+Release-4.25-CL-13942748
LogInit: Engine Version: 4.25.3-13942748+++UE4+Release-4.25
LogInit: Compatible Engine Version: 4.25.0-13144385+++UE4+Release-4.25
LogInit: Net CL: 13144385
LogInit: OS: Windows 10 (Release 1909) (), CPU: Intel(R) Core(TM) i9-9900KF CPU @ 3.60GHz, GPU: NVIDIA GeForce RTX 2070
LogInit: Compiled (64-bit): Jul 25 2020 02:07:48
LogInit: Compiled with Visual C++: 19.24.28315.00
LogInit: Build Configuration: Development
LogInit: Branch Name: ++UE4+Release-4.25
LogInit: Command Line:  -EpicPortal -epicusername=guisolski -epicuserid=0528e19205a04b869410503fdd95b19c -epiclocale=pt-BR
LogInit: Base Directory: D:/EpicGames/UE_4.25/Engine/Binaries/Win64/
LogInit: Allocator: TBB
LogInit: Installed Engine Build: 1
LogDevObjectVersion: Number of dev versions registered: 26
LogDevObjectVersion:   Dev-Blueprints (B0D832E4-1F89-4F0D-ACCF-7EB736FD4AA2): 10
LogDevObjectVersion:   Dev-Build (E1C64328-A22C-4D53-A36C-8E866417BD8C): 0
LogDevObjectVersion:   Dev-Core (375EC13C-06E4-48FB-B500-84F0262A717E): 4
LogDevObjectVersion:   Dev-Editor (E4B068ED-F494-42E9-A231-DA0B2E46BB41): 38
LogDevObjectVersion:   Dev-Framework (CFFC743F-43B0-4480-9391-14DF171D2073): 37
LogDevObjectVersion:   Dev-Mobile (B02B49B5-BB20-44E9-A304-32B752E40360): 2
LogDevObjectVersion:   Dev-Networking (A4E4105C-59A1-49B5-A7C5-40C4547EDFEE): 0
LogDevObjectVersion:   Dev-Online (39C831C9-5AE6-47DC-9A44-9C173E1C8E7C): 0
LogDevObjectVersion:   Dev-Physics (78F01B33-EBEA-4F98-B9B4-84EACCB95AA2): 4
LogDevObjectVersion:   Dev-Platform (6631380F-2D4D-43E0-8009-CF276956A95A): 0
LogDevObjectVersion:   Dev-Rendering (12F88B9F-8875-4AFC-A67C-D90C383ABD29): 43
LogDevObjectVersion:   Dev-Sequencer (7B5AE74C-D270-4C10-A958-57980B212A5A): 12
LogDevObjectVersion:   Dev-VR (D7296918-1DD6-4BDD-9DE2-64A83CC13884): 3
LogDevObjectVersion:   Dev-LoadTimes (C2A15278-BFE7-4AFE-6C17-90FF531DF755): 1
LogDevObjectVersion:   Private-Geometry (6EACA3D4-40EC-4CC1-B786-8BED09428FC5): 3
LogDevObjectVersion:   Dev-AnimPhys (29E575DD-E0A3-4627-9D10-D276232CDCEA): 17
LogDevObjectVersion:   Dev-Anim (AF43A65D-7FD3-4947-9873-3E8ED9C1BB05): 7
LogDevObjectVersion:   Dev-ReflectionCapture (6B266CEC-1EC7-4B8F-A30B-E4D90942FC07): 1
LogDevObjectVersion:   Dev-Automation (0DF73D61-A23F-47EA-B727-89E90C41499A): 1
LogDevObjectVersion:   FortniteMain (601D1886-AC64-4F84-AA16-D3DE0DEAC7D6): 31
LogDevObjectVersion:   Dev-Enterprise (9DFFBCD6-494F-0158-E221-12823C92A888): 10
LogDevObjectVersion:   Dev-Niagara (F2AED0AC-9AFE-416F-8664-AA7FFA26D6FC): 1
LogDevObjectVersion:   Dev-Destruction (174F1F0B-B4C6-45A5-B13F-2EE8D0FB917D): 10
LogDevObjectVersion:   Dev-Physics-Ext (35F94A83-E258-406C-A318-09F59610247C): 37
LogDevObjectVersion:   Dev-PhysicsMaterial-Chaos (B68FC16E-8B1B-42E2-B453-215C058844FE): 1
LogDevObjectVersion:   Dev-CineCamera (B2E18506-4273-CFC2-A54E-F4BB758BBA07): 1
LogInit: Presizing for max 25165824 objects, including 0 objects not considered by GC, pre-allocating 0 bytes for permanent pool.
LogConfig: Applying CVar settings from Section [/Script/Engine.StreamingSettings] File [D:/EpicGames/UnrealProjects/Bambu/project/Saved/Config/Windows/Engine.ini]
LogConfig: Setting CVar [[s.MinBulkDataSizeForAsyncLoading:131072]]
LogConfig: Setting CVar [[s.AsyncLoadingThreadEnabled:0]]
LogConfig: Setting CVar [[s.EventDrivenLoaderEnabled:1]]
LogConfig: Setting CVar [[s.WarnIfTimeLimitExceeded:0]]
LogConfig: Setting CVar [[s.TimeLimitExceededMultiplier:1.5]]
LogConfig: Setting CVar [[s.TimeLimitExceededMinTime:0.005]]
LogConfig: Setting CVar [[s.UseBackgroundLevelStreaming:1]]
LogConfig: Setting CVar [[s.PriorityAsyncLoadingExtraTime:15.0]]
LogConfig: Setting CVar [[s.LevelStreamingActorsUpdateTimeLimit:5.0]]
LogConfig: Setting CVar [[s.PriorityLevelStreamingActorsUpdateExtraTime:5.0]]
LogConfig: Setting CVar [[s.LevelStreamingComponentsRegistrationGranularity:10]]
LogConfig: Setting CVar [[s.UnregisterComponentsTimeLimit:1.0]]
LogConfig: Setting CVar [[s.LevelStreamingComponentsUnregistrationGranularity:5]]
LogConfig: Setting CVar [[s.FlushStreamingOnExit:1]]
LogInit: Object subsystem initialized
LogConfig: Setting CVar [[con.DebugEarlyDefault:1]]
LogConfig: Setting CVar [[r.setres:1280x720]]
[2020.11.01-22.37.28:725][  0]LogConfig: Setting CVar [[r.VSync:0]]
[2020.11.01-22.37.28:725][  0]LogConfig: Setting CVar [[r.RHICmdBypass:0]]
[2020.11.01-22.37.28:725][  0]LogConfig: Applying CVar settings from Section [/Script/Engine.RendererSettings] File [D:/EpicGames/UnrealProjects/Bambu/project/Saved/Config/Windows/Engine.ini]
[2020.11.01-22.37.28:725][  0]LogConfig: Setting CVar [[r.GPUCrashDebugging:0]]
[2020.11.01-22.37.28:725][  0]LogConfig: Applying CVar settings from Section [/Script/Engine.RendererOverrideSettings] File [D:/EpicGames/UnrealProjects/Bambu/project/Saved/Config/Windows/Engine.ini]
[2020.11.01-22.37.28:725][  0]LogConfig: Applying CVar settings from Section [/Script/Engine.StreamingSettings] File [D:/EpicGames/UnrealProjects/Bambu/project/Saved/Config/Windows/Engine.ini]
[2020.11.01-22.37.28:725][  0]LogConfig: Setting CVar [[s.MinBulkDataSizeForAsyncLoading:131072]]
[2020.11.01-22.37.28:725][  0]LogConfig: Setting CVar [[s.AsyncLoadingThreadEnabled:0]]
[2020.11.01-22.37.28:725][  0]LogConfig: Setting CVar [[s.EventDrivenLoaderEnabled:1]]
[2020.11.01-22.37.28:725][  0]LogConfig: Setting CVar [[s.WarnIfTimeLimitExceeded:0]]
[2020.11.01-22.37.28:725][  0]LogConfig: Setting CVar [[s.TimeLimitExceededMultiplier:1.5]]
[2020.11.01-22.37.28:725][  0]LogConfig: Setting CVar [[s.TimeLimitExceededMinTime:0.005]]
[2020.11.01-22.37.28:725][  0]LogConfig: Setting CVar [[s.UseBackgroundLevelStreaming:1]]
[2020.11.01-22.37.28:725][  0]LogConfig: Setting CVar [[s.PriorityAsyncLoadingExtraTime:15.0]]
[2020.11.01-22.37.28:725][  0]LogConfig: Setting CVar [[s.LevelStreamingActorsUpdateTimeLimit:5.0]]
[2020.11.01-22.37.28:725][  0]LogConfig: Setting CVar [[s.PriorityLevelStreamingActorsUpdateExtraTime:5.0]]
[2020.11.01-22.37.28:725][  0]LogConfig: Setting CVar [[s.LevelStreamingComponentsRegistrationGranularity:10]]
[2020.11.01-22.37.28:725][  0]LogConfig: Setting CVar [[s.UnregisterComponentsTimeLimit:1.0]]
[2020.11.01-22.37.28:725][  0]LogConfig: Setting CVar [[s.LevelStreamingComponentsUnregistrationGranularity:5]]
[2020.11.01-22.37.28:725][  0]LogConfig: Setting CVar [[s.FlushStreamingOnExit:1]]
[2020.11.01-22.37.28:725][  0]LogConfig: Applying CVar settings from Section [/Script/Engine.GarbageCollectionSettings] File [D:/EpicGames/UnrealProjects/Bambu/project/Saved/Config/Windows/Engine.ini]
[2020.11.01-22.37.28:725][  0]LogConfig: Setting CVar [[gc.MaxObjectsNotConsideredByGC:1]]
[2020.11.01-22.37.28:725][  0]LogConfig: Setting CVar [[gc.SizeOfPermanentObjectPool:0]]
[2020.11.01-22.37.28:725][  0]LogConfig: Setting CVar [[gc.FlushStreamingOnGC:0]]
[2020.11.01-22.37.28:725][  0]LogConfig: Setting CVar [[gc.NumRetriesBeforeForcingGC:10]]
[2020.11.01-22.37.28:725][  0]LogConfig: Setting CVar [[gc.AllowParallelGC:1]]
[2020.11.01-22.37.28:725][  0]LogConfig: Setting CVar [[gc.TimeBetweenPurgingPendingKillObjects:61.1]]
[2020.11.01-22.37.28:725][  0]LogConfig: Setting CVar [[gc.MaxObjectsInEditor:25165824]]
[2020.11.01-22.37.28:725][  0]LogConfig: Setting CVar [[gc.IncrementalBeginDestroyEnabled:1]]
[2020.11.01-22.37.28:725][  0]LogConfig: Setting CVar [[gc.CreateGCClusters:1]]
[2020.11.01-22.37.28:725][  0]LogConfig: Setting CVar [[gc.MinGCClusterSize:5]]
[2020.11.01-22.37.28:725][  0]LogConfig: Setting CVar [[gc.ActorClusteringEnabled:0]]
[2020.11.01-22.37.28:725][  0]LogConfig: Setting CVar [[gc.BlueprintClusteringEnabled:0]]
[2020.11.01-22.37.28:725][  0]LogConfig: Setting CVar [[gc.UseDisregardForGCOnDedicatedServers:0]]
[2020.11.01-22.37.28:725][  0]LogConfig: Applying CVar settings from Section [/Script/Engine.NetworkSettings] File [D:/EpicGames/UnrealProjects/Bambu/project/Saved/Config/Windows/Engine.ini]
[2020.11.01-22.37.28:725][  0]LogConfig: Applying CVar settings from Section [/Script/UnrealEd.CookerSettings] File [D:/EpicGames/UnrealProjects/Bambu/project/Saved/Config/Windows/Engine.ini]
[2020.11.01-22.37.28:730][  0]LogConfig: Applying CVar settings from Section [ViewDistanceQuality@3] File [D:/EpicGames/UnrealProjects/Bambu/project/Saved/Config/Windows/Scalability.ini]
[2020.11.01-22.37.28:730][  0]LogConfig: Setting CVar [[r.SkeletalMeshLODBias:0]]
[2020.11.01-22.37.28:730][  0]LogConfig: Setting CVar [[r.ViewDistanceScale:1.0]]
[2020.11.01-22.37.28:730][  0]LogConfig: Applying CVar settings from Section [AntiAliasingQuality@3] File [D:/EpicGames/UnrealProjects/Bambu/project/Saved/Config/Windows/Scalability.ini]
[2020.11.01-22.37.28:730][  0]LogConfig: Setting CVar [[r.PostProcessAAQuality:4]]
[2020.11.01-22.37.28:730][  0]LogConfig: Applying CVar settings from Section [ShadowQuality@3] File [D:/EpicGames/UnrealProjects/Bambu/project/Saved/Config/Windows/Scalability.ini]
[2020.11.01-22.37.28:730][  0]LogConfig: Setting CVar [[r.LightFunctionQuality:1]]
[2020.11.01-22.37.28:730][  0]LogConfig: Setting CVar [[r.ShadowQuality:5]]
[2020.11.01-22.37.28:730][  0]LogConfig: Setting CVar [[r.Shadow.CSM.MaxCascades:10]]
[2020.11.01-22.37.28:730][  0]LogConfig: Setting CVar [[r.Shadow.MaxResolution:2048]]
[2020.11.01-22.37.28:730][  0]LogConfig: Setting CVar [[r.Shadow.MaxCSMResolution:2048]]
[2020.11.01-22.37.28:730][  0]LogConfig: Setting CVar [[r.Shadow.RadiusThreshold:0.01]]
[2020.11.01-22.37.28:730][  0]LogConfig: Setting CVar [[r.Shadow.DistanceScale:1.0]]
[2020.11.01-22.37.28:730][  0]LogConfig: Setting CVar [[r.Shadow.CSM.TransitionScale:1.0]]
[2020.11.01-22.37.28:730][  0]LogConfig: Setting CVar [[r.Shadow.PreShadowResolutionFactor:1.0]]
[2020.11.01-22.37.28:730][  0]LogConfig: Setting CVar [[r.DistanceFieldShadowing:1]]
[2020.11.01-22.37.28:731][  0]LogConfig: Setting CVar [[r.DistanceFieldAO:1]]
[2020.11.01-22.37.28:731][  0]LogConfig: Setting CVar [[r.AOQuality:2]]
[2020.11.01-22.37.28:731][  0]LogConfig: Setting CVar [[r.VolumetricFog:1]]
[2020.11.01-22.37.28:731][  0]LogConfig: Setting CVar [[r.VolumetricFog.GridPixelSize:8]]
[2020.11.01-22.37.28:731][  0]LogConfig: Setting CVar [[r.VolumetricFog.GridSizeZ:128]]
[2020.11.01-22.37.28:731][  0]LogConfig: Setting CVar [[r.VolumetricFog.HistoryMissSupersampleCount:4]]
[2020.11.01-22.37.28:731][  0]LogConfig: Setting CVar [[r.LightMaxDrawDistanceScale:1]]
[2020.11.01-22.37.28:731][  0]LogConfig: Setting CVar [[r.CapsuleShadows:1]]
[2020.11.01-22.37.28:731][  0]LogConfig: Applying CVar settings from Section [PostProcessQuality@3] File [D:/EpicGames/UnrealProjects/Bambu/project/Saved/Config/Windows/Scalability.ini]
[2020.11.01-22.37.28:731][  0]LogConfig: Setting CVar [[r.MotionBlurQuality:4]]
[2020.11.01-22.37.28:731][  0]LogConfig: Setting CVar [[r.AmbientOcclusionMipLevelFactor:0.4]]
[2020.11.01-22.37.28:731][  0]LogConfig: Setting CVar [[r.AmbientOcclusionMaxQuality:100]]
[2020.11.01-22.37.28:731][  0]LogConfig: Setting CVar [[r.AmbientOcclusionLevels:-1]]
[2020.11.01-22.37.28:731][  0]LogConfig: Setting CVar [[r.AmbientOcclusionRadiusScale:1.0]]
[2020.11.01-22.37.28:731][  0]LogConfig: Setting CVar [[r.DepthOfFieldQuality:2]]
[2020.11.01-22.37.28:731][  0]LogConfig: Setting CVar [[r.RenderTargetPoolMin:400]]
[2020.11.01-22.37.28:731][  0]LogConfig: Setting CVar [[r.LensFlareQuality:2]]
[2020.11.01-22.37.28:731][  0]LogConfig: Setting CVar [[r.SceneColorFringeQuality:1]]
[2020.11.01-22.37.28:731][  0]LogConfig: Setting CVar [[r.EyeAdaptationQuality:2]]
[2020.11.01-22.37.28:731][  0]LogConfig: Setting CVar [[r.BloomQuality:5]]
[2020.11.01-22.37.28:731][  0]LogConfig: Setting CVar [[r.FastBlurThreshold:100]]
[2020.11.01-22.37.28:731][  0]LogConfig: Setting CVar [[r.Upscale.Quality:3]]
[2020.11.01-22.37.28:731][  0]LogConfig: Setting CVar [[r.Tonemapper.GrainQuantization:1]]
[2020.11.01-22.37.28:731][  0]LogConfig: Setting CVar [[r.LightShaftQuality:1]]
[2020.11.01-22.37.28:731][  0]LogConfig: Setting CVar [[r.Filter.SizeScale:1]]
[2020.11.01-22.37.28:731][  0]LogConfig: Setting CVar [[r.Tonemapper.Quality:5]]
[2020.11.01-22.37.28:731][  0]LogConfig: Setting CVar [[r.DOF.Gather.AccumulatorQuality:1        ; higher gathering accumulator quality]]
[2020.11.01-22.37.28:731][  0]LogConfig: Setting CVar [[r.DOF.Gather.PostfilterMethod:1          ; Median3x3 postfilering method]]
[2020.11.01-22.37.28:731][  0]LogConfig: Setting CVar [[r.DOF.Gather.EnableBokehSettings:0       ; no bokeh simulation when gathering]]
[2020.11.01-22.37.28:731][  0]LogConfig: Setting CVar [[r.DOF.Gather.RingCount:4                 ; medium number of samples when gathering]]
[2020.11.01-22.37.28:731][  0]LogConfig: Setting CVar [[r.DOF.Scatter.ForegroundCompositing:1    ; additive foreground scattering]]
[2020.11.01-22.37.28:731][  0]LogConfig: Setting CVar [[r.DOF.Scatter.BackgroundCompositing:2    ; additive background scattering]]
[2020.11.01-22.37.28:731][  0]LogConfig: Setting CVar [[r.DOF.Scatter.EnableBokehSettings:1      ; bokeh simulation when scattering]]
[2020.11.01-22.37.28:731][  0]LogConfig: Setting CVar [[r.DOF.Scatter.MaxSpriteRatio:0.1         ; only a maximum of 10% of scattered bokeh]]
[2020.11.01-22.37.28:731][  0]LogConfig: Setting CVar [[r.DOF.Recombine.Quality:1                ; cheap slight out of focus]]
[2020.11.01-22.37.28:731][  0]LogConfig: Setting CVar [[r.DOF.Recombine.EnableBokehSettings:0    ; no bokeh simulation on slight out of focus]]
[2020.11.01-22.37.28:731][  0]LogConfig: Setting CVar [[r.DOF.TemporalAAQuality:1                ; more stable temporal accumulation]]
[2020.11.01-22.37.28:731][  0]LogConfig: Setting CVar [[r.DOF.Kernel.MaxForegroundRadius:0.025]]
[2020.11.01-22.37.28:731][  0]LogConfig: Setting CVar [[r.DOF.Kernel.MaxBackgroundRadius:0.025]]
[2020.11.01-22.37.28:731][  0]LogConfig: Applying CVar settings from Section [TextureQuality@3] File [D:/EpicGames/UnrealProjects/Bambu/project/Saved/Config/Windows/Scalability.ini]
[2020.11.01-22.37.28:731][  0]LogConfig: Setting CVar [[r.Streaming.MipBias:0]]
[2020.11.01-22.37.28:731][  0]LogConfig: Setting CVar [[r.Streaming.AmortizeCPUToGPUCopy:0]]
[2020.11.01-22.37.28:731][  0]LogConfig: Setting CVar [[r.Streaming.MaxNumTexturesToStreamPerFrame:0]]
[2020.11.01-22.37.28:731][  0]LogConfig: Setting CVar [[r.Streaming.Boost:1]]
[2020.11.01-22.37.28:731][  0]LogConfig: Setting CVar [[r.MaxAnisotropy:8]]
[2020.11.01-22.37.28:731][  0]LogConfig: Setting CVar [[r.VT.MaxAnisotropy:8]]
[2020.11.01-22.37.28:731][  0]LogConfig: Setting CVar [[r.Streaming.LimitPoolSizeToVRAM:0]]
[2020.11.01-22.37.28:731][  0]LogConfig: Setting CVar [[r.Streaming.PoolSize:1000]]
[2020.11.01-22.37.28:731][  0]LogConfig: Setting CVar [[r.Streaming.MaxEffectiveScreenSize:0]]
[2020.11.01-22.37.28:731][  0]LogConfig: Applying CVar settings from Section [EffectsQuality@3] File [D:/EpicGames/UnrealProjects/Bambu/project/Saved/Config/Windows/Scalability.ini]
[2020.11.01-22.37.28:731][  0]LogConfig: Setting CVar [[r.TranslucencyLightingVolumeDim:64]]
[2020.11.01-22.37.28:731][  0]LogConfig: Setting CVar [[r.RefractionQuality:2]]
[2020.11.01-22.37.28:731][  0]LogConfig: Setting CVar [[r.SSR.Quality:3]]
[2020.11.01-22.37.28:731][  0]LogConfig: Setting CVar [[r.SSR.HalfResSceneColor:0]]
[2020.11.01-22.37.28:731][  0]LogConfig: Setting CVar [[r.SceneColorFormat:4]]
[2020.11.01-22.37.28:731][  0]LogConfig: Setting CVar [[r.DetailMode:2]]
[2020.11.01-22.37.28:731][  0]LogConfig: Setting CVar [[r.TranslucencyVolumeBlur:1]]
[2020.11.01-22.37.28:731][  0]LogConfig: Setting CVar [[r.MaterialQualityLevel:1 ; High quality]]
[2020.11.01-22.37.28:731][  0]LogConfig: Setting CVar [[r.SSS.Scale:1]]
[2020.11.01-22.37.28:731][  0]LogConfig: Setting CVar [[r.SSS.SampleSet:2]]
[2020.11.01-22.37.28:731][  0]LogConfig: Setting CVar [[r.SSS.Quality:1]]
[2020.11.01-22.37.28:731][  0]LogConfig: Setting CVar [[r.SSS.HalfRes:0]]
[2020.11.01-22.37.28:731][  0]LogConfig: Setting CVar [[r.SSGI.Quality:3]]
[2020.11.01-22.37.28:731][  0]LogConfig: Setting CVar [[r.EmitterSpawnRateScale:1.0]]
[2020.11.01-22.37.28:731][  0]LogConfig: Setting CVar [[r.ParticleLightQuality:2]]
[2020.11.01-22.37.28:731][  0]LogConfig: Setting CVar [[r.SkyAtmosphere.AerialPerspectiveLUT.FastApplyOnOpaque:1 ; Always have FastSkyLUT 1 in this case to avoid wrong sky]]
[2020.11.01-22.37.28:731][  0]LogConfig: Setting CVar [[r.SkyAtmosphere.AerialPerspectiveLUT.SampleCountPerSlice:1]]
[2020.11.01-22.37.28:731][  0]LogConfig: Setting CVar [[r.SkyAtmosphere.AerialPerspectiveLUT.DepthResolution:16.0]]
[2020.11.01-22.37.28:731][  0]LogConfig: Setting CVar [[r.SkyAtmosphere.FastSkyLUT:1]]
[2020.11.01-22.37.28:731][  0]LogConfig: Setting CVar [[r.SkyAtmosphere.FastSkyLUT.SampleCountMin:4.0]]
[2020.11.01-22.37.28:731][  0]LogConfig: Setting CVar [[r.SkyAtmosphere.FastSkyLUT.SampleCountMax:32.0]]
[2020.11.01-22.37.28:731][  0]LogConfig: Setting CVar [[r.SkyAtmosphere.SampleCountMin:4.0]]
[2020.11.01-22.37.28:731][  0]LogConfig: Setting CVar [[r.SkyAtmosphere.SampleCountMax:32.0]]
[2020.11.01-22.37.28:731][  0]LogConfig: Setting CVar [[r.SkyAtmosphere.TransmittanceLUT.UseSmallFormat:0]]
[2020.11.01-22.37.28:731][  0]LogConfig: Setting CVar [[r.SkyAtmosphere.TransmittanceLUT.SampleCount:10.0]]
[2020.11.01-22.37.28:731][  0]LogConfig: Setting CVar [[r.SkyAtmosphere.MultiScatteringLUT.SampleCount:15.0]]
[2020.11.01-22.37.28:731][  0]LogConfig: Applying CVar settings from Section [FoliageQuality@3] File [D:/EpicGames/UnrealProjects/Bambu/project/Saved/Config/Windows/Scalability.ini]
[2020.11.01-22.37.28:731][  0]LogConfig: Setting CVar [[foliage.DensityScale:1.0]]
[2020.11.01-22.37.28:731][  0]LogConfig: Setting CVar [[grass.DensityScale:1.0]]
[2020.11.01-22.37.28:731][  0]LogConfig: Applying CVar settings from Section [ShadingQuality@3] File [D:/EpicGames/UnrealProjects/Bambu/project/Saved/Config/Windows/Scalability.ini]
[2020.11.01-22.37.28:731][  0]LogConfig: Setting CVar [[r.HairStrands.SkyLighting.SampleCount:16]]
[2020.11.01-22.37.28:731][  0]LogConfig: Setting CVar [[r.HairStrands.SkyLighting.JitterIntegration:0]]
[2020.11.01-22.37.28:731][  0]LogConfig: Setting CVar [[r.HairStrands.SkyAO.SampleCount:16]]
[2020.11.01-22.37.28:731][  0]LogConfig: Setting CVar [[r.HairStrands.DeepShadow.SuperSampling:0]]
[2020.11.01-22.37.28:731][  0]LogConfig: Setting CVar [[r.HairStrands.VisibilityPPLL:0]]
[2020.11.01-22.37.28:731][  0]LogConfig: Setting CVar [[r.HairStrands.RasterizationScale:0.5]]
[2020.11.01-22.37.28:731][  0]LogConfig: Setting CVar [[r.HairStrands.VelocityRasterizationScale:1]]
[2020.11.01-22.37.28:731][  0]LogInit: Selected Device Profile: [Windows]
[2020.11.01-22.37.28:731][  0]LogInit: Applying CVar settings loaded from the selected device profile: [Windows]
[2020.11.01-22.37.28:731][  0]LogHAL: Display: Platform has ~ 16 GB [17090924544 / 17179869184 / 16], which maps to Larger [LargestMinGB=32, LargerMinGB=12, DefaultMinGB=8, SmallerMinGB=6, SmallestMinGB=0)
[2020.11.01-22.37.28:731][  0]LogInit: Going up to parent DeviceProfile []
[2020.11.01-22.37.28:731][  0]LogConfig: Applying CVar settings from Section [ViewDistanceQuality@3] File [D:/EpicGames/UnrealProjects/Bambu/project/Saved/Config/Windows/Scalability.ini]
[2020.11.01-22.37.28:731][  0]LogConfig: Setting CVar [[r.SkeletalMeshLODBias:0]]
[2020.11.01-22.37.28:731][  0]LogConfig: Setting CVar [[r.ViewDistanceScale:1.0]]
[2020.11.01-22.37.28:731][  0]LogConfig: Applying CVar settings from Section [AntiAliasingQuality@3] File [D:/EpicGames/UnrealProjects/Bambu/project/Saved/Config/Windows/Scalability.ini]
[2020.11.01-22.37.28:731][  0]LogConfig: Setting CVar [[r.PostProcessAAQuality:4]]
[2020.11.01-22.37.28:731][  0]LogConfig: Applying CVar settings from Section [ShadowQuality@3] File [D:/EpicGames/UnrealProjects/Bambu/project/Saved/Config/Windows/Scalability.ini]
[2020.11.01-22.37.28:731][  0]LogConfig: Setting CVar [[r.LightFunctionQuality:1]]
[2020.11.01-22.37.28:731][  0]LogConfig: Setting CVar [[r.ShadowQuality:5]]
[2020.11.01-22.37.28:731][  0]LogConfig: Setting CVar [[r.Shadow.CSM.MaxCascades:10]]
[2020.11.01-22.37.28:732][  0]LogConfig: Setting CVar [[r.Shadow.MaxResolution:2048]]
[2020.11.01-22.37.28:732][  0]LogConfig: Setting CVar [[r.Shadow.MaxCSMResolution:2048]]
[2020.11.01-22.37.28:732][  0]LogConfig: Setting CVar [[r.Shadow.RadiusThreshold:0.01]]
[2020.11.01-22.37.28:732][  0]LogConfig: Setting CVar [[r.Shadow.DistanceScale:1.0]]
[2020.11.01-22.37.28:732][  0]LogConfig: Setting CVar [[r.Shadow.CSM.TransitionScale:1.0]]
[2020.11.01-22.37.28:732][  0]LogConfig: Setting CVar [[r.Shadow.PreShadowResolutionFactor:1.0]]
[2020.11.01-22.37.28:732][  0]LogConfig: Setting CVar [[r.DistanceFieldShadowing:1]]
[2020.11.01-22.37.28:732][  0]LogConfig: Setting CVar [[r.DistanceFieldAO:1]]
[2020.11.01-22.37.28:732][  0]LogConfig: Setting CVar [[r.AOQuality:2]]
[2020.11.01-22.37.28:732][  0]LogConfig: Setting CVar [[r.VolumetricFog:1]]
[2020.11.01-22.37.28:732][  0]LogConfig: Setting CVar [[r.VolumetricFog.GridPixelSize:8]]
[2020.11.01-22.37.28:732][  0]LogConfig: Setting CVar [[r.VolumetricFog.GridSizeZ:128]]
[2020.11.01-22.37.28:732][  0]LogConfig: Setting CVar [[r.VolumetricFog.HistoryMissSupersampleCount:4]]
[2020.11.01-22.37.28:732][  0]LogConfig: Setting CVar [[r.LightMaxDrawDistanceScale:1]]
[2020.11.01-22.37.28:732][  0]LogConfig: Setting CVar [[r.CapsuleShadows:1]]
[2020.11.01-22.37.28:732][  0]LogConfig: Applying CVar settings from Section [PostProcessQuality@3] File [D:/EpicGames/UnrealProjects/Bambu/project/Saved/Config/Windows/Scalability.ini]
[2020.11.01-22.37.28:732][  0]LogConfig: Setting CVar [[r.MotionBlurQuality:4]]
[2020.11.01-22.37.28:732][  0]LogConfig: Setting CVar [[r.AmbientOcclusionMipLevelFactor:0.4]]
[2020.11.01-22.37.28:732][  0]LogConfig: Setting CVar [[r.AmbientOcclusionMaxQuality:100]]
[2020.11.01-22.37.28:732][  0]LogConfig: Setting CVar [[r.AmbientOcclusionLevels:-1]]
[2020.11.01-22.37.28:732][  0]LogConfig: Setting CVar [[r.AmbientOcclusionRadiusScale:1.0]]
[2020.11.01-22.37.28:732][  0]LogConfig: Setting CVar [[r.DepthOfFieldQuality:2]]
[2020.11.01-22.37.28:732][  0]LogConfig: Setting CVar [[r.RenderTargetPoolMin:400]]
[2020.11.01-22.37.28:732][  0]LogConfig: Setting CVar [[r.LensFlareQuality:2]]
[2020.11.01-22.37.28:732][  0]LogConfig: Setting CVar [[r.SceneColorFringeQuality:1]]
[2020.11.01-22.37.28:732][  0]LogConfig: Setting CVar [[r.EyeAdaptationQuality:2]]
[2020.11.01-22.37.28:732][  0]LogConfig: Setting CVar [[r.BloomQuality:5]]
[2020.11.01-22.37.28:732][  0]LogConfig: Setting CVar [[r.FastBlurThreshold:100]]
[2020.11.01-22.37.28:732][  0]LogConfig: Setting CVar [[r.Upscale.Quality:3]]
[2020.11.01-22.37.28:732][  0]LogConfig: Setting CVar [[r.Tonemapper.GrainQuantization:1]]
[2020.11.01-22.37.28:732][  0]LogConfig: Setting CVar [[r.LightShaftQuality:1]]
[2020.11.01-22.37.28:732][  0]LogConfig: Setting CVar [[r.Filter.SizeScale:1]]
[2020.11.01-22.37.28:732][  0]LogConfig: Setting CVar [[r.Tonemapper.Quality:5]]
[2020.11.01-22.37.28:732][  0]LogConfig: Setting CVar [[r.DOF.Gather.AccumulatorQuality:1        ; higher gathering accumulator quality]]
[2020.11.01-22.37.28:732][  0]LogConfig: Setting CVar [[r.DOF.Gather.PostfilterMethod:1          ; Median3x3 postfilering method]]
[2020.11.01-22.37.28:732][  0]LogConfig: Setting CVar [[r.DOF.Gather.EnableBokehSettings:0       ; no bokeh simulation when gathering]]
[2020.11.01-22.37.28:732][  0]LogConfig: Setting CVar [[r.DOF.Gather.RingCount:4                 ; medium number of samples when gathering]]
[2020.11.01-22.37.28:732][  0]LogConfig: Setting CVar [[r.DOF.Scatter.ForegroundCompositing:1    ; additive foreground scattering]]
[2020.11.01-22.37.28:732][  0]LogConfig: Setting CVar [[r.DOF.Scatter.BackgroundCompositing:2    ; additive background scattering]]
[2020.11.01-22.37.28:732][  0]LogConfig: Setting CVar [[r.DOF.Scatter.EnableBokehSettings:1      ; bokeh simulation when scattering]]
[2020.11.01-22.37.28:732][  0]LogConfig: Setting CVar [[r.DOF.Scatter.MaxSpriteRatio:0.1         ; only a maximum of 10% of scattered bokeh]]
[2020.11.01-22.37.28:732][  0]LogConfig: Setting CVar [[r.DOF.Recombine.Quality:1                ; cheap slight out of focus]]
[2020.11.01-22.37.28:732][  0]LogConfig: Setting CVar [[r.DOF.Recombine.EnableBokehSettings:0    ; no bokeh simulation on slight out of focus]]
[2020.11.01-22.37.28:732][  0]LogConfig: Setting CVar [[r.DOF.TemporalAAQuality:1                ; more stable temporal accumulation]]
[2020.11.01-22.37.28:732][  0]LogConfig: Setting CVar [[r.DOF.Kernel.MaxForegroundRadius:0.025]]
[2020.11.01-22.37.28:732][  0]LogConfig: Setting CVar [[r.DOF.Kernel.MaxBackgroundRadius:0.025]]
[2020.11.01-22.37.28:732][  0]LogConfig: Applying CVar settings from Section [TextureQuality@3] File [D:/EpicGames/UnrealProjects/Bambu/project/Saved/Config/Windows/Scalability.ini]
[2020.11.01-22.37.28:732][  0]LogConfig: Setting CVar [[r.Streaming.MipBias:0]]
[2020.11.01-22.37.28:732][  0]LogConfig: Setting CVar [[r.Streaming.AmortizeCPUToGPUCopy:0]]
[2020.11.01-22.37.28:732][  0]LogConfig: Setting CVar [[r.Streaming.MaxNumTexturesToStreamPerFrame:0]]
[2020.11.01-22.37.28:732][  0]LogConfig: Setting CVar [[r.Streaming.Boost:1]]
[2020.11.01-22.37.28:732][  0]LogConfig: Setting CVar [[r.MaxAnisotropy:8]]
[2020.11.01-22.37.28:732][  0]LogConfig: Setting CVar [[r.VT.MaxAnisotropy:8]]
[2020.11.01-22.37.28:732][  0]LogConfig: Setting CVar [[r.Streaming.LimitPoolSizeToVRAM:0]]
[2020.11.01-22.37.28:732][  0]LogConfig: Setting CVar [[r.Streaming.PoolSize:1000]]
[2020.11.01-22.37.28:732][  0]LogConfig: Setting CVar [[r.Streaming.MaxEffectiveScreenSize:0]]
[2020.11.01-22.37.28:732][  0]LogConfig: Applying CVar settings from Section [EffectsQuality@3] File [D:/EpicGames/UnrealProjects/Bambu/project/Saved/Config/Windows/Scalability.ini]
[2020.11.01-22.37.28:732][  0]LogConfig: Setting CVar [[r.TranslucencyLightingVolumeDim:64]]
[2020.11.01-22.37.28:732][  0]LogConfig: Setting CVar [[r.RefractionQuality:2]]
[2020.11.01-22.37.28:732][  0]LogConfig: Setting CVar [[r.SSR.Quality:3]]
[2020.11.01-22.37.28:732][  0]LogConfig: Setting CVar [[r.SSR.HalfResSceneColor:0]]
[2020.11.01-22.37.28:732][  0]LogConfig: Setting CVar [[r.SceneColorFormat:4]]
[2020.11.01-22.37.28:732][  0]LogConfig: Setting CVar [[r.DetailMode:2]]
[2020.11.01-22.37.28:732][  0]LogConfig: Setting CVar [[r.TranslucencyVolumeBlur:1]]
[2020.11.01-22.37.28:732][  0]LogConfig: Setting CVar [[r.MaterialQualityLevel:1 ; High quality]]
[2020.11.01-22.37.28:732][  0]LogConfig: Setting CVar [[r.SSS.Scale:1]]
[2020.11.01-22.37.28:732][  0]LogConfig: Setting CVar [[r.SSS.SampleSet:2]]
[2020.11.01-22.37.28:732][  0]LogConfig: Setting CVar [[r.SSS.Quality:1]]
[2020.11.01-22.37.28:732][  0]LogConfig: Setting CVar [[r.SSS.HalfRes:0]]
[2020.11.01-22.37.28:732][  0]LogConfig: Setting CVar [[r.SSGI.Quality:3]]
[2020.11.01-22.37.28:732][  0]LogConfig: Setting CVar [[r.EmitterSpawnRateScale:1.0]]
[2020.11.01-22.37.28:732][  0]LogConfig: Setting CVar [[r.ParticleLightQuality:2]]
[2020.11.01-22.37.28:732][  0]LogConfig: Setting CVar [[r.SkyAtmosphere.AerialPerspectiveLUT.FastApplyOnOpaque:1 ; Always have FastSkyLUT 1 in this case to avoid wrong sky]]
[2020.11.01-22.37.28:732][  0]LogConfig: Setting CVar [[r.SkyAtmosphere.AerialPerspectiveLUT.SampleCountPerSlice:1]]
[2020.11.01-22.37.28:732][  0]LogConfig: Setting CVar [[r.SkyAtmosphere.AerialPerspectiveLUT.DepthResolution:16.0]]
[2020.11.01-22.37.28:732][  0]LogConfig: Setting CVar [[r.SkyAtmosphere.FastSkyLUT:1]]
[2020.11.01-22.37.28:732][  0]LogConfig: Setting CVar [[r.SkyAtmosphere.FastSkyLUT.SampleCountMin:4.0]]
[2020.11.01-22.37.28:732][  0]LogConfig: Setting CVar [[r.SkyAtmosphere.FastSkyLUT.SampleCountMax:32.0]]
[2020.11.01-22.37.28:732][  0]LogConfig: Setting CVar [[r.SkyAtmosphere.SampleCountMin:4.0]]
[2020.11.01-22.37.28:732][  0]LogConfig: Setting CVar [[r.SkyAtmosphere.SampleCountMax:32.0]]
[2020.11.01-22.37.28:732][  0]LogConfig: Setting CVar [[r.SkyAtmosphere.TransmittanceLUT.UseSmallFormat:0]]
[2020.11.01-22.37.28:732][  0]LogConfig: Setting CVar [[r.SkyAtmosphere.TransmittanceLUT.SampleCount:10.0]]
[2020.11.01-22.37.28:732][  0]LogConfig: Setting CVar [[r.SkyAtmosphere.MultiScatteringLUT.SampleCount:15.0]]
[2020.11.01-22.37.28:732][  0]LogConfig: Applying CVar settings from Section [FoliageQuality@3] File [D:/EpicGames/UnrealProjects/Bambu/project/Saved/Config/Windows/Scalability.ini]
[2020.11.01-22.37.28:732][  0]LogConfig: Setting CVar [[foliage.DensityScale:1.0]]
[2020.11.01-22.37.28:732][  0]LogConfig: Setting CVar [[grass.DensityScale:1.0]]
[2020.11.01-22.37.28:732][  0]LogConfig: Applying CVar settings from Section [ShadingQuality@3] File [D:/EpicGames/UnrealProjects/Bambu/project/Saved/Config/Windows/Scalability.ini]
[2020.11.01-22.37.28:732][  0]LogConfig: Setting CVar [[r.HairStrands.SkyLighting.SampleCount:16]]
[2020.11.01-22.37.28:732][  0]LogConfig: Setting CVar [[r.HairStrands.SkyLighting.JitterIntegration:0]]
[2020.11.01-22.37.28:732][  0]LogConfig: Setting CVar [[r.HairStrands.SkyAO.SampleCount:16]]
[2020.11.01-22.37.28:732][  0]LogConfig: Setting CVar [[r.HairStrands.DeepShadow.SuperSampling:0]]
[2020.11.01-22.37.28:732][  0]LogConfig: Setting CVar [[r.HairStrands.VisibilityPPLL:0]]
[2020.11.01-22.37.28:732][  0]LogConfig: Setting CVar [[r.HairStrands.RasterizationScale:0.5]]
[2020.11.01-22.37.28:732][  0]LogConfig: Setting CVar [[r.HairStrands.VelocityRasterizationScale:1]]
[2020.11.01-22.37.28:732][  0]LogConfig: Applying CVar settings from Section [Startup] File [../../../Engine/Config/ConsoleVariables.ini]
[2020.11.01-22.37.28:733][  0]LogConfig: Setting CVar [[net.UseAdaptiveNetUpdateFrequency:0]]
[2020.11.01-22.37.28:733][  0]LogConfig: Setting CVar [[p.chaos.AllowCreatePhysxBodies:1]]
[2020.11.01-22.37.28:733][  0]LogConfig: Setting CVar [[fx.SkipVectorVMBackendOptimizations:1]]
[2020.11.01-22.37.28:733][  0]LogConfig: Applying CVar settings from Section [ConsoleVariables] File [D:/EpicGames/UnrealProjects/Bambu/project/Saved/Config/Windows/Engine.ini]
[2020.11.01-22.37.28:733][  0]LogInit: Computer: DESKTOP-UADTEP2
[2020.11.01-22.37.28:733][  0]LogInit: User: solski
[2020.11.01-22.37.28:733][  0]LogInit: CPU Page size=4096, Cores=8
[2020.11.01-22.37.28:733][  0]LogInit: High frequency timer resolution =10.000000 MHz
[2020.11.01-22.37.28:733][  0]LogMemory: Memory total: Physical=15.9GB (16GB approx)
[2020.11.01-22.37.28:733][  0]LogMemory: Platform Memory Stats for Windows
[2020.11.01-22.37.28:733][  0]LogMemory: Process Physical Memory: 115.34 MB used, 115.34 MB peak
[2020.11.01-22.37.28:733][  0]LogMemory: Process Virtual Memory: 98.10 MB used, 98.10 MB peak
[2020.11.01-22.37.28:733][  0]LogMemory: Physical Memory: 6778.25 MB used,  9520.93 MB free, 16299.18 MB total
[2020.11.01-22.37.28:733][  0]LogMemory: Virtual Memory: 5184.89 MB used,  134212544.00 MB free, 134217728.00 MB total
[2020.11.01-22.37.28:736][  0]LogWindows: WindowsPlatformFeatures enabled
[2020.11.01-22.37.28:766][  0]LogInit: Physics initialised using underlying interface: PhysX
[2020.11.01-22.37.28:767][  0]LogInit: Overriding language with editor language configuration option (en).
[2020.11.01-22.37.28:767][  0]LogInit: Overriding locale with editor locale configuration option (en).
[2020.11.01-22.37.28:880][  0]LogInit: Setting process to per monitor DPI aware
[2020.11.01-22.37.28:902][  0]LogSlate: New Slate User Created.  User Index 0, Is Virtual User: 0
[2020.11.01-22.37.28:902][  0]LogSlate: Slate User Registered.  User Index 0, Is Virtual User: 0
[2020.11.01-22.37.29:001][  0]LogHMD: Failed to initialize OpenVR with code 110
[2020.11.01-22.37.29:001][  0]LogD3D11RHI: D3D11 min allowed feature level: 11_0
[2020.11.01-22.37.29:001][  0]LogD3D11RHI: D3D11 max allowed feature level: 11_0
[2020.11.01-22.37.29:001][  0]LogD3D11RHI: D3D11 adapters:
[2020.11.01-22.37.29:065][  0]LogD3D11RHI:    0. 'NVIDIA GeForce RTX 2070' (Feature Level 11_0)
[2020.11.01-22.37.29:065][  0]LogD3D11RHI:       8031/0/8149 MB DedicatedVideo/DedicatedSystem/SharedSystem, Outputs:2, VendorId:0x10de
[2020.11.01-22.37.29:068][  0]LogD3D11RHI:    1. 'Microsoft Basic Render Driver' (Feature Level 11_0)
[2020.11.01-22.37.29:068][  0]LogD3D11RHI:       0/0/8149 MB DedicatedVideo/DedicatedSystem/SharedSystem, Outputs:0, VendorId:0x1414
[2020.11.01-22.37.29:068][  0]LogD3D11RHI: Chosen D3D11 Adapter: 0
[2020.11.01-22.37.29:072][  0]LogD3D11RHI: Creating new Direct3DDevice
[2020.11.01-22.37.29:072][  0]LogD3D11RHI:     GPU DeviceId: 0x1f02 (for the marketing name, search the web for "GPU Device Id")
[2020.11.01-22.37.29:072][  0]LogWindows: EnumDisplayDevices:
[2020.11.01-22.37.29:072][  0]LogWindows:    0. 'NVIDIA GeForce RTX 2070' (P:1 D:1)
[2020.11.01-22.37.29:072][  0]LogWindows:    1. 'NVIDIA GeForce RTX 2070' (P:0 D:1)
[2020.11.01-22.37.29:072][  0]LogWindows:    2. 'NVIDIA GeForce RTX 2070' (P:0 D:0)
[2020.11.01-22.37.29:073][  0]LogWindows:    3. 'NVIDIA GeForce RTX 2070' (P:0 D:0)
[2020.11.01-22.37.29:073][  0]LogWindows: DebugString: FoundDriverCount:4 
[2020.11.01-22.37.29:073][  0]LogD3D11RHI:     Adapter Name: NVIDIA GeForce RTX 2070
[2020.11.01-22.37.29:073][  0]LogD3D11RHI:   Driver Version: 456.38 (internal:27.21.14.5638, unified:456.38)
[2020.11.01-22.37.29:073][  0]LogD3D11RHI:      Driver Date: 9-14-2020
[2020.11.01-22.37.29:073][  0]LogRHI: Texture pool is 5621 MB (70% of 8031 MB)
[2020.11.01-22.37.29:114][  0]LogD3D11RHI: RHI has support for 64 bit atomics
[2020.11.01-22.37.29:116][  0]LogD3D11RHI: [Aftermath] Enabled and primed
[2020.11.01-22.37.29:116][  0]LogD3D11RHI: Async texture creation enabled
[2020.11.01-22.37.29:116][  0]LogD3D11RHI: Array index from any shader is supported
[2020.11.01-22.37.29:146][  0]LogD3D11RHI: GPU Timing Frequency: 1000.000000 (Debug: 2 2)
[2020.11.01-22.37.29:340][  0]LogTargetPlatformManager: Display: Loaded TargetPlatform 'AllDesktop'
[2020.11.01-22.37.29:354][  0]LogTargetPlatformManager: Display: Loaded TargetPlatform 'Android'
[2020.11.01-22.37.29:354][  0]LogTargetPlatformManager: Display: Loaded TargetPlatform 'Android_ASTC'
[2020.11.01-22.37.29:354][  0]LogTargetPlatformManager: Display: Loaded TargetPlatform 'Android_DXT'
[2020.11.01-22.37.29:354][  0]LogTargetPlatformManager: Display: Loaded TargetPlatform 'Android_ETC2'
[2020.11.01-22.37.29:354][  0]LogTargetPlatformManager: Display: Loaded TargetPlatform 'AndroidClient'
[2020.11.01-22.37.29:354][  0]LogTargetPlatformManager: Display: Loaded TargetPlatform 'Android_ASTCClient'
[2020.11.01-22.37.29:354][  0]LogTargetPlatformManager: Display: Loaded TargetPlatform 'Android_DXTClient'
[2020.11.01-22.37.29:354][  0]LogTargetPlatformManager: Display: Loaded TargetPlatform 'Android_ETC2Client'
[2020.11.01-22.37.29:354][  0]LogTargetPlatformManager: Display: Loaded TargetPlatform 'Android_Multi'
[2020.11.01-22.37.29:354][  0]LogTargetPlatformManager: Display: Loaded TargetPlatform 'Android_MultiClient'
[2020.11.01-22.37.29:370][  0]LogTargetPlatformManager: Display: Loaded TargetPlatform 'IOSClient'
[2020.11.01-22.37.29:370][  0]LogTargetPlatformManager: Display: Loaded TargetPlatform 'IOS'
[2020.11.01-22.37.29:376][  0]LogTargetPlatformManager: Display: Loaded TargetPlatform 'Linux'
[2020.11.01-22.37.29:382][  0]LogTargetPlatformManager: Display: Loaded TargetPlatform 'LinuxNoEditor'
[2020.11.01-22.37.29:388][  0]LogTargetPlatformManager: Display: Loaded TargetPlatform 'LinuxClient'
[2020.11.01-22.37.29:394][  0]LogTargetPlatformManager: Display: Loaded TargetPlatform 'LinuxServer'
[2020.11.01-22.37.29:399][  0]LogTargetPlatformManager: Display: Loaded TargetPlatform 'LinuxAArch64NoEditor'
[2020.11.01-22.37.29:405][  0]LogTargetPlatformManager: Display: Loaded TargetPlatform 'LinuxAArch64Client'
[2020.11.01-22.37.29:411][  0]LogTargetPlatformManager: Display: Loaded TargetPlatform 'LinuxAArch64Server'
[2020.11.01-22.37.29:428][  0]LogTargetPlatformManager: Display: Loaded TargetPlatform 'Lumin'
[2020.11.01-22.37.29:428][  0]LogTargetPlatformManager: Display: Loaded TargetPlatform 'LuminClient'
[2020.11.01-22.37.29:438][  0]LogTargetPlatformManager: Display: Loaded TargetPlatform 'TVOSClient'
[2020.11.01-22.37.29:438][  0]LogTargetPlatformManager: Display: Loaded TargetPlatform 'TVOS'
[2020.11.01-22.37.29:444][  0]LogTargetPlatformManager: Display: Loaded TargetPlatform 'WindowsNoEditor'
[2020.11.01-22.37.29:450][  0]LogTargetPlatformManager: Display: Loaded TargetPlatform 'Windows'
[2020.11.01-22.37.29:456][  0]LogTargetPlatformManager: Display: Loaded TargetPlatform 'WindowsClient'
[2020.11.01-22.37.29:462][  0]LogTargetPlatformManager: Display: Loaded TargetPlatform 'WindowsServer'
[2020.11.01-22.37.29:462][  0]LogTargetPlatformManager: Display: Building Assets For Windows
[2020.11.01-22.37.29:466][  0]LogAudioDebug: Display: Lib vorbis DLL was dynamically loaded.
[2020.11.01-22.37.29:501][  0]LogShaderCompilers: Guid format shader working directory is 7 characters bigger than the processId version (../../../../UnrealProjects/Bambu/project/Intermediate/Shaders/WorkingDirectory/7732/).
[2020.11.01-22.37.29:501][  0]LogShaderCompilers: Cleaned the shader compiler working directory 'C:/Users/solski/AppData/Local/Temp/UnrealShaderWorkingDir/88764325445B811ED6EE7B8A33514A0E/'.
[2020.11.01-22.37.29:501][  0]LogXGEController: Cannot use XGE Controller as Incredibuild is not installed on this machine.
[2020.11.01-22.37.29:501][  0]LogShaderCompilers: Cannot use XGE Shader Compiler as Incredibuild is not installed on this machine.
[2020.11.01-22.37.29:501][  0]LogShaderCompilers: Display: Using Local Shader Compiler.
[2020.11.01-22.37.30:051][  0]LogDerivedDataCache: Display: Max Cache Size: 512 MB
[2020.11.01-22.37.30:087][  0]LogDerivedDataCache: Loaded boot cache 0.04s 75MB C:/Users/solski/AppData/Local/UnrealEngine/4.25/DerivedDataCache/Boot.ddc.
[2020.11.01-22.37.30:087][  0]LogDerivedDataCache: Display: Loaded Boot cache: C:/Users/solski/AppData/Local/UnrealEngine/4.25/DerivedDataCache/Boot.ddc
[2020.11.01-22.37.30:087][  0]LogDerivedDataCache: FDerivedDataBackendGraph:  Pak pak cache file ../../../../UnrealProjects/Bambu/project/DerivedDataCache/DDC.ddp not found, will not use a pak cache.
[2020.11.01-22.37.30:087][  0]LogDerivedDataCache: Unable to find inner node Pak for hierarchical cache Hierarchy.
[2020.11.01-22.37.30:087][  0]LogDerivedDataCache: FDerivedDataBackendGraph:  CompressedPak pak cache file ../../../../UnrealProjects/Bambu/project/DerivedDataCache/Compressed.ddp not found, will not use a pak cache.
[2020.11.01-22.37.30:087][  0]LogDerivedDataCache: Unable to find inner node CompressedPak for hierarchical cache Hierarchy.
[2020.11.01-22.37.30:095][  0]LogDerivedDataCache: Display: Pak cache opened for reading ../../../Engine/DerivedDataCache/Compressed.ddp.
[2020.11.01-22.37.30:095][  0]LogDerivedDataCache: FDerivedDataBackendGraph:  EnterprisePak pak cache file ../../../Enterprise/DerivedDataCache/Compressed.ddp not found, will not use a pak cache.
[2020.11.01-22.37.30:095][  0]LogDerivedDataCache: Unable to find inner node EnterprisePak for hierarchical cache Hierarchy.
[2020.11.01-22.37.30:095][  0]LogDerivedDataCache: Using Local data cache path C:/Users/solski/AppData/Local/UnrealEngine/Common/DerivedDataCache: Writable
[2020.11.01-22.37.30:096][  0]LogDerivedDataCache: Shared data cache path not found in *engine.ini, will not use an Shared cache.
[2020.11.01-22.37.30:096][  0]LogDerivedDataCache: Unable to find inner node Shared for hierarchical cache Hierarchy.
[2020.11.01-22.37.30:133][  0]LogSlate: Using FreeType 2.10.0
[2020.11.01-22.37.30:133][  0]LogSlate: SlateFontServices - WITH_FREETYPE: 1, WITH_HARFBUZZ: 1
[2020.11.01-22.37.30:152][  0]LogAssetRegistry: FAssetRegistry took 0.0017 seconds to start up
[2020.11.01-22.37.30:317][  0]LogInit: Selected Device Profile: [Windows]
[2020.11.01-22.37.30:394][  0]LogMeshReduction: Using QuadricMeshReduction for automatic static mesh reduction
[2020.11.01-22.37.30:394][  0]LogMeshReduction: Using SimplygonMeshReduction for automatic skeletal mesh reduction
[2020.11.01-22.37.30:394][  0]LogMeshReduction: Using ProxyLODMeshReduction for automatic mesh merging
[2020.11.01-22.37.30:394][  0]LogMeshReduction: No distributed automatic mesh merging module available
[2020.11.01-22.37.30:394][  0]LogMeshMerging: No distributed automatic mesh merging module available
[2020.11.01-22.37.30:406][  0]LogNetVersion: project 1.0.0, NetCL: 13144385, EngineNetVer: 14, GameNetVer: 0 (Checksum: 289691133)
[2020.11.01-22.37.30:698][  0]LogAISub: UAISubsystem::UAISubsystem AISubsystem (0000027BE3DC7880), frame # 0
[2020.11.01-22.37.30:699][  0]LogAISub: UAISubsystem::UAISubsystem AIPerceptionSystem (0000027BE3DCD080), frame # 0
[2020.11.01-22.37.30:699][  0]LogAISub: UAISubsystem::UAISubsystem EnvQueryManager (0000027BE3E3CA00), frame # 0
[2020.11.01-22.37.30:727][  0]LogPackageLocalizationCache: Processed 19 localized package path(s) for 1 prioritized culture(s) in 0.024018 seconds
[2020.11.01-22.37.30:730][  0]LogUObjectArray: 15917 objects as part of root set at end of initial load.
[2020.11.01-22.37.30:731][  0]LogUObjectAllocator: 3965568 out of 0 bytes used by permanent object pool.
[2020.11.01-22.37.30:731][  0]LogUObjectArray: CloseDisregardForGC: 0/0 objects in disregard for GC pool
[2020.11.01-22.37.30:937][  0]LogTcpMessaging: Initializing TcpMessaging bridge
[2020.11.01-22.37.30:939][  0]LogUdpMessaging: Initializing bridge on interface 0.0.0.0:0 to multicast group 230.0.0.1:6666.
[2020.11.01-22.37.30:992][  0]SourceControl: Source control is disabled
[2020.11.01-22.37.31:388][  0]LogAndroidPermission: UAndroidPermissionCallbackProxy::GetInstance
[2020.11.01-22.37.31:400][  0]LogAudioCaptureCore: Display: No Audio Capture implementations found. Audio input will be silent.
[2020.11.01-22.37.31:400][  0]LogAudioCaptureCore: Display: No Audio Capture implementations found. Audio input will be silent.
[2020.11.01-22.37.31:430][  0]LogOcInput: OculusInput pre-init called
[2020.11.01-22.37.31:436][  0]LogWindows: Failed to load 'OVRPlugin.dll' (GetLastError=126)
[2020.11.01-22.37.31:436][  0]LogWindows: File 'OVRPlugin.dll' does not exist
[2020.11.01-22.37.31:476][  0]LogEngine: Initializing Engine...
[2020.11.01-22.37.31:477][  0]LogHMD: Failed to initialize OpenVR with code 110
[2020.11.01-22.37.31:477][  0]LogMagicLeap: Warning: VR disabled because ZI is not enabled.  To enable, in the editor, Edit -> Project Settings -> Plugins -> Magic Leap Plugin -> Enable Zero Iteration
[2020.11.01-22.37.31:478][  0]LogStats: UGameplayTagsManager::InitializeManager -  0.000 s
[2020.11.01-22.37.31:556][  0]LogInit: Initializing FReadOnlyCVARCache
[2020.11.01-22.37.31:561][  0]LogAIModule: Creating AISystem for world Untitled
[2020.11.01-22.37.31:561][  0]LogAISub: UAISubsystem::UAISubsystem EnvQueryManager (0000027BE69F1C00), frame # 0
[2020.11.01-22.37.31:561][  0]LogAISub: UAISubsystem::UAISubsystem AIPerceptionSystem (0000027BE6A220C0), frame # 0
[2020.11.01-22.37.31:574][  0]LogAudioMixer: Display: Audio Mixer Platform Settings:
[2020.11.01-22.37.31:574][  0]LogAudioMixer: Display: 	Sample Rate:						  48000
[2020.11.01-22.37.31:574][  0]LogAudioMixer: Display: 	Callback Buffer Frame Size Requested: 1024
[2020.11.01-22.37.31:574][  0]LogAudioMixer: Display: 	Callback Buffer Frame Size To Use:	  1024
[2020.11.01-22.37.31:574][  0]LogAudioMixer: Display: 	Number of buffers to queue:			  2
[2020.11.01-22.37.31:574][  0]LogAudioMixer: Display: 	Max Channels (voices):				  32
[2020.11.01-22.37.31:574][  0]LogAudioMixer: Display: 	Number of Async Source Workers:		  0
[2020.11.01-22.37.31:574][  0]LogAudio: Display: AudioDevice MaxSources: 32
[2020.11.01-22.37.31:574][  0]LogAudio: Display: Using built-in audio occlusion.
[2020.11.01-22.37.31:574][  0]LogAudioMixer: Display: Initializing audio mixer.
[2020.11.01-22.37.31:580][  0]LogAudioMixer: Display: 0: FrontLeft
[2020.11.01-22.37.31:580][  0]LogAudioMixer: Display: 1: FrontRight
[2020.11.01-22.37.31:603][  0]LogAudioMixer: Display: Using Audio Device Alto-falantes (High Definition Audio Device)
[2020.11.01-22.37.31:605][  0]LogAudioMixer: Display: Initializing Sound Submixes...
[2020.11.01-22.37.31:606][  0]LogAudioMixer: Display: Creating Master Submix 'MasterSubmixDefault'
[2020.11.01-22.37.31:606][  0]LogAudioMixer: Display: Creating Master Submix 'MasterReverbSubmixDefault'
[2020.11.01-22.37.31:607][  0]LogAudioMixer: Display: Creating Master Submix 'MasterEQSubmixDefault'
[2020.11.01-22.37.31:607][  0]LogInit: FAudioDevice initialized.
[2020.11.01-22.37.31:607][  0]LogNetVersion: Set ProjectVersion to 1.0.0.0. Version Checksum will be recalculated on next use.
[2020.11.01-22.37.31:718][  0]LogDerivedDataCache: Saved boot cache 0.11s 75MB C:/Users/solski/AppData/Local/UnrealEngine/4.25/DerivedDataCache/Boot.ddc.
[2020.11.01-22.37.31:721][  0]LogInit: Texture streaming: Enabled
[2020.11.01-22.37.31:731][  0]LogEngineSessionManager: EngineSessionManager initialized
[2020.11.01-22.37.31:731][  0]LogEditorSessionSummary: Verbose: Initializing EditorSessionSummaryWriter for editor session tracking
[2020.11.01-22.37.31:732][  0]LogEditorSessionSummary: EditorSessionSummaryWriter initialized
[2020.11.01-22.37.31:764][  0]LogInit: Transaction tracking system initialized
[2020.11.01-22.37.31:777][  0]BlueprintLog: New page: Editor Load
[2020.11.01-22.37.31:818][  0]LocalizationService: Localization service is disabled
[2020.11.01-22.37.31:910][  0]LogCook: Display: Max memory allowance for cook 16384mb min free memory 0mb
[2020.11.01-22.37.31:910][  0]LogCook: Display: Mobile HDR setting 1
[2020.11.01-22.37.31:992][  0]LogFileCache: Scanning file cache for directory 'D:/EpicGames/UnrealProjects/Bambu/project/Content/' took 0.00s
[2020.11.01-22.37.32:145][  0]LogUnrealEdMisc: Loading editor; pre map load, took 4.184
[2020.11.01-22.37.32:145][  0]Cmd: MAP LOAD FILE="../../../../UnrealProjects/Bambu/project/Content/MapPlay.umap" TEMPLATE=0 SHOWPROGRESS=1 FEATURELEVEL=3
[2020.11.01-22.37.32:145][  0]LightingResults: New page: Lighting Build
[2020.11.01-22.37.32:145][  0]LogWorld: UWorld::CleanupWorld for Untitled, bSessionEnded=true, bCleanupResources=true
[2020.11.01-22.37.32:145][  0]LogSlate: InvalidateAllWidgets triggered.  All widgets were invalidated
[2020.11.01-22.37.32:145][  0]MapCheck: New page: Map Check
[2020.11.01-22.37.32:145][  0]LightingResults: New page: Lighting Build
[2020.11.01-22.37.32:154][  0]LogAISub: UAISubsystem::~UAISubsystem EnvQueryManager (0000027BE69F1C00), frame # 0
[2020.11.01-22.37.32:154][  0]LogAISub: UAISubsystem::~UAISubsystem AIPerceptionSystem (0000027BE6A220C0), frame # 0
[2020.11.01-22.37.32:155][  0]LogUObjectHash: Compacting FUObjectHashTables data took   0.47ms
[2020.11.01-22.37.32:197][  0]LogAIModule: Creating AISystem for world MapPlay
[2020.11.01-22.37.32:197][  0]LogAISub: UAISubsystem::UAISubsystem EnvQueryManager (0000027BF5033E00), frame # 0
[2020.11.01-22.37.32:197][  0]LogAISub: UAISubsystem::UAISubsystem AIPerceptionSystem (0000027BF51D4B80), frame # 0
[2020.11.01-22.37.32:200][  0]LogEditorServer: Finished looking for orphan Actors (0.000 secs)
[2020.11.01-22.37.32:210][  0]LogUObjectHash: Compacting FUObjectHashTables data took   0.52ms
[2020.11.01-22.37.32:210][  0]Cmd: MAP CHECKDEP NOCLEARLOG
[2020.11.01-22.37.32:211][  0]MapCheck: Map check complete: 0 Error(s), 0 Warning(s), took 0.074ms to complete.
[2020.11.01-22.37.32:211][  0]LogFileHelpers: Loading map 'MapPlay' took 0.066
[2020.11.01-22.37.32:212][  0]LogUnrealEdMisc: Total Editor Startup Time, took 4.251
[2020.11.01-22.37.32:339][  0]LogSlate: Updating window title bar state: overlay mode, drag disabled, window buttons hidden, title bar hidden
[2020.11.01-22.37.32:344][  0]LogSlate: Updating window title bar state: overlay mode, drag disabled, window buttons hidden, title bar hidden
[2020.11.01-22.37.32:349][  0]LogSlate: Updating window title bar state: overlay mode, drag disabled, window buttons hidden, title bar hidden
[2020.11.01-22.37.32:354][  0]LogSlate: Updating window title bar state: overlay mode, drag disabled, window buttons hidden, title bar hidden
[2020.11.01-22.37.32:358][  0]LogCollectionManager: Loaded 0 collections in 0.000716 seconds
[2020.11.01-22.37.32:367][  0]LogFileCache: Scanning file cache for directory 'D:/EpicGames/UnrealProjects/Bambu/project/Saved/Collections/' took 0.00s
[2020.11.01-22.37.32:367][  0]LogFileCache: Scanning file cache for directory 'D:/EpicGames/UnrealProjects/Bambu/project/Content/Developers/solski/Collections/' took 0.00s
[2020.11.01-22.37.32:367][  0]LogFileCache: Scanning file cache for directory 'D:/EpicGames/UnrealProjects/Bambu/project/Content/Collections/' took 0.00s
[2020.11.01-22.37.32:367][  0]LogContentBrowser: Native class hierarchy populated in 0.0069 seconds. Added 3427 classes and 821 folders.
[2020.11.01-22.37.32:371][  0]LogContentBrowser: Native class hierarchy updated for 'WidgetCarousel' in 0.0002 seconds. Added 0 classes and 0 folders.
[2020.11.01-22.37.32:400][  0]LogContentBrowser: Native class hierarchy updated for 'AddContentDialog' in 0.0002 seconds. Added 0 classes and 0 folders.
[2020.11.01-22.37.32:401][  0]LogContentBrowser: Native class hierarchy updated for 'SceneOutliner' in 0.0002 seconds. Added 2 classes and 0 folders.
[2020.11.01-22.37.32:440][  0]LogSlate: Took 0.000079 seconds to synchronously load lazily loaded font '../../../Engine/Content/Slate/Fonts/Roboto-Regular.ttf' (155K)
[2020.11.01-22.37.32:441][  0]LogSlate: Took 0.000068 seconds to synchronously load lazily loaded font '../../../Engine/Content/Slate/Fonts/Roboto-Bold.ttf' (160K)
[2020.11.01-22.37.32:444][  0]LogSlate: Took 0.000071 seconds to synchronously load lazily loaded font '../../../Engine/Content/Editor/Slate/Fonts/FontAwesome.ttf' (139K)
[2020.11.01-22.37.32:495][  0]LogRenderer: Reallocating scene render targets to support 1208x580 Format 10 NumSamples 1 (Frame:1).
[2020.11.01-22.37.32:523][  0]LogSlate: Took 0.000075 seconds to synchronously load lazily loaded font '../../../Engine/Content/Slate/Fonts/Roboto-Light.ttf' (167K)
[2020.11.01-22.37.32:553][  0]LogContentBrowser: Native class hierarchy updated for 'HierarchicalLODOutliner' in 0.0002 seconds. Added 0 classes and 0 folders.
[2020.11.01-22.37.32:553][  0]LogLoad: (Engine Initialization) Total time: 4.59 seconds
[2020.11.01-22.37.32:553][  0]LogLoad: (Engine Initialization) Total Blueprint compile time: 0.00 seconds
[2020.11.01-22.37.32:581][  0]LogAssetRegistry: Asset discovery search completed in 2.4303 seconds
[2020.11.01-22.37.32:584][  0]LogCollectionManager: Fixed up redirectors for 0 collections in 0.000002 seconds (updated 0 objects)
[2020.11.01-22.37.32:585][  0]LogContentStreaming: Texture pool size now 1000 MB
[2020.11.01-22.37.33:901][140]LogTemp: Repeating last play command: Selected Viewport
[2020.11.01-22.37.33:911][140]LogPlayLevel: PlayLevel: No blueprints needed recompiling
[2020.11.01-22.37.33:911][140]PIE: New page: PIE session: MapPlay (Nov 1, 2020, 5:37:33 PM)
[2020.11.01-22.37.33:912][140]LogOnline: OSS: Creating online subsystem instance for: NULL
[2020.11.01-22.37.33:912][140]LogOnline: OSS: TryLoadSubsystemAndSetDefault: Loaded subsystem for module [NULL]
[2020.11.01-22.37.33:913][140]LogPlayLevel: Creating play world package: /Game/UEDPIE_0_MapPlay
[2020.11.01-22.37.33:914][140]LogPlayLevel: PIE: StaticDuplicateObject took: (0.001366s)
[2020.11.01-22.37.33:915][140]LogAIModule: Creating AISystem for world MapPlay
[2020.11.01-22.37.33:915][140]LogAISub: UAISubsystem::UAISubsystem EnvQueryManager (0000027BFBEF7E00), frame # 140
[2020.11.01-22.37.33:915][140]LogAISub: UAISubsystem::UAISubsystem AIPerceptionSystem (0000027BE32FD1C0), frame # 140
[2020.11.01-22.37.33:915][140]LogPlayLevel: PIE: World Init took: (0.000811s)
[2020.11.01-22.37.33:915][140]LogPlayLevel: PIE: Created PIE world by copying editor world from /Game/MapPlay.MapPlay to /Game/UEDPIE_0_MapPlay.MapPlay (0.002255s)
[2020.11.01-22.37.33:929][140]LogUObjectHash: Compacting FUObjectHashTables data took   0.42ms
[2020.11.01-22.37.33:931][140]LogAudioMixer: Display: Audio Mixer Platform Settings:
[2020.11.01-22.37.33:931][140]LogAudioMixer: Display: 	Sample Rate:						  48000
[2020.11.01-22.37.33:931][140]LogAudioMixer: Display: 	Callback Buffer Frame Size Requested: 1024
[2020.11.01-22.37.33:931][140]LogAudioMixer: Display: 	Callback Buffer Frame Size To Use:	  1024
[2020.11.01-22.37.33:931][140]LogAudioMixer: Display: 	Number of buffers to queue:			  2
[2020.11.01-22.37.33:931][140]LogAudioMixer: Display: 	Max Channels (voices):				  32
[2020.11.01-22.37.33:931][140]LogAudioMixer: Display: 	Number of Async Source Workers:		  0
[2020.11.01-22.37.33:931][140]LogAudio: Display: AudioDevice MaxSources: 32
[2020.11.01-22.37.33:932][140]LogAudio: Display: Using built-in audio occlusion.
[2020.11.01-22.37.33:932][140]LogAudioMixer: Display: Initializing audio mixer.
[2020.11.01-22.37.33:934][140]LogAudioMixer: Display: 0: FrontLeft
[2020.11.01-22.37.33:934][140]LogAudioMixer: Display: 1: FrontRight
[2020.11.01-22.37.33:944][140]LogAudioMixer: Display: Using Audio Device Alto-falantes (High Definition Audio Device)
[2020.11.01-22.37.33:944][140]LogAudioMixer: Display: Initializing Sound Submixes...
[2020.11.01-22.37.33:944][140]LogAudioMixer: Display: Creating Master Submix 'MasterSubmixDefault'
[2020.11.01-22.37.33:944][140]LogAudioMixer: Display: Creating Master Submix 'MasterReverbSubmixDefault'
[2020.11.01-22.37.33:944][140]LogAudioMixer: Display: Creating Master Submix 'MasterEQSubmixDefault'
[2020.11.01-22.37.33:955][140]LogInit: FAudioDevice initialized.
[2020.11.01-22.37.34:080][140]LogLoad: Game class is 'RunGameMode_C'
[2020.11.01-22.37.34:081][140]LogWorld: Bringing World /Game/UEDPIE_0_MapPlay.MapPlay up for play (max tick rate 0) at 2020.11.01-19.37.34
[2020.11.01-22.37.34:081][140]LogWorld: Bringing up level for play took: 0.000337
[2020.11.01-22.37.34:082][140]LogOnline: OSS: Creating online subsystem instance for: :Context_1
[2020.11.01-22.37.34:084][140]LogContentBrowser: Native class hierarchy updated for 'MovieSceneCapture' in 0.0002 seconds. Added 20 classes and 0 folders.
[2020.11.01-22.37.34:087][140]PIE: Server logged in
[2020.11.01-22.37.34:088][140]PIE: Play in editor total start time 0.177 seconds.
[2020.11.01-22.37.59:491][182]LogSlate: Updating window title bar state: overlay mode, drag disabled, window buttons hidden, title bar hidden
[2020.11.01-22.37.59:491][182]LogWorld: BeginTearingDown for /Game/UEDPIE_0_MapPlay
[2020.11.01-22.37.59:491][182]LogWorld: UWorld::CleanupWorld for MapPlay, bSessionEnded=true, bCleanupResources=true
[2020.11.01-22.37.59:491][182]LogSlate: InvalidateAllWidgets triggered.  All widgets were invalidated
[2020.11.01-22.37.59:500][182]LogPlayLevel: Display: Shutting down PIE online subsystems
[2020.11.01-22.37.59:501][182]LogSlate: InvalidateAllWidgets triggered.  All widgets were invalidated
[2020.11.01-22.37.59:522][182]LogSlate: Updating window title bar state: overlay mode, drag disabled, window buttons hidden, title bar hidden
[2020.11.01-22.37.59:523][182]LogAISub: UAISubsystem::~UAISubsystem AIPerceptionSystem (0000027BE32FD1C0), frame # 3182
[2020.11.01-22.37.59:523][182]LogAISub: UAISubsystem::~UAISubsystem EnvQueryManager (0000027BFBEF7E00), frame # 3182
[2020.11.01-22.37.59:524][182]LogUObjectHash: Compacting FUObjectHashTables data took   0.57ms
[2020.11.01-22.37.59:568][185]LogPlayLevel: Display: Destroying online subsystem :Context_1
[2020.11.01-22.38.52:694][423]LogSlate: Took 0.000085 seconds to synchronously load lazily loaded font '../../../Engine/Content/Slate/Fonts/Roboto-Light.ttf' (167K)
[2020.11.01-22.38.52:746][423]Cmd: OBJ SAVEPACKAGE PACKAGE="/Game/ThirdPersonBP/MapPlay_BuiltData" FILE="../../../../UnrealProjects/Bambu/project/Content/ThirdPersonBP/MapPlay_BuiltData.uasset" SILENT=true
[2020.11.01-22.38.52:754][423]LogSavePackage: Moving '../../../../UnrealProjects/Bambu/project/Saved/MapPlay_BuiltData5D932E0E41B22D96C09B38BB76CA12A9.tmp' to '../../../../UnrealProjects/Bambu/project/Content/ThirdPersonBP/MapPlay_BuiltData.uasset'
[2020.11.01-22.38.52:935][423]Cmd: OBJ SAVEPACKAGE PACKAGE="/Game/MapPlay_BuiltData" FILE="../../../../UnrealProjects/Bambu/project/Content/MapPlay_BuiltData.uasset" SILENT=true
[2020.11.01-22.38.52:939][423]LogSavePackage: Moving '../../../../UnrealProjects/Bambu/project/Saved/MapPlay_BuiltData28F2AEFB450D7DA06D49C3B6169C70B8.tmp' to '../../../../UnrealProjects/Bambu/project/Content/MapPlay_BuiltData.uasset'
[2020.11.01-22.38.52:940][423]Cmd: OBJ SAVEPACKAGE PACKAGE="/Game/ThirdPersonBP/MapPlay" FILE="../../../../UnrealProjects/Bambu/project/Content/ThirdPersonBP/MapPlay.umap" SILENT=true AUTOSAVING=false KEEPDIRTY=false
[2020.11.01-22.38.52:950][423]LogUObjectHash: Compacting FUObjectHashTables data took   0.45ms
[2020.11.01-22.38.52:962][423]LogSavePackage: Moving '../../../../UnrealProjects/Bambu/project/Saved/MapPlayB1BB2D4C4080C3E63D181198A6E0A8D9.tmp' to '../../../../UnrealProjects/Bambu/project/Content/ThirdPersonBP/MapPlay.umap'
[2020.11.01-22.38.53:132][423]LogFileHelpers: Saving map 'MapPlay' took 0.192
[2020.11.01-22.38.53:132][423]Cmd: OBJ SAVEPACKAGE PACKAGE="/Game/MapPlay" FILE="../../../../UnrealProjects/Bambu/project/Content/MapPlay.umap" SILENT=true
[2020.11.01-22.38.53:136][423]LogSavePackage: Moving '../../../../UnrealProjects/Bambu/project/Saved/MapPlayE467F63E456A553E33B16DB2737FCEB9.tmp' to '../../../../UnrealProjects/Bambu/project/Content/MapPlay.umap'
[2020.11.01-22.38.53:690][423]AssetCheck: New page: Asset Save: multiple assets
[2020.11.01-22.38.53:690][423]LogContentValidation: Display: Validating MapBuildDataRegistry /Game/ThirdPersonBP/MapPlay_BuiltData.MapPlay_BuiltData
[2020.11.01-22.38.53:690][423]LogContentValidation: Display: Validating ObjectRedirector /Game/MapPlay_BuiltData.MapPlay_BuiltData
[2020.11.01-22.38.53:690][423]LogContentValidation: Display: Validating World /Game/ThirdPersonBP/MapPlay.MapPlay
[2020.11.01-22.38.53:690][423]LogContentValidation: Display: Validating ObjectRedirector /Game/MapPlay.MapPlay
[2020.11.01-22.38.58:393][925]Cmd: OBJ SAVEPACKAGE PACKAGE="/Game/ThirdPersonBP/Maps/MapPlay_BuiltData" FILE="../../../../UnrealProjects/Bambu/project/Content/ThirdPersonBP/Maps/MapPlay_BuiltData.uasset" SILENT=true
[2020.11.01-22.38.58:401][925]LogSavePackage: Moving '../../../../UnrealProjects/Bambu/project/Saved/MapPlay_BuiltData328C0EC649919A4AB0C0D59636BD8E2C.tmp' to '../../../../UnrealProjects/Bambu/project/Content/ThirdPersonBP/Maps/MapPlay_BuiltData.uasset'
[2020.11.01-22.38.58:558][925]Cmd: OBJ SAVEPACKAGE PACKAGE="/Game/ThirdPersonBP/Maps/MapPlay" FILE="../../../../UnrealProjects/Bambu/project/Content/ThirdPersonBP/Maps/MapPlay.umap" SILENT=true AUTOSAVING=false KEEPDIRTY=false
[2020.11.01-22.38.58:568][925]LogUObjectHash: Compacting FUObjectHashTables data took   0.16ms
[2020.11.01-22.38.58:578][925]LogSavePackage: Moving '../../../../UnrealProjects/Bambu/project/Saved/MapPlay8C3D36D94EED70804099018E13C8682B.tmp' to '../../../../UnrealProjects/Bambu/project/Content/ThirdPersonBP/Maps/MapPlay.umap'
[2020.11.01-22.38.58:736][925]LogFileHelpers: Saving map 'MapPlay' took 0.179
[2020.11.01-22.38.58:737][925]Cmd: OBJ SAVEPACKAGE PACKAGE="/Game/ThirdPersonBP/MapPlay" FILE="../../../../UnrealProjects/Bambu/project/Content/ThirdPersonBP/MapPlay.umap" SILENT=true
[2020.11.01-22.38.58:742][925]LogSavePackage: Moving '../../../../UnrealProjects/Bambu/project/Saved/MapPlayB5D800A2437F2F12CFB8B68F247E82C9.tmp' to '../../../../UnrealProjects/Bambu/project/Content/ThirdPersonBP/MapPlay.umap'
[2020.11.01-22.38.59:004][925]LogUObjectHash: Compacting FUObjectHashTables data took   0.18ms
[2020.11.01-22.38.59:019][925]LogUObjectHash: Compacting FUObjectHashTables data took   0.42ms
[2020.11.01-22.38.59:029][925]LogUObjectHash: Compacting FUObjectHashTables data took   0.16ms
[2020.11.01-22.38.59:119][925]SourceControl: rm 'project/Content/ThirdPersonBP/MapPlay_BuiltData.uasset'
[2020.11.01-22.38.59:194][925]Cmd: OBJ SAVEPACKAGE PACKAGE="/Game/MapPlay_BuiltData" FILE="../../../../UnrealProjects/Bambu/project/Content/MapPlay_BuiltData.uasset" SILENT=true
[2020.11.01-22.38.59:198][925]LogSavePackage: Moving '../../../../UnrealProjects/Bambu/project/Saved/MapPlay_BuiltDataF6BB71CB4982114515EA47833F650056.tmp' to '../../../../UnrealProjects/Bambu/project/Content/MapPlay_BuiltData.uasset'
[2020.11.01-22.38.59:217][925]AssetCheck: New page: Asset Save: multiple assets
[2020.11.01-22.38.59:217][925]LogContentValidation: Display: Validating MapBuildDataRegistry /Game/ThirdPersonBP/Maps/MapPlay_BuiltData.MapPlay_BuiltData
[2020.11.01-22.38.59:217][925]LogContentValidation: Display: Validating World /Game/ThirdPersonBP/Maps/MapPlay.MapPlay
[2020.11.01-22.38.59:217][925]LogContentValidation: Display: Validating ObjectRedirector /Game/ThirdPersonBP/MapPlay.MapPlay
[2020.11.01-22.38.59:217][925]LogContentValidation: Display: Validating ObjectRedirector /Game/MapPlay_BuiltData.MapPlay_BuiltData
[2020.11.01-22.39.00:679][ 91]Cmd: OBJ SAVEPACKAGE PACKAGE="/Game/ThirdPersonBP/Maps/MapPlay" FILE="../../../../UnrealProjects/Bambu/project/Content/ThirdPersonBP/Maps/MapPlay.umap" SILENT=true AUTOSAVING=false KEEPDIRTY=false
[2020.11.01-22.39.00:688][ 91]LogUObjectHash: Compacting FUObjectHashTables data took   0.16ms
[2020.11.01-22.39.00:698][ 91]LogSavePackage: Moving '../../../../UnrealProjects/Bambu/project/Saved/MapPlay4688942540FF7FF75B3858BC40F2CA93.tmp' to '../../../../UnrealProjects/Bambu/project/Content/ThirdPersonBP/Maps/MapPlay.umap'
[2020.11.01-22.39.00:761][ 91]Cmd: OBJ SAVEPACKAGE PACKAGE="/Game/ThirdPersonBP/Maps/MapPlay_BuiltData" FILE="../../../../UnrealProjects/Bambu/project/Content/ThirdPersonBP/Maps/MapPlay_BuiltData.uasset" SILENT=true
[2020.11.01-22.39.00:769][ 91]LogSavePackage: Moving '../../../../UnrealProjects/Bambu/project/Saved/MapPlay_BuiltData50DC4B71453B6F80C736AB8CD26CDC9A.tmp' to '../../../../UnrealProjects/Bambu/project/Content/ThirdPersonBP/Maps/MapPlay_BuiltData.uasset'
[2020.11.01-22.39.00:776][ 91]AssetCheck: New page: Asset Save: multiple assets
[2020.11.01-22.39.00:776][ 91]LogContentValidation: Display: Validating World /Game/ThirdPersonBP/Maps/MapPlay.MapPlay
[2020.11.01-22.39.00:776][ 91]LogContentValidation: Display: Validating MapBuildDataRegistry /Game/ThirdPersonBP/Maps/MapPlay_BuiltData.MapPlay_BuiltData
[2020.11.01-22.39.01:901][219]LogTemp: Repeating last play command: Selected Viewport
[2020.11.01-22.39.01:911][219]LogPlayLevel: PlayLevel: No blueprints needed recompiling
[2020.11.01-22.39.01:911][219]PIE: New page: PIE session: MapPlay (Nov 1, 2020, 5:39:01 PM)
[2020.11.01-22.39.01:911][219]LogPlayLevel: Creating play world package: /Game/ThirdPersonBP/Maps/UEDPIE_0_MapPlay
[2020.11.01-22.39.01:912][219]LogPlayLevel: PIE: StaticDuplicateObject took: (0.001303s)
[2020.11.01-22.39.01:913][219]LogAIModule: Creating AISystem for world MapPlay
[2020.11.01-22.39.01:913][219]LogAISub: UAISubsystem::UAISubsystem EnvQueryManager (0000027BFC584600), frame # 10219
[2020.11.01-22.39.01:913][219]LogAISub: UAISubsystem::UAISubsystem AIPerceptionSystem (0000027BFC635940), frame # 10219
[2020.11.01-22.39.01:913][219]LogPlayLevel: PIE: World Init took: (0.000776s)
[2020.11.01-22.39.01:913][219]LogPlayLevel: PIE: Created PIE world by copying editor world from /Game/ThirdPersonBP/Maps/MapPlay.MapPlay to /Game/ThirdPersonBP/Maps/UEDPIE_0_MapPlay.MapPlay (0.002148s)
[2020.11.01-22.39.01:922][219]LogUObjectHash: Compacting FUObjectHashTables data took   0.46ms
[2020.11.01-22.39.01:922][219]LogAudioMixer: Display: Audio Mixer Platform Settings:
[2020.11.01-22.39.01:922][219]LogAudioMixer: Display: 	Sample Rate:						  48000
[2020.11.01-22.39.01:922][219]LogAudioMixer: Display: 	Callback Buffer Frame Size Requested: 1024
[2020.11.01-22.39.01:922][219]LogAudioMixer: Display: 	Callback Buffer Frame Size To Use:	  1024
[2020.11.01-22.39.01:922][219]LogAudioMixer: Display: 	Number of buffers to queue:			  2
[2020.11.01-22.39.01:922][219]LogAudioMixer: Display: 	Max Channels (voices):				  32
[2020.11.01-22.39.01:922][219]LogAudioMixer: Display: 	Number of Async Source Workers:		  0
[2020.11.01-22.39.01:922][219]LogAudio: Display: AudioDevice MaxSources: 32
[2020.11.01-22.39.01:923][219]LogAudio: Display: Using built-in audio occlusion.
[2020.11.01-22.39.01:923][219]LogAudioMixer: Display: Initializing audio mixer.
[2020.11.01-22.39.01:925][219]LogAudioMixer: Display: 0: FrontLeft
[2020.11.01-22.39.01:925][219]LogAudioMixer: Display: 1: FrontRight
[2020.11.01-22.39.01:935][219]LogAudioMixer: Display: Using Audio Device Alto-falantes (High Definition Audio Device)
[2020.11.01-22.39.01:935][219]LogAudioMixer: Display: Initializing Sound Submixes...
[2020.11.01-22.39.01:935][219]LogAudioMixer: Display: Creating Master Submix 'MasterSubmixDefault'
[2020.11.01-22.39.01:935][219]LogAudioMixer: Display: Creating Master Submix 'MasterReverbSubmixDefault'
[2020.11.01-22.39.01:936][219]LogAudioMixer: Display: Creating Master Submix 'MasterEQSubmixDefault'
[2020.11.01-22.39.01:946][219]LogInit: FAudioDevice initialized.
[2020.11.01-22.39.01:950][219]LogLoad: Game class is 'RunGameMode_C'
[2020.11.01-22.39.01:951][219]LogWorld: Bringing World /Game/ThirdPersonBP/Maps/UEDPIE_0_MapPlay.MapPlay up for play (max tick rate 0) at 2020.11.01-19.39.01
[2020.11.01-22.39.01:952][219]LogWorld: Bringing up level for play took: 0.000293
[2020.11.01-22.39.01:952][219]LogOnline: OSS: Creating online subsystem instance for: :Context_7
[2020.11.01-22.39.01:956][219]PIE: Server logged in
[2020.11.01-22.39.01:956][219]PIE: Play in editor total start time 0.046 seconds.
[2020.11.01-22.39.04:400][508]LogSlate: Updating window title bar state: overlay mode, drag disabled, window buttons hidden, title bar hidden
[2020.11.01-22.39.04:400][508]LogWorld: BeginTearingDown for /Game/ThirdPersonBP/Maps/UEDPIE_0_MapPlay
[2020.11.01-22.39.04:400][508]LogWorld: UWorld::CleanupWorld for MapPlay, bSessionEnded=true, bCleanupResources=true
[2020.11.01-22.39.04:401][508]LogSlate: InvalidateAllWidgets triggered.  All widgets were invalidated
[2020.11.01-22.39.04:411][508]LogPlayLevel: Display: Shutting down PIE online subsystems
[2020.11.01-22.39.04:412][508]LogSlate: InvalidateAllWidgets triggered.  All widgets were invalidated
[2020.11.01-22.39.04:420][508]LogSlate: Updating window title bar state: overlay mode, drag disabled, window buttons hidden, title bar hidden
[2020.11.01-22.39.04:433][508]LogAISub: UAISubsystem::~UAISubsystem AIPerceptionSystem (0000027BFC635940), frame # 10508
[2020.11.01-22.39.04:433][508]LogAISub: UAISubsystem::~UAISubsystem EnvQueryManager (0000027BFC584600), frame # 10508
[2020.11.01-22.39.04:433][508]LogUObjectHash: Compacting FUObjectHashTables data took   0.41ms
[2020.11.01-22.39.04:481][513]LogPlayLevel: Display: Destroying online subsystem :Context_7
[2020.11.01-22.39.06:789][776]Cmd: CAMERA ALIGN ACTIVEVIEWPORTONLY
[2020.11.01-22.39.09:639][117]LogNavigationPoint: PostEditMove Clear paths rebuilt
[2020.11.01-22.39.10:316][193]LogTemp: Repeating last play command: Selected Viewport
[2020.11.01-22.39.10:327][193]LogPlayLevel: PlayLevel: No blueprints needed recompiling
[2020.11.01-22.39.10:327][193]PIE: New page: PIE session: MapPlay (Nov 1, 2020, 5:39:10 PM)
[2020.11.01-22.39.10:327][193]LogPlayLevel: Creating play world package: /Game/ThirdPersonBP/Maps/UEDPIE_0_MapPlay
[2020.11.01-22.39.10:328][193]LogPlayLevel: PIE: StaticDuplicateObject took: (0.001272s)
[2020.11.01-22.39.10:329][193]LogAIModule: Creating AISystem for world MapPlay
[2020.11.01-22.39.10:329][193]LogAISub: UAISubsystem::UAISubsystem EnvQueryManager (0000027B87381600), frame # 11193
[2020.11.01-22.39.10:329][193]LogAISub: UAISubsystem::UAISubsystem AIPerceptionSystem (0000027B874F1A80), frame # 11193
[2020.11.01-22.39.10:329][193]LogPlayLevel: PIE: World Init took: (0.000978s)
[2020.11.01-22.39.10:329][193]LogPlayLevel: PIE: Created PIE world by copying editor world from /Game/ThirdPersonBP/Maps/MapPlay.MapPlay to /Game/ThirdPersonBP/Maps/UEDPIE_0_MapPlay.MapPlay (0.002323s)
[2020.11.01-22.39.10:337][193]LogUObjectHash: Compacting FUObjectHashTables data took   0.43ms
[2020.11.01-22.39.10:338][193]LogAudioMixer: Display: Audio Mixer Platform Settings:
[2020.11.01-22.39.10:338][193]LogAudioMixer: Display: 	Sample Rate:						  48000
[2020.11.01-22.39.10:338][193]LogAudioMixer: Display: 	Callback Buffer Frame Size Requested: 1024
[2020.11.01-22.39.10:338][193]LogAudioMixer: Display: 	Callback Buffer Frame Size To Use:	  1024
[2020.11.01-22.39.10:338][193]LogAudioMixer: Display: 	Number of buffers to queue:			  2
[2020.11.01-22.39.10:338][193]LogAudioMixer: Display: 	Max Channels (voices):				  32
[2020.11.01-22.39.10:338][193]LogAudioMixer: Display: 	Number of Async Source Workers:		  0
[2020.11.01-22.39.10:338][193]LogAudio: Display: AudioDevice MaxSources: 32
[2020.11.01-22.39.10:339][193]LogAudio: Display: Using built-in audio occlusion.
[2020.11.01-22.39.10:339][193]LogAudioMixer: Display: Initializing audio mixer.
[2020.11.01-22.39.10:341][193]LogAudioMixer: Display: 0: FrontLeft
[2020.11.01-22.39.10:341][193]LogAudioMixer: Display: 1: FrontRight
[2020.11.01-22.39.10:351][193]LogAudioMixer: Display: Using Audio Device Alto-falantes (High Definition Audio Device)
[2020.11.01-22.39.10:351][193]LogAudioMixer: Display: Initializing Sound Submixes...
[2020.11.01-22.39.10:351][193]LogAudioMixer: Display: Creating Master Submix 'MasterSubmixDefault'
[2020.11.01-22.39.10:351][193]LogAudioMixer: Display: Creating Master Submix 'MasterReverbSubmixDefault'
[2020.11.01-22.39.10:351][193]LogAudioMixer: Display: Creating Master Submix 'MasterEQSubmixDefault'
[2020.11.01-22.39.10:352][193]LogInit: FAudioDevice initialized.
[2020.11.01-22.39.10:364][193]LogLoad: Game class is 'RunGameMode_C'
[2020.11.01-22.39.10:365][193]LogWorld: Bringing World /Game/ThirdPersonBP/Maps/UEDPIE_0_MapPlay.MapPlay up for play (max tick rate 0) at 2020.11.01-19.39.10
[2020.11.01-22.39.10:366][193]LogWorld: Bringing up level for play took: 0.000273
[2020.11.01-22.39.10:366][193]LogOnline: OSS: Creating online subsystem instance for: :Context_8
[2020.11.01-22.39.10:369][193]PIE: Server logged in
[2020.11.01-22.39.10:370][193]PIE: Play in editor total start time 0.044 seconds.
[2020.11.01-22.39.11:460][319]LogSlate: Updating window title bar state: overlay mode, drag disabled, window buttons hidden, title bar hidden
[2020.11.01-22.39.11:460][319]LogWorld: BeginTearingDown for /Game/ThirdPersonBP/Maps/UEDPIE_0_MapPlay
[2020.11.01-22.39.11:460][319]LogWorld: UWorld::CleanupWorld for MapPlay, bSessionEnded=true, bCleanupResources=true
[2020.11.01-22.39.11:460][319]LogSlate: InvalidateAllWidgets triggered.  All widgets were invalidated
[2020.11.01-22.39.11:466][319]LogPlayLevel: Display: Shutting down PIE online subsystems
[2020.11.01-22.39.11:467][319]LogSlate: InvalidateAllWidgets triggered.  All widgets were invalidated
[2020.11.01-22.39.11:475][319]LogSlate: Updating window title bar state: overlay mode, drag disabled, window buttons hidden, title bar hidden
[2020.11.01-22.39.11:487][319]LogAISub: UAISubsystem::~UAISubsystem AIPerceptionSystem (0000027B874F1A80), frame # 11319
[2020.11.01-22.39.11:487][319]LogAISub: UAISubsystem::~UAISubsystem EnvQueryManager (0000027B87381600), frame # 11319
[2020.11.01-22.39.11:488][319]LogUObjectHash: Compacting FUObjectHashTables data took   0.46ms
[2020.11.01-22.39.11:533][323]LogPlayLevel: Display: Destroying online subsystem :Context_8
[2020.11.01-22.39.14:330][654]Cmd: CAMERA ALIGN ACTIVEVIEWPORTONLY
[2020.11.01-22.39.16:573][922]LogNavigationPoint: PostEditMove Clear paths rebuilt
[2020.11.01-22.39.17:190][995]LogTemp: Repeating last play command: Selected Viewport
[2020.11.01-22.39.17:200][995]LogPlayLevel: PlayLevel: No blueprints needed recompiling
[2020.11.01-22.39.17:200][995]PIE: New page: PIE session: MapPlay (Nov 1, 2020, 5:39:17 PM)
[2020.11.01-22.39.17:200][995]LogPlayLevel: Creating play world package: /Game/ThirdPersonBP/Maps/UEDPIE_0_MapPlay
[2020.11.01-22.39.17:201][995]LogPlayLevel: PIE: StaticDuplicateObject took: (0.001259s)
[2020.11.01-22.39.17:202][995]LogAIModule: Creating AISystem for world MapPlay
[2020.11.01-22.39.17:202][995]LogAISub: UAISubsystem::UAISubsystem EnvQueryManager (0000027BFC09DE00), frame # 11995
[2020.11.01-22.39.17:202][995]LogAISub: UAISubsystem::UAISubsystem AIPerceptionSystem (0000027B874F2AC0), frame # 11995
[2020.11.01-22.39.17:202][995]LogPlayLevel: PIE: World Init took: (0.000725s)
[2020.11.01-22.39.17:202][995]LogPlayLevel: PIE: Created PIE world by copying editor world from /Game/ThirdPersonBP/Maps/MapPlay.MapPlay to /Game/ThirdPersonBP/Maps/UEDPIE_0_MapPlay.MapPlay (0.002051s)
[2020.11.01-22.39.17:210][995]LogUObjectHash: Compacting FUObjectHashTables data took   0.46ms
[2020.11.01-22.39.17:211][995]LogAudioMixer: Display: Audio Mixer Platform Settings:
[2020.11.01-22.39.17:211][995]LogAudioMixer: Display: 	Sample Rate:						  48000
[2020.11.01-22.39.17:211][995]LogAudioMixer: Display: 	Callback Buffer Frame Size Requested: 1024
[2020.11.01-22.39.17:211][995]LogAudioMixer: Display: 	Callback Buffer Frame Size To Use:	  1024
[2020.11.01-22.39.17:211][995]LogAudioMixer: Display: 	Number of buffers to queue:			  2
[2020.11.01-22.39.17:211][995]LogAudioMixer: Display: 	Max Channels (voices):				  32
[2020.11.01-22.39.17:211][995]LogAudioMixer: Display: 	Number of Async Source Workers:		  0
[2020.11.01-22.39.17:211][995]LogAudio: Display: AudioDevice MaxSources: 32
[2020.11.01-22.39.17:212][995]LogAudio: Display: Using built-in audio occlusion.
[2020.11.01-22.39.17:212][995]LogAudioMixer: Display: Initializing audio mixer.
[2020.11.01-22.39.17:214][995]LogAudioMixer: Display: 0: FrontLeft
[2020.11.01-22.39.17:214][995]LogAudioMixer: Display: 1: FrontRight
[2020.11.01-22.39.17:224][995]LogAudioMixer: Display: Using Audio Device Alto-falantes (High Definition Audio Device)
[2020.11.01-22.39.17:224][995]LogAudioMixer: Display: Initializing Sound Submixes...
[2020.11.01-22.39.17:224][995]LogAudioMixer: Display: Creating Master Submix 'MasterSubmixDefault'
[2020.11.01-22.39.17:224][995]LogAudioMixer: Display: Creating Master Submix 'MasterReverbSubmixDefault'
[2020.11.01-22.39.17:224][995]LogAudioMixer: Display: Creating Master Submix 'MasterEQSubmixDefault'
[2020.11.01-22.39.17:235][995]LogInit: FAudioDevice initialized.
[2020.11.01-22.39.17:243][995]LogLoad: Game class is 'RunGameMode_C'
[2020.11.01-22.39.17:244][995]LogWorld: Bringing World /Game/ThirdPersonBP/Maps/UEDPIE_0_MapPlay.MapPlay up for play (max tick rate 0) at 2020.11.01-19.39.17
[2020.11.01-22.39.17:245][995]LogWorld: Bringing up level for play took: 0.000272
[2020.11.01-22.39.17:245][995]LogOnline: OSS: Creating online subsystem instance for: :Context_9
[2020.11.01-22.39.17:248][995]PIE: Server logged in
[2020.11.01-22.39.17:249][995]PIE: Play in editor total start time 0.05 seconds.
[2020.11.01-22.39.30:290][555]LogSlate: Updating window title bar state: overlay mode, drag disabled, window buttons hidden, title bar hidden
[2020.11.01-22.39.30:290][555]LogWorld: BeginTearingDown for /Game/ThirdPersonBP/Maps/UEDPIE_0_MapPlay
[2020.11.01-22.39.30:290][555]LogWorld: UWorld::CleanupWorld for MapPlay, bSessionEnded=true, bCleanupResources=true
[2020.11.01-22.39.30:290][555]LogSlate: InvalidateAllWidgets triggered.  All widgets were invalidated
[2020.11.01-22.39.30:300][555]LogPlayLevel: Display: Shutting down PIE online subsystems
[2020.11.01-22.39.30:301][555]LogSlate: InvalidateAllWidgets triggered.  All widgets were invalidated
[2020.11.01-22.39.30:309][555]LogSlate: Updating window title bar state: overlay mode, drag disabled, window buttons hidden, title bar hidden
[2020.11.01-22.39.30:322][555]LogAISub: UAISubsystem::~UAISubsystem AIPerceptionSystem (0000027B874F2AC0), frame # 13555
[2020.11.01-22.39.30:322][555]LogAISub: UAISubsystem::~UAISubsystem EnvQueryManager (0000027BFC09DE00), frame # 13555
[2020.11.01-22.39.30:323][555]LogUObjectHash: Compacting FUObjectHashTables data took   0.48ms
[2020.11.01-22.39.30:360][557]LogPlayLevel: Display: Destroying online subsystem :Context_9
[2020.11.01-22.39.31:290][665]LogTemp: Repeating last play command: Selected Viewport
[2020.11.01-22.39.31:300][665]LogPlayLevel: PlayLevel: No blueprints needed recompiling
[2020.11.01-22.39.31:300][665]PIE: New page: PIE session: MapPlay (Nov 1, 2020, 5:39:31 PM)
[2020.11.01-22.39.31:330][665]LogPlayLevel: Creating play world package: /Game/ThirdPersonBP/Maps/UEDPIE_0_MapPlay
[2020.11.01-22.39.31:332][665]LogPlayLevel: PIE: StaticDuplicateObject took: (0.001430s)
[2020.11.01-22.39.31:332][665]LogAIModule: Creating AISystem for world MapPlay
[2020.11.01-22.39.31:332][665]LogAISub: UAISubsystem::UAISubsystem EnvQueryManager (0000027C0C1E6600), frame # 13665
[2020.11.01-22.39.31:332][665]LogAISub: UAISubsystem::UAISubsystem AIPerceptionSystem (0000027B874BF4C0), frame # 13665
[2020.11.01-22.39.31:332][665]LogPlayLevel: PIE: World Init took: (0.000717s)
[2020.11.01-22.39.31:332][665]LogPlayLevel: PIE: Created PIE world by copying editor world from /Game/ThirdPersonBP/Maps/MapPlay.MapPlay to /Game/ThirdPersonBP/Maps/UEDPIE_0_MapPlay.MapPlay (0.002251s)
[2020.11.01-22.39.31:341][665]LogUObjectHash: Compacting FUObjectHashTables data took   0.41ms
[2020.11.01-22.39.31:341][665]LogAudioMixer: Display: Audio Mixer Platform Settings:
[2020.11.01-22.39.31:341][665]LogAudioMixer: Display: 	Sample Rate:						  48000
[2020.11.01-22.39.31:341][665]LogAudioMixer: Display: 	Callback Buffer Frame Size Requested: 1024
[2020.11.01-22.39.31:341][665]LogAudioMixer: Display: 	Callback Buffer Frame Size To Use:	  1024
[2020.11.01-22.39.31:341][665]LogAudioMixer: Display: 	Number of buffers to queue:			  2
[2020.11.01-22.39.31:341][665]LogAudioMixer: Display: 	Max Channels (voices):				  32
[2020.11.01-22.39.31:341][665]LogAudioMixer: Display: 	Number of Async Source Workers:		  0
[2020.11.01-22.39.31:341][665]LogAudio: Display: AudioDevice MaxSources: 32
[2020.11.01-22.39.31:342][665]LogAudio: Display: Using built-in audio occlusion.
[2020.11.01-22.39.31:342][665]LogAudioMixer: Display: Initializing audio mixer.
[2020.11.01-22.39.31:344][665]LogAudioMixer: Display: 0: FrontLeft
[2020.11.01-22.39.31:344][665]LogAudioMixer: Display: 1: FrontRight
[2020.11.01-22.39.31:354][665]LogAudioMixer: Display: Using Audio Device Alto-falantes (High Definition Audio Device)
[2020.11.01-22.39.31:354][665]LogAudioMixer: Display: Initializing Sound Submixes...
[2020.11.01-22.39.31:354][665]LogAudioMixer: Display: Creating Master Submix 'MasterSubmixDefault'
[2020.11.01-22.39.31:354][665]LogAudioMixer: Display: Creating Master Submix 'MasterReverbSubmixDefault'
[2020.11.01-22.39.31:354][665]LogAudioMixer: Display: Creating Master Submix 'MasterEQSubmixDefault'
[2020.11.01-22.39.31:365][665]LogInit: FAudioDevice initialized.
[2020.11.01-22.39.31:373][665]LogLoad: Game class is 'RunGameMode_C'
[2020.11.01-22.39.31:374][665]LogWorld: Bringing World /Game/ThirdPersonBP/Maps/UEDPIE_0_MapPlay.MapPlay up for play (max tick rate 0) at 2020.11.01-19.39.31
[2020.11.01-22.39.31:374][665]LogWorld: Bringing up level for play took: 0.000271
[2020.11.01-22.39.31:374][665]LogOnline: OSS: Creating online subsystem instance for: :Context_10
[2020.11.01-22.39.31:378][665]PIE: Server logged in
[2020.11.01-22.39.31:379][665]PIE: Play in editor total start time 0.078 seconds.
[2020.11.01-22.39.34:460][ 29]LogSlate: Updating window title bar state: overlay mode, drag disabled, window buttons hidden, title bar hidden
[2020.11.01-22.39.34:460][ 29]LogWorld: BeginTearingDown for /Game/ThirdPersonBP/Maps/UEDPIE_0_MapPlay
[2020.11.01-22.39.34:460][ 29]LogWorld: UWorld::CleanupWorld for MapPlay, bSessionEnded=true, bCleanupResources=true
[2020.11.01-22.39.34:460][ 29]LogSlate: InvalidateAllWidgets triggered.  All widgets were invalidated
[2020.11.01-22.39.34:464][ 29]LogPlayLevel: Display: Shutting down PIE online subsystems
[2020.11.01-22.39.34:465][ 29]LogSlate: InvalidateAllWidgets triggered.  All widgets were invalidated
[2020.11.01-22.39.34:473][ 29]LogSlate: Updating window title bar state: overlay mode, drag disabled, window buttons hidden, title bar hidden
[2020.11.01-22.39.34:486][ 29]LogAISub: UAISubsystem::~UAISubsystem AIPerceptionSystem (0000027B874BF4C0), frame # 14029
[2020.11.01-22.39.34:486][ 29]LogAISub: UAISubsystem::~UAISubsystem EnvQueryManager (0000027C0C1E6600), frame # 14029
[2020.11.01-22.39.34:487][ 29]LogUObjectHash: Compacting FUObjectHashTables data took   0.47ms
[2020.11.01-22.39.34:528][ 32]LogPlayLevel: Display: Destroying online subsystem :Context_10
[2020.11.01-22.39.46:628][452]Cmd: OBJ SAVEPACKAGE PACKAGE="/Game/ThirdPersonBP/Maps/MapPlay" FILE="../../../../UnrealProjects/Bambu/project/Content/ThirdPersonBP/Maps/MapPlay.umap" SILENT=true AUTOSAVING=false KEEPDIRTY=false
[2020.11.01-22.39.46:637][452]LogUObjectHash: Compacting FUObjectHashTables data took   0.48ms
[2020.11.01-22.39.46:651][452]LogSavePackage: Moving '../../../../UnrealProjects/Bambu/project/Saved/MapPlay964006F54E73F709899B61BF1909F8A7.tmp' to '../../../../UnrealProjects/Bambu/project/Content/ThirdPersonBP/Maps/MapPlay.umap'
[2020.11.01-22.39.46:740][452]Cmd: OBJ SAVEPACKAGE PACKAGE="/Game/ThirdPersonBP/Maps/MapPlay_BuiltData" FILE="../../../../UnrealProjects/Bambu/project/Content/ThirdPersonBP/Maps/MapPlay_BuiltData.uasset" SILENT=true
[2020.11.01-22.39.46:752][452]LogSavePackage: Moving '../../../../UnrealProjects/Bambu/project/Saved/MapPlay_BuiltData19A667834393A85D06224E881DD2B397.tmp' to '../../../../UnrealProjects/Bambu/project/Content/ThirdPersonBP/Maps/MapPlay_BuiltData.uasset'
[2020.11.01-22.39.46:758][452]AssetCheck: New page: Asset Save: multiple assets
[2020.11.01-22.39.46:758][452]LogContentValidation: Display: Validating World /Game/ThirdPersonBP/Maps/MapPlay.MapPlay
[2020.11.01-22.39.46:758][452]LogContentValidation: Display: Validating MapBuildDataRegistry /Game/ThirdPersonBP/Maps/MapPlay_BuiltData.MapPlay_BuiltData
[2020.11.01-22.39.49:997][820]LogAssetEditorSubsystem: Opening Asset editor for Blueprint /Game/ThirdPersonBP/Blueprints/BP_FloorTile.BP_FloorTile
[2020.11.01-22.39.50:171][820]LogContentBrowser: Native class hierarchy updated for 'BlueprintGraph' in 0.0004 seconds. Added 125 classes and 0 folders.
[2020.11.01-22.39.50:834][820]LogSlate: Took 0.000099 seconds to synchronously load lazily loaded font '../../../Engine/Content/Slate/Fonts/Roboto-BoldCondensed.ttf' (158K)
[2020.11.01-22.39.50:859][821]LogSlate: Took 0.000113 seconds to synchronously load lazily loaded font '../../../Engine/Content/Slate/Fonts/Roboto-Italic.ttf' (157K)
[2020.11.01-22.39.51:996][952]LogRenderer: Reallocating scene render targets to support 1208x720 Format 10 NumSamples 1 (Frame:1).
[2020.11.01-22.40.03:459][285]BlueprintLog: New page: Compile BP_FloorTile
[2020.11.01-22.40.03:509][285]LogUObjectHash: Compacting FUObjectHashTables data took   1.46ms
[2020.11.01-22.40.03:545][285]LogSlate: Took 0.000095 seconds to synchronously load lazily loaded font '../../../Engine/Content/Slate/Fonts/DroidSansMono.ttf' (77K)
[2020.11.01-22.40.04:118][343]Cmd: OBJ SAVEPACKAGE PACKAGE="/Game/ThirdPersonBP/Blueprints/BP_FloorTile" FILE="../../../../UnrealProjects/Bambu/project/Content/ThirdPersonBP/Blueprints/BP_FloorTile.uasset" SILENT=true
[2020.11.01-22.40.04:132][343]LogSavePackage: Moving '../../../../UnrealProjects/Bambu/project/Saved/BP_FloorTile2FFAF2CA4733D3E929C612979ACC0D61.tmp' to '../../../../UnrealProjects/Bambu/project/Content/ThirdPersonBP/Blueprints/BP_FloorTile.uasset'
[2020.11.01-22.40.04:145][343]AssetCheck: New page: Asset Save: BP_FloorTile
[2020.11.01-22.40.04:145][343]LogContentValidation: Display: Validating Blueprint /Game/ThirdPersonBP/Blueprints/BP_FloorTile.BP_FloorTile
[2020.11.01-22.40.04:957][431]LogSlate: Window 'BP_FloorTile' being destroyed
[2020.11.01-22.40.04:961][431]LogSlate: Window 'BP_FloorTile' being destroyed
[2020.11.01-22.40.04:989][431]LogWorld: UWorld::CleanupWorld for World_5, bSessionEnded=true, bCleanupResources=true
[2020.11.01-22.40.04:989][431]LogSlate: InvalidateAllWidgets triggered.  All widgets were invalidated
[2020.11.01-22.40.05:849][528]LogTemp: Repeating last play command: Selected Viewport
[2020.11.01-22.40.05:859][528]LogPlayLevel: PlayLevel: No blueprints needed recompiling
[2020.11.01-22.40.05:859][528]PIE: New page: PIE session: MapPlay (Nov 1, 2020, 5:40:05 PM)
[2020.11.01-22.40.05:889][528]LogPlayLevel: Creating play world package: /Game/ThirdPersonBP/Maps/UEDPIE_0_MapPlay
[2020.11.01-22.40.05:891][528]LogPlayLevel: PIE: StaticDuplicateObject took: (0.001363s)
[2020.11.01-22.40.05:891][528]LogAIModule: Creating AISystem for world MapPlay
[2020.11.01-22.40.05:891][528]LogAISub: UAISubsystem::UAISubsystem EnvQueryManager (0000027C1ECA7E00), frame # 17528
[2020.11.01-22.40.05:891][528]LogAISub: UAISubsystem::UAISubsystem AIPerceptionSystem (0000027C2CD08F40), frame # 17528
[2020.11.01-22.40.05:892][528]LogPlayLevel: PIE: World Init took: (0.000717s)
[2020.11.01-22.40.05:892][528]LogPlayLevel: PIE: Created PIE world by copying editor world from /Game/ThirdPersonBP/Maps/MapPlay.MapPlay to /Game/ThirdPersonBP/Maps/UEDPIE_0_MapPlay.MapPlay (0.002182s)
[2020.11.01-22.40.05:907][528]LogUObjectHash: Compacting FUObjectHashTables data took   1.65ms
[2020.11.01-22.40.05:908][528]LogAudioMixer: Display: Audio Mixer Platform Settings:
[2020.11.01-22.40.05:908][528]LogAudioMixer: Display: 	Sample Rate:						  48000
[2020.11.01-22.40.05:908][528]LogAudioMixer: Display: 	Callback Buffer Frame Size Requested: 1024
[2020.11.01-22.40.05:908][528]LogAudioMixer: Display: 	Callback Buffer Frame Size To Use:	  1024
[2020.11.01-22.40.05:908][528]LogAudioMixer: Display: 	Number of buffers to queue:			  2
[2020.11.01-22.40.05:908][528]LogAudioMixer: Display: 	Max Channels (voices):				  32
[2020.11.01-22.40.05:908][528]LogAudioMixer: Display: 	Number of Async Source Workers:		  0
[2020.11.01-22.40.05:908][528]LogAudio: Display: AudioDevice MaxSources: 32
[2020.11.01-22.40.05:908][528]LogAudio: Display: Using built-in audio occlusion.
[2020.11.01-22.40.05:908][528]LogAudioMixer: Display: Initializing audio mixer.
[2020.11.01-22.40.05:911][528]LogAudioMixer: Display: 0: FrontLeft
[2020.11.01-22.40.05:911][528]LogAudioMixer: Display: 1: FrontRight
[2020.11.01-22.40.05:921][528]LogAudioMixer: Display: Using Audio Device Alto-falantes (High Definition Audio Device)
[2020.11.01-22.40.05:921][528]LogAudioMixer: Display: Initializing Sound Submixes...
[2020.11.01-22.40.05:921][528]LogAudioMixer: Display: Creating Master Submix 'MasterSubmixDefault'
[2020.11.01-22.40.05:921][528]LogAudioMixer: Display: Creating Master Submix 'MasterReverbSubmixDefault'
[2020.11.01-22.40.05:921][528]LogAudioMixer: Display: Creating Master Submix 'MasterEQSubmixDefault'
[2020.11.01-22.40.05:931][528]LogInit: FAudioDevice initialized.
[2020.11.01-22.40.05:939][528]LogLoad: Game class is 'RunGameMode_C'
[2020.11.01-22.40.05:940][528]LogWorld: Bringing World /Game/ThirdPersonBP/Maps/UEDPIE_0_MapPlay.MapPlay up for play (max tick rate 0) at 2020.11.01-19.40.05
[2020.11.01-22.40.05:940][528]LogWorld: Bringing up level for play took: 0.000269
[2020.11.01-22.40.05:940][528]LogOnline: OSS: Creating online subsystem instance for: :Context_13
[2020.11.01-22.40.05:944][528]PIE: Server logged in
[2020.11.01-22.40.05:944][528]PIE: Play in editor total start time 0.086 seconds.
[2020.11.01-22.40.22:620][525]LogSlate: Updating window title bar state: overlay mode, drag disabled, window buttons hidden, title bar hidden
[2020.11.01-22.40.22:620][525]LogWorld: BeginTearingDown for /Game/ThirdPersonBP/Maps/UEDPIE_0_MapPlay
[2020.11.01-22.40.22:621][525]LogWorld: UWorld::CleanupWorld for MapPlay, bSessionEnded=true, bCleanupResources=true
[2020.11.01-22.40.22:621][525]LogSlate: InvalidateAllWidgets triggered.  All widgets were invalidated
[2020.11.01-22.40.22:627][525]LogPlayLevel: Display: Shutting down PIE online subsystems
[2020.11.01-22.40.22:629][525]LogSlate: InvalidateAllWidgets triggered.  All widgets were invalidated
[2020.11.01-22.40.22:654][525]LogSlate: Updating window title bar state: overlay mode, drag disabled, window buttons hidden, title bar hidden
[2020.11.01-22.40.22:654][525]LogAISub: UAISubsystem::~UAISubsystem AIPerceptionSystem (0000027C2CD08F40), frame # 19525
[2020.11.01-22.40.22:654][525]LogAISub: UAISubsystem::~UAISubsystem EnvQueryManager (0000027C1ECA7E00), frame # 19525
[2020.11.01-22.40.22:656][525]LogUObjectHash: Compacting FUObjectHashTables data took   1.22ms
[2020.11.01-22.40.22:703][528]LogPlayLevel: Display: Destroying online subsystem :Context_13
[2020.11.01-22.40.23:743][641]Cmd: OBJ SAVEPACKAGE PACKAGE="/Game/ThirdPersonBP/Maps/MapPlay" FILE="../../../../UnrealProjects/Bambu/project/Content/ThirdPersonBP/Maps/MapPlay.umap" SILENT=true AUTOSAVING=false KEEPDIRTY=false
[2020.11.01-22.40.23:758][641]LogUObjectHash: Compacting FUObjectHashTables data took   1.06ms
[2020.11.01-22.40.23:768][641]LogSavePackage: Moving '../../../../UnrealProjects/Bambu/project/Saved/MapPlay3D4A639640D6C1C9871091B27C553BD0.tmp' to '../../../../UnrealProjects/Bambu/project/Content/ThirdPersonBP/Maps/MapPlay.umap'
[2020.11.01-22.40.23:858][641]Cmd: OBJ SAVEPACKAGE PACKAGE="/Game/ThirdPersonBP/Maps/MapPlay_BuiltData" FILE="../../../../UnrealProjects/Bambu/project/Content/ThirdPersonBP/Maps/MapPlay_BuiltData.uasset" SILENT=true
[2020.11.01-22.40.23:866][641]LogSavePackage: Moving '../../../../UnrealProjects/Bambu/project/Saved/MapPlay_BuiltData5739AA594F1991C7AEB48F8CB15E45E1.tmp' to '../../../../UnrealProjects/Bambu/project/Content/ThirdPersonBP/Maps/MapPlay_BuiltData.uasset'
[2020.11.01-22.40.23:873][641]AssetCheck: New page: Asset Save: multiple assets
[2020.11.01-22.40.23:873][641]LogContentValidation: Display: Validating World /Game/ThirdPersonBP/Maps/MapPlay.MapPlay
[2020.11.01-22.40.23:873][641]LogContentValidation: Display: Validating MapBuildDataRegistry /Game/ThirdPersonBP/Maps/MapPlay_BuiltData.MapPlay_BuiltData
